INFO:root:{'hidden_layers': [1, 2, 3, 4], 'attention_layers': [], 'hidden_labels': [1], 'attention_labels': [0, 1], 'start': 0, 'stop': 1726, 'step': 1, 'baseline': True, 'filename': 'attention.pickle', 'folds': [0, 1, 2, 3], 'gather_attention': False}
INFO:root:Seed: 1
INFO:root:Sample 49 / 1726
INFO:root:Sample 99 / 1726
INFO:root:Sample 149 / 1726
INFO:root:Sample 199 / 1726
INFO:root:Sample 249 / 1726
INFO:root:Sample 299 / 1726
INFO:root:Sample 349 / 1726
INFO:root:Sample 399 / 1726
INFO:root:Sample 449 / 1726
INFO:root:Sample 499 / 1726
INFO:root:Sample 549 / 1726
INFO:root:Sample 599 / 1726
INFO:root:Sample 649 / 1726
INFO:root:Sample 699 / 1726
INFO:root:Sample 749 / 1726
INFO:root:Sample 799 / 1726
INFO:root:Sample 849 / 1726
INFO:root:Sample 899 / 1726
INFO:root:Sample 949 / 1726
INFO:root:Sample 999 / 1726
INFO:root:Sample 1049 / 1726
INFO:root:Sample 1099 / 1726
INFO:root:Sample 1149 / 1726
INFO:root:Sample 1199 / 1726
INFO:root:Sample 1249 / 1726
INFO:root:Sample 1299 / 1726
INFO:root:Sample 1349 / 1726
INFO:root:Sample 1399 / 1726
INFO:root:Sample 1449 / 1726
INFO:root:Sample 1499 / 1726
INFO:root:Sample 1549 / 1726
INFO:root:Sample 1599 / 1726
INFO:root:Sample 1649 / 1726
INFO:root:Sample 1699 / 1726
INFO:root:Idiom 7/1710, BLEU=79.904, %=1.000
INFO:root:Idiom 65/1710, BLEU=70.629, %=0.846
INFO:root:Sample 19 / 95
INFO:root:Sample 39 / 95
INFO:root:Sample 59 / 95
INFO:root:Sample 79 / 95
INFO:root:Idiom 82/1710, BLEU=88.035, %=0.095
INFO:root:Idiom 129/1710, BLEU=87.482, %=1.000
INFO:root:Idiom 168/1710, BLEU=86.974, %=0.500
INFO:root:Idiom 188/1710, BLEU=86.938, %=0.000
INFO:root:Sample 19 / 39
INFO:root:Idiom 190/1710, BLEU=85.998, %=0.256
INFO:root:Sample 19 / 25
INFO:root:Idiom 202/1710, BLEU=85.192, %=0.560
INFO:root:Idiom 212/1710, BLEU=85.184, %=1.000
INFO:root:Idiom 237/1710, BLEU=85.242, %=0.000
INFO:root:Idiom 239/1710, BLEU=85.279, %=0.000
INFO:root:Idiom 254/1710, BLEU=85.157, %=0.333
INFO:root:Sample 19 / 60
INFO:root:Sample 39 / 60
INFO:root:Sample 59 / 60
INFO:root:Idiom 266/1710, BLEU=83.302, %=0.817
INFO:root:Sample 19 / 113
INFO:root:Sample 39 / 113
INFO:root:Sample 59 / 113
INFO:root:Sample 79 / 113
INFO:root:Sample 99 / 113
INFO:root:Idiom 270/1710, BLEU=82.473, %=0.080
INFO:root:Idiom 307/1710, BLEU=82.636, %=0.400
INFO:root:Idiom 308/1710, BLEU=82.476, %=0.333
INFO:root:Idiom 338/1710, BLEU=82.423, %=0.286
INFO:root:Sample 19 / 22
INFO:root:Idiom 339/1710, BLEU=82.649, %=0.000
INFO:root:Idiom 349/1710, BLEU=82.673, %=0.000
INFO:root:Idiom 359/1710, BLEU=82.616, %=1.000
INFO:root:Sample 19 / 70
INFO:root:Sample 39 / 70
INFO:root:Sample 59 / 70
INFO:root:Idiom 411/1710, BLEU=82.880, %=0.271
INFO:root:Idiom 428/1710, BLEU=82.885, %=0.455
INFO:root:Idiom 432/1710, BLEU=82.944, %=0.000
INFO:root:Idiom 452/1710, BLEU=82.953, %=0.000
INFO:root:Idiom 488/1710, BLEU=83.012, %=0.286
INFO:root:Idiom 492/1710, BLEU=83.042, %=0.000
INFO:root:Idiom 493/1710, BLEU=82.850, %=0.333
INFO:root:Sample 19 / 89
INFO:root:Sample 39 / 89
INFO:root:Sample 59 / 89
INFO:root:Sample 79 / 89
INFO:root:Idiom 518/1710, BLEU=82.822, %=0.067
INFO:root:Idiom 546/1710, BLEU=82.054, %=0.000
INFO:root:Idiom 559/1710, BLEU=82.032, %=0.500
INFO:root:Idiom 565/1710, BLEU=82.063, %=0.222
INFO:root:Idiom 570/1710, BLEU=82.084, %=0.500
INFO:root:Idiom 604/1710, BLEU=82.061, %=1.000
INFO:root:Idiom 611/1710, BLEU=82.064, %=1.000
INFO:root:Idiom 668/1710, BLEU=82.059, %=1.000
INFO:root:Idiom 679/1710, BLEU=82.023, %=0.200
INFO:root:Idiom 711/1710, BLEU=82.233, %=0.500
INFO:root:Idiom 732/1710, BLEU=82.260, %=0.000
INFO:root:Idiom 745/1710, BLEU=82.149, %=0.400
INFO:root:Idiom 763/1710, BLEU=82.218, %=0.000
INFO:root:Sample 19 / 29
INFO:root:Idiom 786/1710, BLEU=82.348, %=0.241
INFO:root:Idiom 791/1710, BLEU=82.283, %=0.600
INFO:root:Idiom 794/1710, BLEU=82.340, %=0.000
INFO:root:Idiom 810/1710, BLEU=82.362, %=0.500
INFO:root:Sample 19 / 27
INFO:root:Idiom 840/1710, BLEU=82.500, %=0.074
INFO:root:Idiom 878/1710, BLEU=82.518, %=0.000
INFO:root:Idiom 888/1710, BLEU=82.545, %=0.000
INFO:root:Idiom 903/1710, BLEU=82.604, %=0.000
INFO:root:Idiom 952/1710, BLEU=82.619, %=0.000
INFO:root:Idiom 1009/1710, BLEU=82.648, %=0.000
INFO:root:Idiom 1014/1710, BLEU=82.676, %=0.000
INFO:root:Idiom 1049/1710, BLEU=82.689, %=0.200
INFO:root:Sample 19 / 28
INFO:root:Idiom 1057/1710, BLEU=82.365, %=0.357
INFO:root:Idiom 1066/1710, BLEU=82.364, %=1.000
INFO:root:Idiom 1074/1710, BLEU=82.358, %=0.000
INFO:root:Idiom 1075/1710, BLEU=82.379, %=0.000
INFO:root:Idiom 1106/1710, BLEU=82.365, %=1.000
INFO:root:Idiom 1107/1710, BLEU=82.493, %=0.000
INFO:root:Idiom 1111/1710, BLEU=82.484, %=0.667
INFO:root:Idiom 1137/1710, BLEU=82.438, %=0.500
INFO:root:Idiom 1149/1710, BLEU=82.445, %=0.000
INFO:root:Idiom 1155/1710, BLEU=82.437, %=0.000
INFO:root:Idiom 1169/1710, BLEU=82.446, %=1.000
INFO:root:Idiom 1191/1710, BLEU=82.464, %=0.000
INFO:root:Idiom 1222/1710, BLEU=82.489, %=0.400
INFO:root:Idiom 1258/1710, BLEU=82.434, %=1.000
INFO:root:Idiom 1275/1710, BLEU=82.439, %=0.000
INFO:root:Idiom 1313/1710, BLEU=82.635, %=0.000
INFO:root:Idiom 1315/1710, BLEU=82.638, %=1.000
INFO:root:Sample 19 / 64
INFO:root:Sample 39 / 64
INFO:root:Sample 59 / 64
INFO:root:Idiom 1394/1710, BLEU=83.400, %=0.188
INFO:root:Idiom 1477/1710, BLEU=83.357, %=0.000
INFO:root:Idiom 1487/1710, BLEU=83.283, %=0.455
INFO:root:Sample 19 / 114
INFO:root:Sample 39 / 114
INFO:root:Sample 59 / 114
INFO:root:Sample 79 / 114
INFO:root:Sample 99 / 114
INFO:root:Idiom 1493/1710, BLEU=84.331, %=0.026
INFO:root:Idiom 1505/1710, BLEU=84.367, %=0.667
INFO:root:Idiom 1584/1710, BLEU=84.423, %=0.308
INFO:root:Idiom 1590/1710, BLEU=84.435, %=0.000
INFO:root:Idiom 1616/1710, BLEU=84.420, %=0.500
INFO:root:Idiom 1623/1710, BLEU=84.414, %=0.000
INFO:root:Idiom 1651/1710, BLEU=84.418, %=0.000
INFO:root:Idiom 1675/1710, BLEU=84.426, %=0.000
INFO:root:Idiom 1710/1710, BLEU=84.439, %=0.000
INFO:root:Idiom 39/1714, BLEU=80.050, %=0.000
INFO:root:Idiom 76/1714, BLEU=66.516, %=0.500
INFO:root:Idiom 84/1714, BLEU=86.811, %=0.500
INFO:root:Idiom 95/1714, BLEU=88.107, %=0.500
INFO:root:Sample 19 / 106
INFO:root:Sample 39 / 106
INFO:root:Sample 59 / 106
INFO:root:Sample 79 / 106
INFO:root:Sample 99 / 106
INFO:root:Idiom 102/1714, BLEU=91.782, %=0.123
INFO:root:Idiom 127/1714, BLEU=91.747, %=1.000
INFO:root:Idiom 158/1714, BLEU=91.666, %=0.750
INFO:root:Sample 19 / 26
INFO:root:Idiom 206/1714, BLEU=90.871, %=0.000
INFO:root:Idiom 209/1714, BLEU=90.886, %=0.000
INFO:root:Idiom 250/1714, BLEU=90.353, %=0.333
INFO:root:Sample 19 / 47
INFO:root:Sample 39 / 47
INFO:root:Idiom 269/1714, BLEU=87.945, %=0.277
INFO:root:Sample 19 / 153
INFO:root:Sample 39 / 153
INFO:root:Sample 59 / 153
INFO:root:Sample 79 / 153
INFO:root:Sample 99 / 153
INFO:root:Sample 119 / 153
INFO:root:Sample 139 / 153
INFO:root:Idiom 271/1714, BLEU=83.763, %=0.046
INFO:root:Idiom 276/1714, BLEU=83.782, %=0.000
INFO:root:Idiom 301/1714, BLEU=83.748, %=1.000
INFO:root:Idiom 357/1714, BLEU=83.747, %=1.000
INFO:root:Idiom 398/1714, BLEU=83.693, %=0.667
INFO:root:Idiom 459/1714, BLEU=83.694, %=0.333
INFO:root:Sample 19 / 52
INFO:root:Sample 39 / 52
INFO:root:Idiom 496/1714, BLEU=84.108, %=0.077
INFO:root:Idiom 497/1714, BLEU=84.127, %=0.000
INFO:root:Idiom 508/1714, BLEU=84.099, %=0.000
INFO:root:Idiom 521/1714, BLEU=84.105, %=1.000
INFO:root:Idiom 576/1714, BLEU=84.173, %=0.000
INFO:root:Idiom 591/1714, BLEU=84.274, %=0.000
INFO:root:Idiom 592/1714, BLEU=84.266, %=1.000
INFO:root:Idiom 607/1714, BLEU=84.296, %=0.000
INFO:root:Idiom 614/1714, BLEU=84.319, %=0.000
INFO:root:Sample 19 / 20
INFO:root:Idiom 626/1714, BLEU=84.079, %=0.250
INFO:root:Idiom 640/1714, BLEU=84.082, %=0.200
INFO:root:Idiom 667/1714, BLEU=84.081, %=0.000
INFO:root:Sample 19 / 20
INFO:root:Idiom 714/1714, BLEU=83.963, %=0.150
INFO:root:Sample 19 / 59
INFO:root:Sample 39 / 59
INFO:root:Idiom 719/1714, BLEU=84.663, %=0.119
INFO:root:Sample 19 / 31
INFO:root:Idiom 735/1714, BLEU=85.126, %=0.290
INFO:root:Idiom 737/1714, BLEU=85.091, %=0.000
INFO:root:Idiom 753/1714, BLEU=85.084, %=0.000
INFO:root:Idiom 773/1714, BLEU=85.038, %=1.000
INFO:root:Idiom 783/1714, BLEU=85.034, %=1.000
INFO:root:Idiom 813/1714, BLEU=85.152, %=0.000
INFO:root:Idiom 835/1714, BLEU=85.376, %=0.000
INFO:root:Idiom 847/1714, BLEU=85.361, %=1.000
INFO:root:Idiom 885/1714, BLEU=85.292, %=0.667
INFO:root:Sample 19 / 31
INFO:root:Idiom 900/1714, BLEU=85.400, %=0.323
INFO:root:Idiom 919/1714, BLEU=85.372, %=0.286
INFO:root:Idiom 960/1714, BLEU=85.403, %=0.000
INFO:root:Idiom 975/1714, BLEU=85.296, %=0.455
INFO:root:Idiom 989/1714, BLEU=85.252, %=0.000
INFO:root:Idiom 1026/1714, BLEU=85.430, %=0.000
INFO:root:Idiom 1028/1714, BLEU=85.454, %=0.000
INFO:root:Sample 19 / 66
INFO:root:Sample 39 / 66
INFO:root:Sample 59 / 66
INFO:root:Idiom 1031/1714, BLEU=85.460, %=0.182
INFO:root:Idiom 1101/1714, BLEU=85.442, %=0.000
INFO:root:Sample 19 / 20
INFO:root:Idiom 1118/1714, BLEU=85.548, %=0.000
INFO:root:Idiom 1119/1714, BLEU=85.670, %=0.077
INFO:root:Idiom 1124/1714, BLEU=85.660, %=0.333
INFO:root:Idiom 1136/1714, BLEU=85.571, %=0.111
INFO:root:Idiom 1139/1714, BLEU=85.488, %=0.167
INFO:root:Idiom 1180/1714, BLEU=85.848, %=0.067
INFO:root:Idiom 1244/1714, BLEU=85.872, %=0.000
INFO:root:Idiom 1274/1714, BLEU=85.840, %=0.333
INFO:root:Idiom 1279/1714, BLEU=85.831, %=0.000
INFO:root:Idiom 1288/1714, BLEU=85.782, %=0.500
INFO:root:Idiom 1291/1714, BLEU=85.760, %=0.500
INFO:root:Idiom 1302/1714, BLEU=85.689, %=0.500
INFO:root:Idiom 1345/1714, BLEU=85.664, %=0.333
INFO:root:Idiom 1387/1714, BLEU=85.615, %=1.000
INFO:root:Sample 19 / 42
INFO:root:Sample 39 / 42
INFO:root:Idiom 1422/1714, BLEU=85.211, %=0.452
INFO:root:Idiom 1425/1714, BLEU=85.233, %=0.000
INFO:root:Idiom 1440/1714, BLEU=85.234, %=0.000
INFO:root:Idiom 1468/1714, BLEU=85.205, %=1.000
INFO:root:Idiom 1469/1714, BLEU=85.199, %=0.000
INFO:root:Idiom 1472/1714, BLEU=85.225, %=0.182
INFO:root:Idiom 1479/1714, BLEU=85.226, %=0.000
INFO:root:Idiom 1485/1714, BLEU=85.194, %=0.500
INFO:root:Idiom 1502/1714, BLEU=85.204, %=0.333
INFO:root:Idiom 1545/1714, BLEU=85.187, %=0.667
INFO:root:Idiom 1575/1714, BLEU=85.198, %=0.000
INFO:root:Sample 19 / 24
INFO:root:Idiom 1588/1714, BLEU=85.087, %=0.417
INFO:root:Idiom 1619/1714, BLEU=85.062, %=0.000
INFO:root:Idiom 1634/1714, BLEU=85.081, %=0.000
INFO:root:Idiom 1660/1714, BLEU=85.076, %=0.200
INFO:root:Idiom 1661/1714, BLEU=85.069, %=0.250
INFO:root:Idiom 1691/1714, BLEU=85.088, %=0.000
INFO:root:Idiom 1714/1714, BLEU=85.095, %=0.000
INFO:root:Idiom 10/1711, BLEU=85.902, %=0.000
INFO:root:Idiom 37/1711, BLEU=86.088, %=0.167
INFO:root:Idiom 43/1711, BLEU=78.289, %=0.667
INFO:root:Idiom 58/1711, BLEU=84.702, %=0.111
INFO:root:Idiom 64/1711, BLEU=84.360, %=1.000
INFO:root:Idiom 116/1711, BLEU=87.815, %=0.000
INFO:root:Idiom 124/1711, BLEU=88.067, %=1.000
INFO:root:Idiom 144/1711, BLEU=88.133, %=0.000
INFO:root:Idiom 172/1711, BLEU=88.396, %=1.000
INFO:root:Idiom 192/1711, BLEU=88.434, %=0.333
INFO:root:Sample 19 / 47
INFO:root:Sample 39 / 47
INFO:root:Idiom 219/1711, BLEU=84.393, %=0.468
INFO:root:Idiom 221/1711, BLEU=84.329, %=0.200
INFO:root:Idiom 228/1711, BLEU=84.834, %=0.000
INFO:root:Idiom 256/1711, BLEU=84.438, %=0.000
INFO:root:Idiom 297/1711, BLEU=84.497, %=1.000
INFO:root:Idiom 298/1711, BLEU=85.740, %=0.100
INFO:root:Idiom 302/1711, BLEU=86.076, %=0.500
INFO:root:Idiom 306/1711, BLEU=85.553, %=0.750
INFO:root:Idiom 309/1711, BLEU=85.520, %=1.000
INFO:root:Idiom 368/1711, BLEU=85.660, %=0.000
INFO:root:Idiom 388/1711, BLEU=85.484, %=0.000
INFO:root:Idiom 413/1711, BLEU=85.426, %=0.500
INFO:root:Idiom 443/1711, BLEU=85.254, %=1.000
INFO:root:Idiom 456/1711, BLEU=85.298, %=1.000
INFO:root:Idiom 466/1711, BLEU=85.090, %=0.400
INFO:root:Idiom 468/1711, BLEU=85.382, %=0.000
INFO:root:Idiom 489/1711, BLEU=85.341, %=1.000
INFO:root:Idiom 509/1711, BLEU=85.217, %=1.000
INFO:root:Idiom 519/1711, BLEU=83.498, %=0.778
INFO:root:Idiom 531/1711, BLEU=83.479, %=0.000
INFO:root:Idiom 558/1711, BLEU=83.534, %=0.000
INFO:root:Idiom 574/1711, BLEU=81.463, %=1.000
INFO:root:Idiom 587/1711, BLEU=83.203, %=0.000
INFO:root:Idiom 635/1711, BLEU=83.146, %=0.000
INFO:root:Idiom 643/1711, BLEU=83.168, %=0.000
INFO:root:Idiom 676/1711, BLEU=83.016, %=1.000
INFO:root:Idiom 698/1711, BLEU=82.978, %=0.000
INFO:root:Idiom 704/1711, BLEU=82.966, %=0.273
INFO:root:Sample 19 / 71
INFO:root:Sample 39 / 71
INFO:root:Sample 59 / 71
INFO:root:Idiom 708/1711, BLEU=86.052, %=0.000
INFO:root:Idiom 725/1711, BLEU=86.006, %=0.000
INFO:root:Sample 19 / 30
INFO:root:Idiom 736/1711, BLEU=85.524, %=0.933
INFO:root:Idiom 801/1711, BLEU=85.533, %=0.500
INFO:root:Idiom 839/1711, BLEU=85.471, %=0.000
INFO:root:Idiom 863/1711, BLEU=85.493, %=1.000
INFO:root:Idiom 869/1711, BLEU=85.550, %=0.000
INFO:root:Idiom 889/1711, BLEU=85.554, %=1.000
INFO:root:Idiom 895/1711, BLEU=85.474, %=0.562
INFO:root:Idiom 908/1711, BLEU=85.445, %=0.000
INFO:root:Idiom 920/1711, BLEU=85.462, %=0.500
INFO:root:Idiom 973/1711, BLEU=85.484, %=0.000
INFO:root:Sample 19 / 146
INFO:root:Sample 39 / 146
INFO:root:Sample 59 / 146
INFO:root:Sample 79 / 146
INFO:root:Sample 99 / 146
INFO:root:Sample 119 / 146
INFO:root:Sample 139 / 146
INFO:root:Idiom 1112/1711, BLEU=83.532, %=0.384
INFO:root:Idiom 1126/1711, BLEU=83.485, %=1.000
INFO:root:Idiom 1145/1711, BLEU=83.781, %=0.000
INFO:root:Idiom 1162/1711, BLEU=83.939, %=0.000
INFO:root:Idiom 1216/1711, BLEU=83.900, %=0.000
INFO:root:Idiom 1217/1711, BLEU=83.898, %=0.000
INFO:root:Idiom 1248/1711, BLEU=83.923, %=0.000
INFO:root:Idiom 1267/1711, BLEU=83.953, %=1.000
INFO:root:Idiom 1282/1711, BLEU=83.982, %=0.000
INFO:root:Idiom 1286/1711, BLEU=84.000, %=0.200
INFO:root:Idiom 1290/1711, BLEU=84.011, %=0.250
INFO:root:Idiom 1295/1711, BLEU=84.036, %=0.000
INFO:root:Idiom 1323/1711, BLEU=83.939, %=1.000
INFO:root:Sample 19 / 75
INFO:root:Sample 39 / 75
INFO:root:Sample 59 / 75
INFO:root:Idiom 1343/1711, BLEU=84.923, %=0.027
INFO:root:Idiom 1410/1711, BLEU=85.060, %=0.857
INFO:root:Idiom 1412/1711, BLEU=85.070, %=0.000
INFO:root:Idiom 1423/1711, BLEU=85.089, %=0.000
INFO:root:Idiom 1435/1711, BLEU=84.877, %=0.000
INFO:root:Idiom 1451/1711, BLEU=84.859, %=1.000
INFO:root:Idiom 1463/1711, BLEU=84.956, %=0.000
INFO:root:Idiom 1473/1711, BLEU=84.916, %=1.000
INFO:root:Idiom 1501/1711, BLEU=84.875, %=0.000
INFO:root:Idiom 1514/1711, BLEU=84.831, %=0.000
INFO:root:Idiom 1566/1711, BLEU=84.812, %=0.000
INFO:root:Idiom 1572/1711, BLEU=84.785, %=0.000
INFO:root:Idiom 1574/1711, BLEU=84.621, %=0.000
INFO:root:Idiom 1610/1711, BLEU=84.590, %=0.000
INFO:root:Idiom 1647/1711, BLEU=84.614, %=0.000
INFO:root:Idiom 1650/1711, BLEU=84.619, %=0.000
INFO:root:Sample 19 / 21
INFO:root:Idiom 1703/1711, BLEU=84.436, %=0.476
INFO:root:Idiom 1711/1711, BLEU=84.427, %=0.286
INFO:root:Idiom 0/1698, BLEU=91.533, %=0.000
INFO:root:Sample 19 / 96
INFO:root:Sample 39 / 96
INFO:root:Sample 59 / 96
INFO:root:Sample 79 / 96
INFO:root:Idiom 6/1698, BLEU=82.923, %=0.146
INFO:root:Idiom 12/1698, BLEU=83.065, %=0.000
INFO:root:Idiom 26/1698, BLEU=82.923, %=0.500
INFO:root:Idiom 34/1698, BLEU=83.190, %=0.500
INFO:root:Idiom 54/1698, BLEU=83.054, %=0.667
INFO:root:Idiom 80/1698, BLEU=82.792, %=1.000
INFO:root:Idiom 123/1698, BLEU=82.881, %=1.000
INFO:root:Idiom 170/1698, BLEU=82.440, %=0.250
INFO:root:Sample 19 / 118
INFO:root:Sample 39 / 118
INFO:root:Sample 59 / 118
INFO:root:Sample 79 / 118
INFO:root:Sample 99 / 118
INFO:root:Idiom 191/1698, BLEU=82.054, %=0.729
INFO:root:Idiom 194/1698, BLEU=82.041, %=0.500
INFO:root:Idiom 196/1698, BLEU=80.904, %=0.500
INFO:root:Idiom 205/1698, BLEU=80.983, %=0.000
INFO:root:Idiom 222/1698, BLEU=80.925, %=0.667
INFO:root:Idiom 227/1698, BLEU=80.956, %=0.000
INFO:root:Idiom 259/1698, BLEU=80.907, %=0.462
INFO:root:Sample 19 / 52
INFO:root:Sample 39 / 52
INFO:root:Idiom 262/1698, BLEU=81.550, %=0.308
INFO:root:Idiom 268/1698, BLEU=81.587, %=0.333
INFO:root:Idiom 291/1698, BLEU=81.545, %=0.667
INFO:root:Idiom 324/1698, BLEU=81.507, %=1.000
INFO:root:Idiom 343/1698, BLEU=81.675, %=0.091
INFO:root:Idiom 344/1698, BLEU=81.767, %=0.000
INFO:root:Idiom 356/1698, BLEU=81.788, %=0.500
INFO:root:Sample 19 / 20
INFO:root:Idiom 358/1698, BLEU=81.963, %=0.300
INFO:root:Idiom 360/1698, BLEU=81.978, %=0.600
INFO:root:Idiom 415/1698, BLEU=82.105, %=0.250
INFO:root:Idiom 441/1698, BLEU=82.184, %=0.500
INFO:root:Sample 19 / 35
INFO:root:Idiom 474/1698, BLEU=82.441, %=0.057
INFO:root:Idiom 505/1698, BLEU=82.439, %=1.000
INFO:root:Idiom 535/1698, BLEU=82.423, %=1.000
INFO:root:Idiom 540/1698, BLEU=82.343, %=0.667
INFO:root:Idiom 572/1698, BLEU=82.374, %=0.000
INFO:root:Idiom 624/1698, BLEU=82.603, %=0.000
INFO:root:Idiom 672/1698, BLEU=82.590, %=1.000
INFO:root:Idiom 681/1698, BLEU=82.596, %=0.000
INFO:root:Idiom 693/1698, BLEU=82.562, %=1.000
INFO:root:Idiom 718/1698, BLEU=82.552, %=0.000
INFO:root:Idiom 729/1698, BLEU=82.485, %=1.000
INFO:root:Idiom 734/1698, BLEU=82.450, %=0.000
INFO:root:Sample 19 / 170
INFO:root:Sample 39 / 170
INFO:root:Sample 59 / 170
INFO:root:Sample 79 / 170
INFO:root:Sample 99 / 170
INFO:root:Sample 119 / 170
INFO:root:Sample 139 / 170
INFO:root:Sample 159 / 170
INFO:root:Idiom 739/1698, BLEU=82.310, %=0.041
INFO:root:Sample 19 / 103
INFO:root:Sample 39 / 103
INFO:root:Sample 59 / 103
INFO:root:Sample 79 / 103
INFO:root:Sample 99 / 103
INFO:root:Idiom 751/1698, BLEU=82.481, %=0.107
INFO:root:Idiom 781/1698, BLEU=82.490, %=0.000
INFO:root:Idiom 825/1698, BLEU=82.495, %=0.500
INFO:root:Idiom 841/1698, BLEU=82.600, %=0.071
INFO:root:Idiom 873/1698, BLEU=82.589, %=1.000
INFO:root:Idiom 917/1698, BLEU=82.564, %=0.400
INFO:root:Idiom 922/1698, BLEU=82.577, %=0.000
INFO:root:Idiom 981/1698, BLEU=82.536, %=0.700
INFO:root:Idiom 1004/1698, BLEU=82.532, %=1.000
INFO:root:Sample 19 / 63
INFO:root:Sample 39 / 63
INFO:root:Sample 59 / 63
INFO:root:Idiom 1011/1698, BLEU=82.311, %=0.508
INFO:root:Idiom 1016/1698, BLEU=82.331, %=1.000
INFO:root:Idiom 1022/1698, BLEU=82.291, %=0.750
INFO:root:Idiom 1039/1698, BLEU=82.281, %=0.000
INFO:root:Idiom 1046/1698, BLEU=82.276, %=0.667
INFO:root:Idiom 1054/1698, BLEU=82.288, %=0.000
INFO:root:Idiom 1056/1698, BLEU=82.299, %=0.500
INFO:root:Idiom 1059/1698, BLEU=82.294, %=1.000
INFO:root:Idiom 1064/1698, BLEU=82.288, %=1.000
INFO:root:Idiom 1114/1698, BLEU=82.275, %=1.000
INFO:root:Idiom 1164/1698, BLEU=82.284, %=0.000
INFO:root:Idiom 1178/1698, BLEU=82.323, %=0.000
INFO:root:Idiom 1179/1698, BLEU=82.334, %=0.000
INFO:root:Idiom 1187/1698, BLEU=82.216, %=1.000
INFO:root:Idiom 1209/1698, BLEU=82.202, %=0.000
INFO:root:Idiom 1289/1698, BLEU=82.231, %=0.000
INFO:root:Idiom 1321/1698, BLEU=82.232, %=0.000
INFO:root:Idiom 1335/1698, BLEU=82.258, %=0.000
INFO:root:Idiom 1366/1698, BLEU=82.272, %=0.500
INFO:root:Idiom 1376/1698, BLEU=82.299, %=0.000
INFO:root:Idiom 1378/1698, BLEU=82.283, %=0.750
INFO:root:Idiom 1488/1698, BLEU=82.282, %=1.000
INFO:root:Idiom 1489/1698, BLEU=82.331, %=0.167
INFO:root:Idiom 1504/1698, BLEU=82.297, %=0.545
INFO:root:Idiom 1515/1698, BLEU=82.313, %=0.000
INFO:root:Idiom 1538/1698, BLEU=82.340, %=0.000
INFO:root:Idiom 1583/1698, BLEU=82.362, %=0.000
INFO:root:Idiom 1605/1698, BLEU=82.388, %=0.000
INFO:root:Idiom 1620/1698, BLEU=82.381, %=0.429
INFO:root:Idiom 1630/1698, BLEU=82.490, %=0.111
INFO:root:Idiom 1654/1698, BLEU=82.431, %=0.500
INFO:root:Idiom 1698/1698, BLEU=82.430, %=0.500
INFO:root:BLEU = 84.098, % idioms = 0.339597600928884
{'act of god': 1.0, 'at your fingertips': 0.8461538461538461, 'bear in mind': 0.09473684210526312, 'blaze a trail': 1.0, 'bring someone to book': 0.5, 'by a long shot': 0.0, 'by dint of': 0.2564102564102564, 'call it a day': 0.56, 'carry the day': 1.0, 'claim to fame': 0.0, 'clean house': 0.0, 'cold feet': 0.33333333333333337, 'come to a head': 0.8166666666666667, 'come to mind': 0.07964601769911506, 'cut both ways': 0.4, 'cut corners': 0.33333333333333337, 'do a runner': 0.2857142857142857, 'do me a favour': 0.0, "don't hold your breath": 0.0, 'down the hatch': 1.0, 'face to face': 0.27142857142857146, 'feel the pinch': 0.4545454545454546, 'fight tooth and nail': 0.0, 'fly off the handle': 0.0, 'full tilt': 0.2857142857142857, 'gather dust': 0.0, 'get a grip': 0.33333333333333337, 'get to grips with': 0.0674157303370787, 'go bananas': 0.0, 'go halves': 0.5, 'go places': 0.2222222222222222, 'go the distance': 0.5, 'hammer and tongs': 1.0, 'hard as nails': 1.0, 'hit the sack': 1.0, 'hold your horses': 0.19999999999999996, 'in light of': 0.5, 'in the driving seat': 0.0, 'in the pipeline': 0.4, 'in your sights': 0.0, 'keep a low profile': 0.24137931034482762, 'keep someone in the dark': 0.6, 'keep the peace': 0.0, 'kick ass': 0.5, 'laughing stock': 0.07407407407407407, 'live wire': 0.0, 'lose face': 0.0, 'make a pitch': 0.0, 'muddy the waters': 0.0, 'off the beaten track': 0.0, 'off the shelf': 0.0, 'on the hop': 0.19999999999999996, 'on the mend': 0.3571428571428571, 'on the same page': 1.0, 'on the take': 0.0, 'on the trot': 0.0, 'out of sight, out of mind': 1.0, 'out of sorts': 0.0, 'out of the picture': 0.6666666666666667, 'pass the buck': 0.5, 'pick up the pieces': 0.0, 'piss and vinegar': 0.0, 'play hookey': 1.0, 'press the flesh': 0.0, 'put someone in mind of': 0.4, 'read between the lines': 1.0, 'ring off the hook': 0.0, 'save face': 0.0, "save someone's skin": 1.0, 'small print': 0.1875, 'take a leak': 0.0, 'take root': 0.4545454545454546, 'take stock': 0.02631578947368418, 'take the plunge': 0.6666666666666667, 'to the hilt': 0.3076923076923077, 'tongue in cheek': 0.0, 'turn tail': 0.5, 'turn up trumps': 0.0, 'up sticks': 0.0, 'warts and all': 0.0, 'within living memory': 0.0, 'around the clock': 0.0, 'basket case': 0.5, 'beat about the bush': 0.5, 'beg the question': 0.5, 'behind the scenes': 0.12264150943396224, 'bits and bobs': 1.0, 'break new ground': 0.75, 'call the shots': 0.0, 'carrot and stick': 0.0, 'cock a snook': 0.33333333333333337, 'come to grips with': 0.276595744680851, 'come to terms with': 0.04575163398692805, 'come up trumps': 0.0, 'curry favour': 1.0, 'down in the mouth': 1.0, 'err on the side of': 0.6666666666666667, 'food for thought': 0.33333333333333337, 'get a move on': 0.07692307692307687, 'get a rise out of': 0.0, "get on someone's wick": 0.0, "get up someone's nose": 1.0, 'go to seed': 0.0, 'grasp the nettle': 0.0, "grease someone's palm": 1.0, 'hands down': 0.0, 'have a ball': 0.0, 'have it both ways': 0.25, 'head over heels': 0.19999999999999996, 'hit the road': 0.0, 'in no uncertain terms': 0.15000000000000002, 'in tandem': 0.11864406779661019, 'in the final analysis': 0.29032258064516125, 'in the hole': 0.0, 'in the sticks': 0.0, 'jockey for position': 1.0, 'jump to conclusions': 1.0, 'kick the habit': 0.0, 'lame duck': 0.0, 'leave no stone unturned': 1.0, 'look on the bright side': 0.6666666666666667, 'make a move': 0.32258064516129037, 'make the cut': 0.2857142857142857, 'neck of the woods': 0.0, 'no laughing matter': 0.4545454545454546, 'not give a fig': 0.0, 'on board': 0.0, 'on edge': 0.0, "on someone's mind": 0.18181818181818177, 'out of kilter': 0.0, 'out of your mind': 0.0, 'out on a limb': 0.07692307692307687, 'over the moon': 0.33333333333333337, 'pass muster': 0.11111111111111116, 'pay the piper': 0.16666666666666663, 'point the finger': 0.06666666666666665, 'quick as a flash': 0.0, 'ring a bell': 0.33333333333333337, 'rise to the occasion': 0.0, 'rough edges': 0.5, 'rub shoulders': 0.5, 'run out of steam': 0.5, 'set your sights on': 0.33333333333333337, 'slip of the tongue': 1.0, 'spring to mind': 0.45238095238095233, 'stake a claim': 0.0, 'stick in your craw': 0.0, 'swings and roundabouts': 1.0, 'take a back seat': 0.0, 'take a dim view of': 0.18181818181818177, 'take a shine to': 0.0, 'take liberties': 0.5, 'take the liberty': 0.33333333333333337, "there's the rub": 0.6666666666666667, 'to a nicety': 0.0, 'to the tune of': 0.41666666666666663, 'turn the screw': 0.0, 'under the microscope': 0.0, 'up to speed': 0.19999999999999996, 'up to the hilt': 0.25, 'when push comes to shove': 0.0, 'work to rule': 0.0, 'against the grain': 0.0, 'argue the toss': 0.16666666666666663, 'as luck would have it': 0.6666666666666667, 'at loggerheads': 0.11111111111111116, 'at the end of the day': 1.0, 'beyond the pale': 0.0, 'bite the dust': 1.0, 'body blow': 0.0, 'brownie point': 1.0, 'by hook or by crook': 0.33333333333333337, "catch someone's eye": 0.46808510638297873, 'champ at the bit': 0.19999999999999996, 'cheek by jowl': 0.0, 'come a cropper': 0.0, 'cry wolf': 1.0, 'crystal clear': 0.09999999999999998, 'cut a dash': 0.5, 'cut and thrust': 0.75, 'cut from the same cloth': 1.0, 'draw the short straw': 0.0, 'easy as pie': 0.0, 'fair game': 0.5, 'fit the bill': 1.0, "follow in someone's footsteps": 1.0, 'for keeps': 0.4, 'for the hell of it': 0.0, 'full whack': 1.0, "get someone's back up": 1.0, 'get to the bottom of': 0.7777777777777778, 'give it a whirl': 0.0, 'go great guns': 0.0, 'go through the motions': 1.0, 'good offices': 0.0, 'have the hots for': 0.0, 'hear things': 0.0, 'hold the purse strings': 1.0, 'in a rut': 0.0, 'in cahoots': 0.2727272727272727, 'in full swing': 0.0, 'in the buff': 0.0, 'in the flesh': 0.9333333333333333, 'keep your fingers crossed': 0.5, 'laugh like a drain': 0.0, 'lie through your teeth': 1.0, 'like clockwork': 0.0, 'lose heart': 1.0, 'make a go of': 0.5625, 'make hay': 0.0, 'make the grade': 0.5, 'no great shakes': 0.0, 'out of the question': 0.3835616438356164, 'over your head': 1.0, 'perish the thought': 0.0, 'play ball': 0.0, 'put a damper on': 0.0, 'put a foot wrong': 0.0, 'rain cats and dogs': 0.0, 'ride herd on': 1.0, 'rock the boat': 0.0, 'rough and tumble': 0.19999999999999996, 'round the clock': 0.25, 'rule of thumb': 0.0, 'seal of approval': 1.0, 'set eyes on': 0.026666666666666616, 'speak your mind': 0.8571428571428572, 'spill the beans': 0.0, 'square the circle': 0.0, "steal someone's thunder": 0.0, 'streets ahead': 1.0, 'sweet nothings': 0.0, 'take a dive': 1.0, 'take the gilt off the gingerbread': 0.0, 'talk shop': 0.0, 'thumb your nose at': 0.0, 'tip the scales': 0.0, 'tit for tat': 0.0, 'turn a blind eye': 0.0, 'up for grabs': 0.0, 'up shit creek': 0.0, 'with a view to': 0.47619047619047616, 'without fail': 0.2857142857142857, "a hair's breadth": 0.0, 'across the board': 0.14583333333333337, 'ahead of the game': 0.0, 'all things being equal': 0.5, "anyone's guess": 0.5, 'at cross purposes': 0.6666666666666667, 'be my guest': 1.0, 'bite the bullet': 1.0, 'bring up the rear': 0.25, 'by heart': 0.728813559322034, 'by no stretch of the imagination': 0.5, 'by the book': 0.5, "call someone's bluff": 0.0, 'change hands': 0.6666666666666667, 'chase your tail': 0.0, 'come full circle': 0.46153846153846156, 'come of age': 0.3076923076923077, 'come to grief': 0.33333333333333337, 'cross my heart': 0.6666666666666667, 'dead meat': 1.0, 'do the right thing': 0.09090909090909094, 'do the trick': 0.0, 'down in the dumps': 0.5, 'down the drain': 0.30000000000000004, 'down the road': 0.6, 'fall by the wayside': 0.25, 'fit as a fiddle': 0.5, 'free rein': 0.05714285714285716, 'get off the ground': 1.0, 'give someone grief': 1.0, 'give someone the slip': 0.6666666666666667, 'go the whole hog': 0.0, 'have an eye for': 0.0, 'hold court': 1.0, 'hold your tongue': 0.0, "how's tricks?": 1.0, 'in stitches': 0.0, 'in the dock': 1.0, 'in the fast lane': 0.0, 'in the long run': 0.04117647058823526, 'in the short run': 0.10679611650485432, 'jump the track': 0.0, 'kiss ass': 0.5, 'lay a finger on': 0.0714285714285714, 'live a lie': 1.0, 'make short work of': 0.4, 'make waves': 0.0, 'no strings attached': 0.7, 'nutty as a fruitcake': 1.0, 'off the hook': 0.5079365079365079, 'off the wall': 1.0, 'on a roll': 0.75, 'on the cards': 0.0, 'on the fly': 0.6666666666666667, 'on the lam': 0.0, 'on the make': 0.5, 'on the nod': 1.0, 'on the ropes': 1.0, 'out of the woods': 1.0, 'play for keeps': 0.0, 'pleased as punch': 0.0, 'poacher turned gamekeeper': 0.0, 'power behind the throne': 1.0, 'pump iron': 0.0, 'round the bend': 0.0, 'scratch the surface': 0.0, 'seize the day': 0.0, 'sick to death': 0.5, 'sitting duck': 0.0, 'six feet under': 0.75, 'take someone for a ride': 1.0, 'take someone to task': 0.16666666666666663, 'take the piss': 0.5454545454545454, 'talk the talk': 0.0, 'the plot thickens': 0.0, 'to the bone': 0.0, 'tread the boards': 0.0, 'turn the tables': 0.4285714285714286, 'under fire': 0.11111111111111116, 'up the spout': 0.5, 'win the day': 0.5}
