INFO:root:Seed: 1
INFO:root:Sample 49 / 1726
INFO:root:Sample 99 / 1726
INFO:root:Sample 149 / 1726
INFO:root:Sample 199 / 1726
INFO:root:Sample 249 / 1726
INFO:root:Sample 299 / 1726
INFO:root:Sample 349 / 1726
INFO:root:Sample 399 / 1726
INFO:root:Sample 449 / 1726
INFO:root:Sample 499 / 1726
INFO:root:Sample 549 / 1726
INFO:root:Sample 599 / 1726
INFO:root:Sample 649 / 1726
INFO:root:Sample 699 / 1726
INFO:root:Sample 749 / 1726
INFO:root:Sample 799 / 1726
INFO:root:Sample 849 / 1726
INFO:root:Sample 899 / 1726
INFO:root:Sample 949 / 1726
INFO:root:Sample 999 / 1726
INFO:root:Sample 1049 / 1726
INFO:root:Sample 1099 / 1726
INFO:root:Sample 1149 / 1726
INFO:root:Sample 1199 / 1726
INFO:root:Sample 1249 / 1726
INFO:root:Sample 1299 / 1726
INFO:root:Sample 1349 / 1726
INFO:root:Sample 1399 / 1726
INFO:root:Sample 1449 / 1726
INFO:root:Sample 1499 / 1726
INFO:root:Sample 1549 / 1726
INFO:root:Sample 1599 / 1726
INFO:root:Sample 1649 / 1726
INFO:root:Sample 1699 / 1726
INFO:root:Idiom 7/1710, BLEU=65.420, %=1.000
INFO:root:Idiom 65/1710, BLEU=72.867, %=0.923
INFO:root:Sample 19 / 95
INFO:root:Sample 39 / 95
INFO:root:Sample 59 / 95
INFO:root:Sample 79 / 95
INFO:root:Idiom 82/1710, BLEU=78.512, %=0.200
INFO:root:Idiom 129/1710, BLEU=78.037, %=1.000
INFO:root:Idiom 168/1710, BLEU=77.822, %=1.000
INFO:root:Idiom 188/1710, BLEU=77.871, %=0.000
INFO:root:Sample 19 / 39
INFO:root:Idiom 190/1710, BLEU=78.675, %=0.359
INFO:root:Sample 19 / 25
INFO:root:Idiom 202/1710, BLEU=77.428, %=0.960
INFO:root:Idiom 212/1710, BLEU=77.397, %=1.000
INFO:root:Idiom 237/1710, BLEU=77.484, %=0.000
INFO:root:Idiom 239/1710, BLEU=77.460, %=1.000
INFO:root:Idiom 254/1710, BLEU=77.581, %=0.333
INFO:root:Sample 19 / 60
INFO:root:Sample 39 / 60
INFO:root:Sample 59 / 60
INFO:root:Idiom 266/1710, BLEU=77.767, %=0.533
INFO:root:Sample 19 / 113
INFO:root:Sample 39 / 113
INFO:root:Sample 59 / 113
INFO:root:Sample 79 / 113
INFO:root:Sample 99 / 113
INFO:root:Idiom 270/1710, BLEU=78.469, %=0.150
INFO:root:Idiom 307/1710, BLEU=78.505, %=0.800
INFO:root:Idiom 308/1710, BLEU=78.401, %=0.333
INFO:root:Idiom 338/1710, BLEU=78.259, %=0.643
INFO:root:Sample 19 / 22
INFO:root:Idiom 339/1710, BLEU=78.393, %=0.091
INFO:root:Idiom 349/1710, BLEU=78.341, %=1.000
INFO:root:Idiom 359/1710, BLEU=78.290, %=1.000
INFO:root:Sample 19 / 70
INFO:root:Sample 39 / 70
INFO:root:Sample 59 / 70
INFO:root:Idiom 411/1710, BLEU=78.501, %=0.229
INFO:root:Idiom 428/1710, BLEU=78.599, %=0.455
INFO:root:Idiom 432/1710, BLEU=78.599, %=0.500
INFO:root:Idiom 452/1710, BLEU=78.584, %=0.000
INFO:root:Idiom 488/1710, BLEU=78.614, %=0.143
INFO:root:Idiom 492/1710, BLEU=78.587, %=0.000
INFO:root:Idiom 493/1710, BLEU=78.434, %=0.333
INFO:root:Sample 19 / 89
INFO:root:Sample 39 / 89
INFO:root:Sample 59 / 89
INFO:root:Sample 79 / 89
INFO:root:Idiom 518/1710, BLEU=78.260, %=0.371
INFO:root:Idiom 546/1710, BLEU=77.495, %=0.071
INFO:root:Idiom 559/1710, BLEU=77.482, %=0.500
INFO:root:Idiom 565/1710, BLEU=77.502, %=0.222
INFO:root:Idiom 570/1710, BLEU=77.533, %=0.500
INFO:root:Idiom 604/1710, BLEU=77.533, %=0.000
INFO:root:Idiom 611/1710, BLEU=77.532, %=1.000
INFO:root:Idiom 668/1710, BLEU=77.526, %=1.000
INFO:root:Idiom 679/1710, BLEU=77.525, %=0.400
INFO:root:Idiom 711/1710, BLEU=77.546, %=0.750
INFO:root:Idiom 732/1710, BLEU=77.433, %=0.000
INFO:root:Idiom 745/1710, BLEU=77.332, %=0.600
INFO:root:Idiom 763/1710, BLEU=77.270, %=0.000
INFO:root:Sample 19 / 29
INFO:root:Idiom 786/1710, BLEU=77.148, %=0.828
INFO:root:Idiom 791/1710, BLEU=77.181, %=1.000
INFO:root:Idiom 794/1710, BLEU=77.170, %=0.500
INFO:root:Idiom 810/1710, BLEU=77.211, %=0.500
INFO:root:Sample 19 / 27
INFO:root:Idiom 840/1710, BLEU=77.521, %=0.074
INFO:root:Idiom 878/1710, BLEU=77.544, %=0.000
INFO:root:Idiom 888/1710, BLEU=77.537, %=0.000
INFO:root:Idiom 903/1710, BLEU=77.587, %=0.000
INFO:root:Idiom 952/1710, BLEU=77.484, %=1.000
INFO:root:Idiom 1009/1710, BLEU=77.361, %=1.000
INFO:root:Idiom 1014/1710, BLEU=77.389, %=0.000
INFO:root:Idiom 1049/1710, BLEU=77.375, %=0.000
INFO:root:Sample 19 / 28
INFO:root:Idiom 1057/1710, BLEU=77.265, %=0.393
INFO:root:Idiom 1066/1710, BLEU=77.269, %=1.000
INFO:root:Idiom 1074/1710, BLEU=77.218, %=0.750
INFO:root:Idiom 1075/1710, BLEU=77.233, %=0.000
INFO:root:Idiom 1106/1710, BLEU=77.233, %=1.000
INFO:root:Idiom 1107/1710, BLEU=77.340, %=0.111
INFO:root:Idiom 1111/1710, BLEU=77.321, %=0.667
INFO:root:Idiom 1137/1710, BLEU=77.302, %=0.500
INFO:root:Idiom 1149/1710, BLEU=77.311, %=0.000
INFO:root:Idiom 1155/1710, BLEU=77.310, %=0.000
INFO:root:Idiom 1169/1710, BLEU=77.296, %=1.000
INFO:root:Idiom 1191/1710, BLEU=77.264, %=1.000
INFO:root:Idiom 1222/1710, BLEU=77.368, %=0.000
INFO:root:Idiom 1258/1710, BLEU=77.314, %=1.000
INFO:root:Idiom 1275/1710, BLEU=77.349, %=0.000
INFO:root:Idiom 1313/1710, BLEU=77.562, %=0.000
INFO:root:Idiom 1315/1710, BLEU=77.574, %=1.000
INFO:root:Sample 19 / 64
INFO:root:Sample 39 / 64
INFO:root:Sample 59 / 64
INFO:root:Idiom 1394/1710, BLEU=78.232, %=0.125
INFO:root:Idiom 1477/1710, BLEU=78.216, %=0.000
INFO:root:Idiom 1487/1710, BLEU=78.227, %=0.545
INFO:root:Sample 19 / 114
INFO:root:Sample 39 / 114
INFO:root:Sample 59 / 114
INFO:root:Sample 79 / 114
INFO:root:Sample 99 / 114
INFO:root:Idiom 1493/1710, BLEU=78.929, %=0.070
INFO:root:Idiom 1505/1710, BLEU=78.901, %=0.667
INFO:root:Idiom 1584/1710, BLEU=78.915, %=0.462
INFO:root:Idiom 1590/1710, BLEU=78.924, %=0.000
INFO:root:Idiom 1616/1710, BLEU=78.920, %=0.000
INFO:root:Idiom 1623/1710, BLEU=78.920, %=0.000
INFO:root:Idiom 1651/1710, BLEU=78.933, %=0.000
INFO:root:Idiom 1675/1710, BLEU=78.943, %=0.000
INFO:root:Idiom 1710/1710, BLEU=78.960, %=0.000
INFO:root:Idiom 39/1714, BLEU=80.050, %=0.000
INFO:root:Idiom 76/1714, BLEU=64.848, %=1.000
INFO:root:Idiom 84/1714, BLEU=28.039, %=0.500
INFO:root:Idiom 95/1714, BLEU=37.737, %=0.000
INFO:root:Sample 19 / 106
INFO:root:Sample 39 / 106
INFO:root:Sample 59 / 106
INFO:root:Sample 79 / 106
INFO:root:Sample 99 / 106
INFO:root:Idiom 102/1714, BLEU=83.529, %=0.057
INFO:root:Idiom 127/1714, BLEU=83.604, %=0.000
INFO:root:Idiom 158/1714, BLEU=84.008, %=0.500
INFO:root:Sample 19 / 26
INFO:root:Idiom 206/1714, BLEU=82.765, %=0.000
INFO:root:Idiom 209/1714, BLEU=82.713, %=0.000
INFO:root:Idiom 250/1714, BLEU=82.231, %=0.333
INFO:root:Sample 19 / 47
INFO:root:Sample 39 / 47
INFO:root:Idiom 269/1714, BLEU=80.399, %=0.149
INFO:root:Sample 19 / 153
INFO:root:Sample 39 / 153
INFO:root:Sample 59 / 153
INFO:root:Sample 79 / 153
INFO:root:Sample 99 / 153
INFO:root:Sample 119 / 153
INFO:root:Sample 139 / 153
INFO:root:Idiom 271/1714, BLEU=77.565, %=0.013
INFO:root:Idiom 276/1714, BLEU=77.590, %=0.000
INFO:root:Idiom 301/1714, BLEU=77.546, %=1.000
INFO:root:Idiom 357/1714, BLEU=77.538, %=1.000
INFO:root:Idiom 398/1714, BLEU=77.327, %=0.667
INFO:root:Idiom 459/1714, BLEU=77.435, %=0.167
INFO:root:Sample 19 / 52
INFO:root:Sample 39 / 52
INFO:root:Idiom 496/1714, BLEU=77.772, %=0.135
INFO:root:Idiom 497/1714, BLEU=77.797, %=0.000
INFO:root:Idiom 508/1714, BLEU=77.722, %=1.000
INFO:root:Idiom 521/1714, BLEU=77.724, %=1.000
INFO:root:Idiom 576/1714, BLEU=77.686, %=0.000
INFO:root:Idiom 591/1714, BLEU=77.512, %=0.250
INFO:root:Idiom 592/1714, BLEU=77.495, %=0.000
INFO:root:Idiom 607/1714, BLEU=77.735, %=0.000
INFO:root:Idiom 614/1714, BLEU=77.850, %=0.000
INFO:root:Sample 19 / 20
INFO:root:Idiom 626/1714, BLEU=78.002, %=0.050
INFO:root:Idiom 640/1714, BLEU=77.966, %=0.200
INFO:root:Idiom 667/1714, BLEU=77.955, %=1.000
INFO:root:Sample 19 / 20
INFO:root:Idiom 714/1714, BLEU=77.944, %=0.150
INFO:root:Sample 19 / 59
INFO:root:Sample 39 / 59
INFO:root:Idiom 719/1714, BLEU=78.412, %=0.492
INFO:root:Sample 19 / 31
INFO:root:Idiom 735/1714, BLEU=78.547, %=0.645
INFO:root:Idiom 737/1714, BLEU=78.518, %=1.000
INFO:root:Idiom 753/1714, BLEU=78.515, %=1.000
INFO:root:Idiom 773/1714, BLEU=78.473, %=1.000
INFO:root:Idiom 783/1714, BLEU=78.322, %=1.000
INFO:root:Idiom 813/1714, BLEU=78.425, %=0.000
INFO:root:Idiom 835/1714, BLEU=78.755, %=0.500
INFO:root:Idiom 847/1714, BLEU=78.743, %=0.000
INFO:root:Idiom 885/1714, BLEU=78.691, %=0.667
INFO:root:Sample 19 / 31
INFO:root:Idiom 900/1714, BLEU=78.728, %=0.516
INFO:root:Idiom 919/1714, BLEU=78.722, %=0.286
INFO:root:Idiom 960/1714, BLEU=78.695, %=1.000
INFO:root:Idiom 975/1714, BLEU=78.681, %=0.455
INFO:root:Idiom 989/1714, BLEU=78.704, %=0.000
INFO:root:Idiom 1026/1714, BLEU=78.730, %=0.067
INFO:root:Idiom 1028/1714, BLEU=78.765, %=0.000
INFO:root:Sample 19 / 66
INFO:root:Sample 39 / 66
INFO:root:Sample 59 / 66
INFO:root:Idiom 1031/1714, BLEU=78.932, %=0.303
INFO:root:Idiom 1101/1714, BLEU=78.910, %=0.000
INFO:root:Sample 19 / 20
INFO:root:Idiom 1118/1714, BLEU=78.980, %=0.000
INFO:root:Idiom 1119/1714, BLEU=78.831, %=0.077
INFO:root:Idiom 1124/1714, BLEU=78.812, %=0.667
INFO:root:Idiom 1136/1714, BLEU=78.853, %=0.222
INFO:root:Idiom 1139/1714, BLEU=78.735, %=0.667
INFO:root:Idiom 1180/1714, BLEU=79.040, %=0.400
INFO:root:Idiom 1244/1714, BLEU=79.047, %=1.000
INFO:root:Idiom 1274/1714, BLEU=79.074, %=0.167
INFO:root:Idiom 1279/1714, BLEU=79.082, %=0.000
INFO:root:Idiom 1288/1714, BLEU=79.007, %=1.000
INFO:root:Idiom 1291/1714, BLEU=79.004, %=0.000
INFO:root:Idiom 1302/1714, BLEU=79.001, %=0.625
INFO:root:Idiom 1345/1714, BLEU=79.020, %=0.333
INFO:root:Idiom 1387/1714, BLEU=79.065, %=0.000
INFO:root:Sample 19 / 42
INFO:root:Sample 39 / 42
INFO:root:Idiom 1422/1714, BLEU=78.800, %=0.286
INFO:root:Idiom 1425/1714, BLEU=78.782, %=0.000
INFO:root:Idiom 1440/1714, BLEU=78.772, %=0.000
INFO:root:Idiom 1468/1714, BLEU=78.757, %=1.000
INFO:root:Idiom 1469/1714, BLEU=78.752, %=0.000
INFO:root:Idiom 1472/1714, BLEU=78.802, %=0.182
INFO:root:Idiom 1479/1714, BLEU=78.761, %=0.000
INFO:root:Idiom 1485/1714, BLEU=78.717, %=0.500
INFO:root:Idiom 1502/1714, BLEU=78.446, %=0.667
INFO:root:Idiom 1545/1714, BLEU=78.436, %=0.667
INFO:root:Idiom 1575/1714, BLEU=78.452, %=0.000
INFO:root:Sample 19 / 24
INFO:root:Idiom 1588/1714, BLEU=78.540, %=0.292
INFO:root:Idiom 1619/1714, BLEU=78.567, %=0.500
INFO:root:Idiom 1634/1714, BLEU=78.619, %=0.000
INFO:root:Idiom 1660/1714, BLEU=78.706, %=0.200
INFO:root:Idiom 1661/1714, BLEU=78.667, %=0.250
INFO:root:Idiom 1691/1714, BLEU=78.695, %=0.000
INFO:root:Idiom 1714/1714, BLEU=78.704, %=0.000
INFO:root:Idiom 10/1711, BLEU=89.161, %=0.333
INFO:root:Idiom 37/1711, BLEU=87.011, %=0.167
INFO:root:Idiom 43/1711, BLEU=77.294, %=0.667
INFO:root:Idiom 58/1711, BLEU=81.357, %=0.111
INFO:root:Idiom 64/1711, BLEU=81.924, %=0.000
INFO:root:Idiom 116/1711, BLEU=84.570, %=0.000
INFO:root:Idiom 124/1711, BLEU=84.622, %=1.000
INFO:root:Idiom 144/1711, BLEU=84.484, %=1.000
INFO:root:Idiom 172/1711, BLEU=84.862, %=1.000
INFO:root:Idiom 192/1711, BLEU=83.977, %=0.667
INFO:root:Sample 19 / 47
INFO:root:Sample 39 / 47
INFO:root:Idiom 219/1711, BLEU=80.713, %=0.957
INFO:root:Idiom 221/1711, BLEU=80.208, %=0.200
INFO:root:Idiom 228/1711, BLEU=81.047, %=0.000
INFO:root:Idiom 256/1711, BLEU=80.583, %=0.000
INFO:root:Idiom 297/1711, BLEU=80.789, %=0.000
INFO:root:Idiom 298/1711, BLEU=81.450, %=0.300
INFO:root:Idiom 302/1711, BLEU=81.499, %=0.000
INFO:root:Idiom 306/1711, BLEU=81.243, %=0.500
INFO:root:Idiom 309/1711, BLEU=81.212, %=0.000
INFO:root:Idiom 368/1711, BLEU=81.394, %=0.000
INFO:root:Idiom 388/1711, BLEU=81.375, %=0.000
INFO:root:Idiom 413/1711, BLEU=81.492, %=0.000
INFO:root:Idiom 443/1711, BLEU=81.362, %=1.000
INFO:root:Idiom 456/1711, BLEU=81.475, %=1.000
INFO:root:Idiom 466/1711, BLEU=81.205, %=0.500
INFO:root:Idiom 468/1711, BLEU=80.964, %=0.571
INFO:root:Idiom 489/1711, BLEU=80.971, %=0.500
INFO:root:Idiom 509/1711, BLEU=80.867, %=1.000
INFO:root:Idiom 519/1711, BLEU=79.494, %=0.889
INFO:root:Idiom 531/1711, BLEU=79.494, %=0.000
INFO:root:Idiom 558/1711, BLEU=79.562, %=0.000
INFO:root:Idiom 574/1711, BLEU=77.696, %=1.000
INFO:root:Idiom 587/1711, BLEU=79.494, %=0.000
INFO:root:Idiom 635/1711, BLEU=79.469, %=0.000
INFO:root:Idiom 643/1711, BLEU=79.431, %=0.000
INFO:root:Idiom 676/1711, BLEU=79.310, %=0.500
INFO:root:Idiom 698/1711, BLEU=79.031, %=1.000
INFO:root:Idiom 704/1711, BLEU=78.706, %=0.455
INFO:root:Sample 19 / 71
INFO:root:Sample 39 / 71
INFO:root:Sample 59 / 71
INFO:root:Idiom 708/1711, BLEU=82.144, %=0.056
INFO:root:Idiom 725/1711, BLEU=82.101, %=0.000
INFO:root:Sample 19 / 30
INFO:root:Idiom 736/1711, BLEU=81.853, %=0.733
INFO:root:Idiom 801/1711, BLEU=81.872, %=0.500
INFO:root:Idiom 839/1711, BLEU=81.827, %=1.000
INFO:root:Idiom 863/1711, BLEU=81.804, %=1.000
INFO:root:Idiom 869/1711, BLEU=81.876, %=0.000
INFO:root:Idiom 889/1711, BLEU=81.853, %=1.000
INFO:root:Idiom 895/1711, BLEU=81.632, %=0.562
INFO:root:Idiom 908/1711, BLEU=81.565, %=0.000
INFO:root:Idiom 920/1711, BLEU=81.673, %=0.500
INFO:root:Idiom 973/1711, BLEU=81.657, %=0.000
INFO:root:Sample 19 / 146
INFO:root:Sample 39 / 146
INFO:root:Sample 59 / 146
INFO:root:Sample 79 / 146
INFO:root:Sample 99 / 146
INFO:root:Sample 119 / 146
INFO:root:Sample 139 / 146
INFO:root:Idiom 1112/1711, BLEU=79.440, %=0.651
INFO:root:Idiom 1126/1711, BLEU=79.433, %=0.000
INFO:root:Idiom 1145/1711, BLEU=79.816, %=0.000
INFO:root:Idiom 1162/1711, BLEU=79.875, %=0.000
INFO:root:Idiom 1216/1711, BLEU=79.819, %=1.000
INFO:root:Idiom 1217/1711, BLEU=79.779, %=1.000
INFO:root:Idiom 1248/1711, BLEU=79.732, %=1.000
INFO:root:Idiom 1267/1711, BLEU=79.779, %=1.000
INFO:root:Idiom 1282/1711, BLEU=79.726, %=1.000
INFO:root:Idiom 1286/1711, BLEU=79.834, %=0.000
INFO:root:Idiom 1290/1711, BLEU=79.781, %=0.750
INFO:root:Idiom 1295/1711, BLEU=79.743, %=0.000
INFO:root:Idiom 1323/1711, BLEU=79.726, %=0.750
INFO:root:Sample 19 / 75
INFO:root:Sample 39 / 75
INFO:root:Sample 59 / 75
INFO:root:Idiom 1343/1711, BLEU=80.045, %=0.213
INFO:root:Idiom 1410/1711, BLEU=80.125, %=0.857
INFO:root:Idiom 1412/1711, BLEU=80.114, %=1.000
INFO:root:Idiom 1423/1711, BLEU=79.892, %=1.000
INFO:root:Idiom 1435/1711, BLEU=79.757, %=0.000
INFO:root:Idiom 1451/1711, BLEU=79.743, %=1.000
INFO:root:Idiom 1463/1711, BLEU=79.735, %=0.333
INFO:root:Idiom 1473/1711, BLEU=79.717, %=1.000
INFO:root:Idiom 1501/1711, BLEU=79.693, %=0.000
INFO:root:Idiom 1514/1711, BLEU=79.654, %=0.000
INFO:root:Idiom 1566/1711, BLEU=79.598, %=1.000
INFO:root:Idiom 1572/1711, BLEU=79.582, %=0.000
INFO:root:Idiom 1574/1711, BLEU=79.465, %=0.000
INFO:root:Idiom 1610/1711, BLEU=79.109, %=0.667
INFO:root:Idiom 1647/1711, BLEU=79.117, %=0.000
INFO:root:Idiom 1650/1711, BLEU=79.124, %=0.000
INFO:root:Sample 19 / 21
INFO:root:Idiom 1703/1711, BLEU=79.021, %=0.571
INFO:root:Idiom 1711/1711, BLEU=79.040, %=0.571
INFO:root:Idiom 0/1698, BLEU=80.858, %=0.500
INFO:root:Sample 19 / 96
INFO:root:Sample 39 / 96
INFO:root:Sample 59 / 96
INFO:root:Sample 79 / 96
INFO:root:Idiom 6/1698, BLEU=76.302, %=0.219
INFO:root:Idiom 12/1698, BLEU=76.381, %=1.000
INFO:root:Idiom 26/1698, BLEU=76.042, %=0.500
INFO:root:Idiom 34/1698, BLEU=75.995, %=1.000
INFO:root:Idiom 54/1698, BLEU=75.486, %=0.833
INFO:root:Idiom 80/1698, BLEU=75.570, %=0.250
INFO:root:Idiom 123/1698, BLEU=75.495, %=1.000
INFO:root:Idiom 170/1698, BLEU=74.767, %=0.250
INFO:root:Sample 19 / 118
INFO:root:Sample 39 / 118
INFO:root:Sample 59 / 118
INFO:root:Sample 79 / 118
INFO:root:Sample 99 / 118
INFO:root:Idiom 191/1698, BLEU=78.282, %=0.627
INFO:root:Idiom 194/1698, BLEU=78.268, %=0.000
INFO:root:Idiom 196/1698, BLEU=77.871, %=1.000
INFO:root:Idiom 205/1698, BLEU=77.930, %=0.000
INFO:root:Idiom 222/1698, BLEU=78.011, %=0.333
INFO:root:Idiom 227/1698, BLEU=78.046, %=0.000
INFO:root:Idiom 259/1698, BLEU=77.665, %=0.846
INFO:root:Sample 19 / 52
INFO:root:Sample 39 / 52
INFO:root:Idiom 262/1698, BLEU=78.041, %=0.365
INFO:root:Idiom 268/1698, BLEU=77.879, %=0.667
INFO:root:Idiom 291/1698, BLEU=77.816, %=1.000
INFO:root:Idiom 324/1698, BLEU=77.842, %=0.000
INFO:root:Idiom 343/1698, BLEU=78.196, %=0.091
INFO:root:Idiom 344/1698, BLEU=78.098, %=1.000
INFO:root:Idiom 356/1698, BLEU=77.980, %=1.000
INFO:root:Sample 19 / 20
INFO:root:Idiom 358/1698, BLEU=78.279, %=0.450
INFO:root:Idiom 360/1698, BLEU=78.297, %=0.600
INFO:root:Idiom 415/1698, BLEU=78.414, %=0.500
INFO:root:Idiom 441/1698, BLEU=78.343, %=1.000
INFO:root:Sample 19 / 35
INFO:root:Idiom 474/1698, BLEU=78.691, %=0.029
INFO:root:Idiom 505/1698, BLEU=78.702, %=0.000
INFO:root:Idiom 535/1698, BLEU=78.688, %=0.000
INFO:root:Idiom 540/1698, BLEU=78.549, %=1.000
INFO:root:Idiom 572/1698, BLEU=78.533, %=0.000
INFO:root:Idiom 624/1698, BLEU=78.614, %=0.000
INFO:root:Idiom 672/1698, BLEU=78.606, %=1.000
INFO:root:Idiom 681/1698, BLEU=78.626, %=0.231
INFO:root:Idiom 693/1698, BLEU=78.595, %=1.000
INFO:root:Idiom 718/1698, BLEU=78.566, %=1.000
INFO:root:Idiom 729/1698, BLEU=78.538, %=0.500
INFO:root:Idiom 734/1698, BLEU=78.503, %=0.000
INFO:root:Sample 19 / 170
INFO:root:Sample 39 / 170
INFO:root:Sample 59 / 170
INFO:root:Sample 79 / 170
INFO:root:Sample 99 / 170
INFO:root:Sample 119 / 170
INFO:root:Sample 139 / 170
INFO:root:Sample 159 / 170
INFO:root:Idiom 739/1698, BLEU=80.107, %=0.065
INFO:root:Sample 19 / 103
INFO:root:Sample 39 / 103
INFO:root:Sample 59 / 103
INFO:root:Sample 79 / 103
INFO:root:Sample 99 / 103
INFO:root:Idiom 751/1698, BLEU=80.406, %=0.175
INFO:root:Idiom 781/1698, BLEU=80.416, %=0.000
INFO:root:Idiom 825/1698, BLEU=80.414, %=0.500
INFO:root:Idiom 841/1698, BLEU=80.248, %=0.571
INFO:root:Idiom 873/1698, BLEU=80.239, %=1.000
INFO:root:Idiom 917/1698, BLEU=80.203, %=0.400
INFO:root:Idiom 922/1698, BLEU=80.177, %=0.000
INFO:root:Idiom 981/1698, BLEU=80.147, %=0.700
INFO:root:Idiom 1004/1698, BLEU=80.145, %=0.000
INFO:root:Sample 19 / 63
INFO:root:Sample 39 / 63
INFO:root:Sample 59 / 63
INFO:root:Idiom 1011/1698, BLEU=79.877, %=0.492
INFO:root:Idiom 1016/1698, BLEU=79.883, %=1.000
INFO:root:Idiom 1022/1698, BLEU=79.884, %=0.000
INFO:root:Idiom 1039/1698, BLEU=79.856, %=1.000
INFO:root:Idiom 1046/1698, BLEU=79.825, %=0.333
INFO:root:Idiom 1054/1698, BLEU=79.839, %=0.000
INFO:root:Idiom 1056/1698, BLEU=79.850, %=0.500
INFO:root:Idiom 1059/1698, BLEU=79.844, %=0.667
INFO:root:Idiom 1064/1698, BLEU=79.843, %=0.000
INFO:root:Idiom 1114/1698, BLEU=79.846, %=1.000
INFO:root:Idiom 1164/1698, BLEU=79.842, %=1.000
INFO:root:Idiom 1178/1698, BLEU=79.889, %=0.000
INFO:root:Idiom 1179/1698, BLEU=79.358, %=1.000
INFO:root:Idiom 1187/1698, BLEU=79.243, %=1.000
INFO:root:Idiom 1209/1698, BLEU=79.250, %=0.000
INFO:root:Idiom 1289/1698, BLEU=79.264, %=0.000
INFO:root:Idiom 1321/1698, BLEU=79.255, %=0.000
INFO:root:Idiom 1335/1698, BLEU=79.252, %=1.000
INFO:root:Idiom 1366/1698, BLEU=79.208, %=0.500
INFO:root:Idiom 1376/1698, BLEU=79.227, %=0.667
INFO:root:Idiom 1378/1698, BLEU=79.237, %=0.500
INFO:root:Idiom 1488/1698, BLEU=79.258, %=0.500
INFO:root:Idiom 1489/1698, BLEU=79.233, %=0.389
INFO:root:Idiom 1504/1698, BLEU=79.227, %=0.455
INFO:root:Idiom 1515/1698, BLEU=79.236, %=0.000
INFO:root:Idiom 1538/1698, BLEU=79.267, %=0.000
INFO:root:Idiom 1583/1698, BLEU=79.239, %=0.500
INFO:root:Idiom 1605/1698, BLEU=79.240, %=0.500
INFO:root:Idiom 1620/1698, BLEU=79.190, %=0.286
INFO:root:Idiom 1630/1698, BLEU=79.150, %=0.444
INFO:root:Idiom 1654/1698, BLEU=79.030, %=0.000
INFO:root:Idiom 1698/1698, BLEU=79.032, %=0.500
INFO:root:BLEU = 78.934, % idioms = 0.4193136667957528
{'act of god': 1.0, 'at your fingertips': 0.9230769230769231, 'bear in mind': 0.19999999999999996, 'blaze a trail': 1.0, 'bring someone to book': 1.0, 'by a long shot': 0.0, 'by dint of': 0.3589743589743589, 'call it a day': 0.96, 'carry the day': 1.0, 'claim to fame': 0.0, 'clean house': 1.0, 'cold feet': 0.33333333333333337, 'come to a head': 0.5333333333333333, 'come to mind': 0.1504424778761062, 'cut both ways': 0.8, 'cut corners': 0.33333333333333337, 'do a runner': 0.6428571428571428, 'do me a favour': 0.09090909090909094, "don't hold your breath": 1.0, 'down the hatch': 1.0, 'face to face': 0.22857142857142854, 'feel the pinch': 0.4545454545454546, 'fight tooth and nail': 0.5, 'fly off the handle': 0.0, 'full tilt': 0.1428571428571429, 'gather dust': 0.0, 'get a grip': 0.33333333333333337, 'get to grips with': 0.3707865168539326, 'go bananas': 0.0714285714285714, 'go halves': 0.5, 'go places': 0.2222222222222222, 'go the distance': 0.5, 'hammer and tongs': 0.0, 'hard as nails': 1.0, 'hit the sack': 1.0, 'hold your horses': 0.4, 'in light of': 0.75, 'in the driving seat': 0.0, 'in the pipeline': 0.6, 'in your sights': 0.0, 'keep a low profile': 0.8275862068965517, 'keep someone in the dark': 1.0, 'keep the peace': 0.5, 'kick ass': 0.5, 'laughing stock': 0.07407407407407407, 'live wire': 0.0, 'lose face': 0.0, 'make a pitch': 0.0, 'muddy the waters': 1.0, 'off the beaten track': 1.0, 'off the shelf': 0.0, 'on the hop': 0.0, 'on the mend': 0.3928571428571429, 'on the same page': 1.0, 'on the take': 0.75, 'on the trot': 0.0, 'out of sight, out of mind': 1.0, 'out of sorts': 0.11111111111111116, 'out of the picture': 0.6666666666666667, 'pass the buck': 0.5, 'pick up the pieces': 0.0, 'piss and vinegar': 0.0, 'play hookey': 1.0, 'press the flesh': 1.0, 'put someone in mind of': 0.0, 'read between the lines': 1.0, 'ring off the hook': 0.0, 'save face': 0.0, "save someone's skin": 1.0, 'small print': 0.125, 'take a leak': 0.0, 'take root': 0.5454545454545454, 'take stock': 0.07017543859649122, 'take the plunge': 0.6666666666666667, 'to the hilt': 0.46153846153846156, 'tongue in cheek': 0.0, 'turn tail': 0.0, 'turn up trumps': 0.0, 'up sticks': 0.0, 'warts and all': 0.0, 'within living memory': 0.0}
{'around the clock': 0.0, 'basket case': 1.0, 'beat about the bush': 0.5, 'beg the question': 0.0, 'behind the scenes': 0.05660377358490565, 'bits and bobs': 0.0, 'break new ground': 0.5, 'call the shots': 0.0, 'carrot and stick': 0.0, 'cock a snook': 0.33333333333333337, 'come to grips with': 0.14893617021276595, 'come to terms with': 0.013071895424836555, 'come up trumps': 0.0, 'curry favour': 1.0, 'down in the mouth': 1.0, 'err on the side of': 0.6666666666666667, 'food for thought': 0.16666666666666663, 'get a move on': 0.13461538461538458, 'get a rise out of': 0.0, "get on someone's wick": 1.0, "get up someone's nose": 1.0, 'go to seed': 0.0, 'grasp the nettle': 0.25, "grease someone's palm": 0.0, 'hands down': 0.0, 'have a ball': 0.0, 'have it both ways': 0.050000000000000044, 'head over heels': 0.19999999999999996, 'hit the road': 1.0, 'in no uncertain terms': 0.15000000000000002, 'in tandem': 0.4915254237288136, 'in the final analysis': 0.6451612903225806, 'in the hole': 1.0, 'in the sticks': 1.0, 'jockey for position': 1.0, 'jump to conclusions': 1.0, 'kick the habit': 0.0, 'lame duck': 0.5, 'leave no stone unturned': 0.0, 'look on the bright side': 0.6666666666666667, 'make a move': 0.5161290322580645, 'make the cut': 0.2857142857142857, 'neck of the woods': 1.0, 'no laughing matter': 0.4545454545454546, 'not give a fig': 0.0, 'on board': 0.06666666666666665, 'on edge': 0.0, "on someone's mind": 0.303030303030303, 'out of kilter': 0.0, 'out of your mind': 0.0, 'out on a limb': 0.07692307692307687, 'over the moon': 0.6666666666666667, 'pass muster': 0.2222222222222222, 'pay the piper': 0.6666666666666667, 'point the finger': 0.4, 'quick as a flash': 1.0, 'ring a bell': 0.16666666666666663, 'rise to the occasion': 0.0, 'rough edges': 1.0, 'rub shoulders': 0.0, 'run out of steam': 0.625, 'set your sights on': 0.33333333333333337, 'slip of the tongue': 0.0, 'spring to mind': 0.2857142857142857, 'stake a claim': 0.0, 'stick in your craw': 0.0, 'swings and roundabouts': 1.0, 'take a back seat': 0.0, 'take a dim view of': 0.18181818181818177, 'take a shine to': 0.0, 'take liberties': 0.5, 'take the liberty': 0.6666666666666667, "there's the rub": 0.6666666666666667, 'to a nicety': 0.0, 'to the tune of': 0.29166666666666663, 'turn the screw': 0.5, 'under the microscope': 0.0, 'up to speed': 0.19999999999999996, 'up to the hilt': 0.25, 'when push comes to shove': 0.0, 'work to rule': 0.0}
{'against the grain': 0.33333333333333337, 'argue the toss': 0.16666666666666663, 'as luck would have it': 0.6666666666666667, 'at loggerheads': 0.11111111111111116, 'at the end of the day': 0.0, 'beyond the pale': 0.0, 'bite the dust': 1.0, 'body blow': 1.0, 'brownie point': 1.0, 'by hook or by crook': 0.6666666666666667, "catch someone's eye": 0.9574468085106383, 'champ at the bit': 0.19999999999999996, 'cheek by jowl': 0.0, 'come a cropper': 0.0, 'cry wolf': 0.0, 'crystal clear': 0.30000000000000004, 'cut a dash': 0.0, 'cut and thrust': 0.5, 'cut from the same cloth': 0.0, 'draw the short straw': 0.0, 'easy as pie': 0.0, 'fair game': 0.0, 'fit the bill': 1.0, "follow in someone's footsteps": 1.0, 'for keeps': 0.5, 'for the hell of it': 0.5714285714285714, 'full whack': 0.5, "get someone's back up": 1.0, 'get to the bottom of': 0.8888888888888888, 'give it a whirl': 0.0, 'go great guns': 0.0, 'go through the motions': 1.0, 'good offices': 0.0, 'have the hots for': 0.0, 'hear things': 0.0, 'hold the purse strings': 0.5, 'in a rut': 1.0, 'in cahoots': 0.4545454545454546, 'in full swing': 0.05633802816901412, 'in the buff': 0.0, 'in the flesh': 0.7333333333333334, 'keep your fingers crossed': 0.5, 'laugh like a drain': 1.0, 'lie through your teeth': 1.0, 'like clockwork': 0.0, 'lose heart': 1.0, 'make a go of': 0.5625, 'make hay': 0.0, 'make the grade': 0.5, 'no great shakes': 0.0, 'out of the question': 0.6506849315068493, 'over your head': 0.0, 'perish the thought': 0.0, 'play ball': 0.0, 'put a damper on': 1.0, 'put a foot wrong': 1.0, 'rain cats and dogs': 1.0, 'ride herd on': 1.0, 'rock the boat': 1.0, 'rough and tumble': 0.0, 'round the clock': 0.75, 'rule of thumb': 0.0, 'seal of approval': 0.75, 'set eyes on': 0.21333333333333337, 'speak your mind': 0.8571428571428572, 'spill the beans': 1.0, 'square the circle': 1.0, "steal someone's thunder": 0.0, 'streets ahead': 1.0, 'sweet nothings': 0.33333333333333337, 'take a dive': 1.0, 'take the gilt off the gingerbread': 0.0, 'talk shop': 0.0, 'thumb your nose at': 1.0, 'tip the scales': 0.0, 'tit for tat': 0.0, 'turn a blind eye': 0.6666666666666667, 'up for grabs': 0.0, 'up shit creek': 0.0, 'with a view to': 0.5714285714285714, 'without fail': 0.5714285714285714}
{"a hair's breadth": 0.5, 'across the board': 0.21875, 'ahead of the game': 1.0, 'all things being equal': 0.5, "anyone's guess": 1.0, 'at cross purposes': 0.8333333333333334, 'be my guest': 0.25, 'bite the bullet': 1.0, 'bring up the rear': 0.25, 'by heart': 0.6271186440677966, 'by no stretch of the imagination': 0.0, 'by the book': 1.0, "call someone's bluff": 0.0, 'change hands': 0.33333333333333337, 'chase your tail': 0.0, 'come full circle': 0.8461538461538461, 'come of age': 0.3653846153846154, 'come to grief': 0.6666666666666667, 'cross my heart': 1.0, 'dead meat': 0.0, 'do the right thing': 0.09090909090909094, 'do the trick': 1.0, 'down in the dumps': 1.0, 'down the drain': 0.44999999999999996, 'down the road': 0.6, 'fall by the wayside': 0.5, 'fit as a fiddle': 1.0, 'free rein': 0.02857142857142858, 'get off the ground': 0.0, 'give someone grief': 0.0, 'give someone the slip': 1.0, 'go the whole hog': 0.0, 'have an eye for': 0.0, 'hold court': 1.0, 'hold your tongue': 0.23076923076923073, "how's tricks?": 1.0, 'in stitches': 1.0, 'in the dock': 0.5, 'in the fast lane': 0.0, 'in the long run': 0.06470588235294117, 'in the short run': 0.1747572815533981, 'jump the track': 0.0, 'kiss ass': 0.5, 'lay a finger on': 0.5714285714285714, 'live a lie': 1.0, 'make short work of': 0.4, 'make waves': 0.0, 'no strings attached': 0.7, 'nutty as a fruitcake': 0.0, 'off the hook': 0.4920634920634921, 'off the wall': 1.0, 'on a roll': 0.0, 'on the cards': 1.0, 'on the fly': 0.33333333333333337, 'on the lam': 0.0, 'on the make': 0.5, 'on the nod': 0.6666666666666667, 'on the ropes': 0.0, 'out of the woods': 1.0, 'play for keeps': 1.0, 'pleased as punch': 0.0, 'poacher turned gamekeeper': 1.0, 'power behind the throne': 1.0, 'pump iron': 0.0, 'round the bend': 0.0, 'scratch the surface': 0.0, 'seize the day': 1.0, 'sick to death': 0.5, 'sitting duck': 0.6666666666666667, 'six feet under': 0.5, 'take someone for a ride': 0.5, 'take someone to task': 0.38888888888888884, 'take the piss': 0.4545454545454546, 'talk the talk': 0.0, 'the plot thickens': 0.0, 'to the bone': 0.5, 'tread the boards': 0.5, 'turn the tables': 0.2857142857142857, 'under fire': 0.4444444444444444, 'up the spout': 0.0, 'win the day': 0.5}
