INFO:root:{'hidden_layers': [1, 2, 3, 4], 'attention_layers': [1, 2, 3, 4, 5, 6], 'hidden_labels': [1], 'attention_labels': [0, 1], 'start': 0, 'stop': 1726, 'step': 1, 'baseline': True, 'filename': 'attention.pickle', 'folds': [0, 1, 2, 3], 'gather_attention': False}
INFO:root:Seed: 1
INFO:root:Sample 49 / 1726
INFO:root:Sample 99 / 1726
INFO:root:Sample 149 / 1726
INFO:root:Sample 199 / 1726
INFO:root:Sample 249 / 1726
INFO:root:Sample 299 / 1726
INFO:root:Sample 349 / 1726
INFO:root:Sample 399 / 1726
INFO:root:Sample 449 / 1726
INFO:root:Sample 499 / 1726
INFO:root:Sample 549 / 1726
INFO:root:Sample 599 / 1726
INFO:root:Sample 649 / 1726
INFO:root:Sample 699 / 1726
INFO:root:Sample 749 / 1726
INFO:root:Sample 799 / 1726
INFO:root:Sample 849 / 1726
INFO:root:Sample 899 / 1726
INFO:root:Sample 949 / 1726
INFO:root:Sample 999 / 1726
INFO:root:Sample 1049 / 1726
INFO:root:Sample 1099 / 1726
INFO:root:Sample 1149 / 1726
INFO:root:Sample 1199 / 1726
INFO:root:Sample 1249 / 1726
INFO:root:Sample 1299 / 1726
INFO:root:Sample 1349 / 1726
INFO:root:Sample 1399 / 1726
INFO:root:Sample 1449 / 1726
INFO:root:Sample 1499 / 1726
INFO:root:Sample 1549 / 1726
INFO:root:Sample 1599 / 1726
INFO:root:Sample 1649 / 1726
INFO:root:Sample 1699 / 1726
INFO:root:Idiom 7/1710, BLEU=64.585, %=1.000
INFO:root:Idiom 65/1710, BLEU=72.652, %=0.923
INFO:root:Sample 19 / 95
INFO:root:Sample 39 / 95
INFO:root:Sample 59 / 95
INFO:root:Sample 79 / 95
INFO:root:Idiom 82/1710, BLEU=81.724, %=0.137
INFO:root:Idiom 129/1710, BLEU=81.264, %=1.000
INFO:root:Idiom 168/1710, BLEU=80.912, %=1.000
INFO:root:Idiom 188/1710, BLEU=80.921, %=0.000
INFO:root:Sample 19 / 39
INFO:root:Idiom 190/1710, BLEU=80.466, %=0.179
INFO:root:Sample 19 / 25
INFO:root:Idiom 202/1710, BLEU=79.607, %=0.600
INFO:root:Idiom 212/1710, BLEU=79.633, %=1.000
INFO:root:Idiom 237/1710, BLEU=79.650, %=0.000
INFO:root:Idiom 239/1710, BLEU=79.620, %=1.000
INFO:root:Idiom 254/1710, BLEU=79.466, %=0.000
INFO:root:Sample 19 / 60
INFO:root:Sample 39 / 60
INFO:root:Sample 59 / 60
INFO:root:Idiom 266/1710, BLEU=78.417, %=0.867
INFO:root:Sample 19 / 113
INFO:root:Sample 39 / 113
INFO:root:Sample 59 / 113
INFO:root:Sample 79 / 113
INFO:root:Sample 99 / 113
INFO:root:Idiom 270/1710, BLEU=78.138, %=0.097
INFO:root:Idiom 307/1710, BLEU=78.306, %=0.500
INFO:root:Idiom 308/1710, BLEU=78.054, %=0.444
INFO:root:Idiom 338/1710, BLEU=78.008, %=0.429
INFO:root:Sample 19 / 22
INFO:root:Idiom 339/1710, BLEU=78.288, %=0.000
INFO:root:Idiom 349/1710, BLEU=78.319, %=0.000
INFO:root:Idiom 359/1710, BLEU=78.247, %=1.000
INFO:root:Sample 19 / 70
INFO:root:Sample 39 / 70
INFO:root:Sample 59 / 70
INFO:root:Idiom 411/1710, BLEU=78.366, %=0.200
INFO:root:Idiom 428/1710, BLEU=78.330, %=0.273
INFO:root:Idiom 432/1710, BLEU=78.404, %=0.000
INFO:root:Idiom 452/1710, BLEU=78.416, %=0.000
INFO:root:Idiom 488/1710, BLEU=78.435, %=0.286
INFO:root:Idiom 492/1710, BLEU=78.425, %=0.000
INFO:root:Idiom 493/1710, BLEU=78.297, %=0.333
INFO:root:Sample 19 / 89
INFO:root:Sample 39 / 89
INFO:root:Sample 59 / 89
INFO:root:Sample 79 / 89
INFO:root:Idiom 518/1710, BLEU=78.778, %=0.090
INFO:root:Idiom 546/1710, BLEU=78.845, %=0.000
INFO:root:Idiom 559/1710, BLEU=78.802, %=0.500
INFO:root:Idiom 565/1710, BLEU=78.812, %=0.111
INFO:root:Idiom 570/1710, BLEU=78.839, %=0.500
INFO:root:Idiom 604/1710, BLEU=78.819, %=1.000
INFO:root:Idiom 611/1710, BLEU=78.821, %=1.000
INFO:root:Idiom 668/1710, BLEU=78.823, %=1.000
INFO:root:Idiom 679/1710, BLEU=78.782, %=0.400
INFO:root:Idiom 711/1710, BLEU=78.785, %=0.750
INFO:root:Idiom 732/1710, BLEU=78.725, %=0.000
INFO:root:Idiom 745/1710, BLEU=78.589, %=0.600
INFO:root:Idiom 763/1710, BLEU=78.491, %=0.000
INFO:root:Sample 19 / 29
INFO:root:Idiom 786/1710, BLEU=78.698, %=0.310
INFO:root:Idiom 791/1710, BLEU=78.568, %=1.000
INFO:root:Idiom 794/1710, BLEU=78.448, %=1.000
INFO:root:Idiom 810/1710, BLEU=78.409, %=0.250
INFO:root:Sample 19 / 27
INFO:root:Idiom 840/1710, BLEU=78.461, %=0.074
INFO:root:Idiom 878/1710, BLEU=78.483, %=0.000
INFO:root:Idiom 888/1710, BLEU=78.485, %=0.000
INFO:root:Idiom 903/1710, BLEU=78.527, %=0.000
INFO:root:Idiom 952/1710, BLEU=78.544, %=0.000
INFO:root:Idiom 1009/1710, BLEU=78.586, %=0.000
INFO:root:Idiom 1014/1710, BLEU=78.622, %=0.000
INFO:root:Idiom 1049/1710, BLEU=78.565, %=0.600
INFO:root:Sample 19 / 28
INFO:root:Idiom 1057/1710, BLEU=78.254, %=0.429
INFO:root:Idiom 1066/1710, BLEU=78.257, %=1.000
INFO:root:Idiom 1074/1710, BLEU=78.271, %=0.000
INFO:root:Idiom 1075/1710, BLEU=78.279, %=0.500
INFO:root:Idiom 1106/1710, BLEU=78.267, %=1.000
INFO:root:Idiom 1107/1710, BLEU=78.290, %=0.000
INFO:root:Idiom 1111/1710, BLEU=78.255, %=0.667
INFO:root:Idiom 1137/1710, BLEU=78.227, %=0.500
INFO:root:Idiom 1149/1710, BLEU=78.218, %=1.000
INFO:root:Idiom 1155/1710, BLEU=78.215, %=0.000
INFO:root:Idiom 1169/1710, BLEU=78.219, %=0.000
INFO:root:Idiom 1191/1710, BLEU=78.226, %=0.000
INFO:root:Idiom 1222/1710, BLEU=78.207, %=0.600
INFO:root:Idiom 1258/1710, BLEU=78.160, %=1.000
INFO:root:Idiom 1275/1710, BLEU=78.181, %=0.000
INFO:root:Idiom 1313/1710, BLEU=78.385, %=0.000
INFO:root:Idiom 1315/1710, BLEU=78.391, %=1.000
INFO:root:Sample 19 / 64
INFO:root:Sample 39 / 64
INFO:root:Sample 59 / 64
INFO:root:Idiom 1394/1710, BLEU=79.234, %=0.156
INFO:root:Idiom 1477/1710, BLEU=79.196, %=0.000
INFO:root:Idiom 1487/1710, BLEU=79.086, %=0.455
INFO:root:Sample 19 / 114
INFO:root:Sample 39 / 114
INFO:root:Sample 59 / 114
INFO:root:Sample 79 / 114
INFO:root:Sample 99 / 114
INFO:root:Idiom 1493/1710, BLEU=80.041, %=0.035
INFO:root:Idiom 1505/1710, BLEU=80.083, %=0.667
INFO:root:Idiom 1584/1710, BLEU=80.131, %=0.385
INFO:root:Idiom 1590/1710, BLEU=80.123, %=1.000
INFO:root:Idiom 1616/1710, BLEU=80.125, %=0.500
INFO:root:Idiom 1623/1710, BLEU=80.132, %=0.000
INFO:root:Idiom 1651/1710, BLEU=80.145, %=0.000
INFO:root:Idiom 1675/1710, BLEU=80.154, %=0.000
INFO:root:Idiom 1710/1710, BLEU=80.171, %=0.000
INFO:root:Idiom 39/1714, BLEU=59.991, %=0.000
INFO:root:Idiom 76/1714, BLEU=73.410, %=0.000
INFO:root:Idiom 84/1714, BLEU=86.179, %=0.500
INFO:root:Idiom 95/1714, BLEU=86.383, %=0.500
INFO:root:Sample 19 / 106
INFO:root:Sample 39 / 106
INFO:root:Sample 59 / 106
INFO:root:Sample 79 / 106
INFO:root:Sample 99 / 106
INFO:root:Idiom 102/1714, BLEU=87.811, %=0.189
INFO:root:Idiom 127/1714, BLEU=87.745, %=1.000
INFO:root:Idiom 158/1714, BLEU=87.479, %=0.750
INFO:root:Sample 19 / 26
INFO:root:Idiom 206/1714, BLEU=86.703, %=0.000
INFO:root:Idiom 209/1714, BLEU=86.750, %=0.000
INFO:root:Idiom 250/1714, BLEU=86.310, %=0.333
INFO:root:Sample 19 / 47
INFO:root:Sample 39 / 47
INFO:root:Idiom 269/1714, BLEU=84.409, %=0.234
INFO:root:Sample 19 / 153
INFO:root:Sample 39 / 153
INFO:root:Sample 59 / 153
INFO:root:Sample 79 / 153
INFO:root:Sample 99 / 153
INFO:root:Sample 119 / 153
INFO:root:Sample 139 / 153
INFO:root:Idiom 271/1714, BLEU=80.830, %=0.039
INFO:root:Idiom 276/1714, BLEU=80.852, %=0.000
INFO:root:Idiom 301/1714, BLEU=80.820, %=1.000
INFO:root:Idiom 357/1714, BLEU=80.850, %=1.000
INFO:root:Idiom 398/1714, BLEU=80.813, %=0.667
INFO:root:Idiom 459/1714, BLEU=80.738, %=0.333
INFO:root:Sample 19 / 52
INFO:root:Sample 39 / 52
INFO:root:Idiom 496/1714, BLEU=81.054, %=0.096
INFO:root:Idiom 497/1714, BLEU=81.076, %=0.000
INFO:root:Idiom 508/1714, BLEU=81.017, %=1.000
INFO:root:Idiom 521/1714, BLEU=80.893, %=1.000
INFO:root:Idiom 576/1714, BLEU=80.916, %=0.000
INFO:root:Idiom 591/1714, BLEU=81.042, %=0.000
INFO:root:Idiom 592/1714, BLEU=81.038, %=1.000
INFO:root:Idiom 607/1714, BLEU=81.209, %=0.143
INFO:root:Idiom 614/1714, BLEU=81.194, %=0.000
INFO:root:Sample 19 / 20
INFO:root:Idiom 626/1714, BLEU=80.961, %=0.250
INFO:root:Idiom 640/1714, BLEU=81.029, %=0.200
INFO:root:Idiom 667/1714, BLEU=81.031, %=0.000
INFO:root:Sample 19 / 20
INFO:root:Idiom 714/1714, BLEU=80.999, %=0.100
INFO:root:Sample 19 / 59
INFO:root:Sample 39 / 59
INFO:root:Idiom 719/1714, BLEU=81.178, %=0.271
INFO:root:Sample 19 / 31
INFO:root:Idiom 735/1714, BLEU=81.453, %=0.419
INFO:root:Idiom 737/1714, BLEU=81.421, %=0.000
INFO:root:Idiom 753/1714, BLEU=81.416, %=0.000
INFO:root:Idiom 773/1714, BLEU=81.374, %=1.000
INFO:root:Idiom 783/1714, BLEU=81.388, %=1.000
INFO:root:Idiom 813/1714, BLEU=81.438, %=0.000
INFO:root:Idiom 835/1714, BLEU=81.698, %=0.000
INFO:root:Idiom 847/1714, BLEU=81.689, %=1.000
INFO:root:Idiom 885/1714, BLEU=81.599, %=0.667
INFO:root:Sample 19 / 31
INFO:root:Idiom 900/1714, BLEU=81.750, %=0.355
INFO:root:Idiom 919/1714, BLEU=81.728, %=0.286
INFO:root:Idiom 960/1714, BLEU=81.767, %=0.000
INFO:root:Idiom 975/1714, BLEU=81.649, %=0.636
INFO:root:Idiom 989/1714, BLEU=81.645, %=0.000
INFO:root:Idiom 1026/1714, BLEU=81.750, %=0.000
INFO:root:Idiom 1028/1714, BLEU=81.785, %=0.000
INFO:root:Sample 19 / 66
INFO:root:Sample 39 / 66
INFO:root:Sample 59 / 66
INFO:root:Idiom 1031/1714, BLEU=81.767, %=0.212
INFO:root:Idiom 1101/1714, BLEU=81.735, %=1.000
INFO:root:Sample 19 / 20
INFO:root:Idiom 1118/1714, BLEU=81.838, %=0.000
INFO:root:Idiom 1119/1714, BLEU=81.820, %=0.077
INFO:root:Idiom 1124/1714, BLEU=81.804, %=0.667
INFO:root:Idiom 1136/1714, BLEU=81.717, %=0.111
INFO:root:Idiom 1139/1714, BLEU=81.619, %=0.333
INFO:root:Idiom 1180/1714, BLEU=81.733, %=0.467
INFO:root:Idiom 1244/1714, BLEU=81.731, %=1.000
INFO:root:Idiom 1274/1714, BLEU=81.716, %=0.333
INFO:root:Idiom 1279/1714, BLEU=81.721, %=0.000
INFO:root:Idiom 1288/1714, BLEU=81.683, %=0.000
INFO:root:Idiom 1291/1714, BLEU=81.668, %=0.500
INFO:root:Idiom 1302/1714, BLEU=81.615, %=0.625
INFO:root:Idiom 1345/1714, BLEU=81.604, %=0.333
INFO:root:Idiom 1387/1714, BLEU=81.564, %=1.000
INFO:root:Sample 19 / 42
INFO:root:Sample 39 / 42
INFO:root:Idiom 1422/1714, BLEU=81.350, %=0.429
INFO:root:Idiom 1425/1714, BLEU=81.365, %=0.000
INFO:root:Idiom 1440/1714, BLEU=81.368, %=0.000
INFO:root:Idiom 1468/1714, BLEU=81.350, %=1.000
INFO:root:Idiom 1469/1714, BLEU=81.343, %=0.000
INFO:root:Idiom 1472/1714, BLEU=81.400, %=0.091
INFO:root:Idiom 1479/1714, BLEU=81.348, %=0.200
INFO:root:Idiom 1485/1714, BLEU=81.306, %=0.500
INFO:root:Idiom 1502/1714, BLEU=81.027, %=0.667
INFO:root:Idiom 1545/1714, BLEU=81.031, %=0.333
INFO:root:Idiom 1575/1714, BLEU=81.046, %=0.000
INFO:root:Sample 19 / 24
INFO:root:Idiom 1588/1714, BLEU=81.026, %=0.458
INFO:root:Idiom 1619/1714, BLEU=81.018, %=0.000
INFO:root:Idiom 1634/1714, BLEU=81.029, %=0.333
INFO:root:Idiom 1660/1714, BLEU=81.048, %=0.200
INFO:root:Idiom 1661/1714, BLEU=81.004, %=0.500
INFO:root:Idiom 1691/1714, BLEU=81.029, %=0.000
INFO:root:Idiom 1714/1714, BLEU=81.038, %=0.000
INFO:root:Idiom 10/1711, BLEU=82.962, %=0.000
INFO:root:Idiom 37/1711, BLEU=85.162, %=0.167
INFO:root:Idiom 43/1711, BLEU=76.558, %=0.667
INFO:root:Idiom 58/1711, BLEU=52.805, %=0.111
INFO:root:Idiom 64/1711, BLEU=54.262, %=1.000
INFO:root:Idiom 116/1711, BLEU=67.468, %=0.000
INFO:root:Idiom 124/1711, BLEU=68.660, %=1.000
INFO:root:Idiom 144/1711, BLEU=69.457, %=0.000
INFO:root:Idiom 172/1711, BLEU=70.111, %=1.000
INFO:root:Idiom 192/1711, BLEU=71.328, %=0.333
INFO:root:Sample 19 / 47
INFO:root:Sample 39 / 47
INFO:root:Idiom 219/1711, BLEU=74.553, %=0.681
INFO:root:Idiom 221/1711, BLEU=74.340, %=0.200
INFO:root:Idiom 228/1711, BLEU=75.119, %=0.500
INFO:root:Idiom 256/1711, BLEU=74.916, %=0.000
INFO:root:Idiom 297/1711, BLEU=75.189, %=0.000
INFO:root:Idiom 298/1711, BLEU=76.693, %=0.200
INFO:root:Idiom 302/1711, BLEU=76.376, %=0.500
INFO:root:Idiom 306/1711, BLEU=76.376, %=0.500
INFO:root:Idiom 309/1711, BLEU=76.338, %=1.000
INFO:root:Idiom 368/1711, BLEU=76.572, %=0.000
INFO:root:Idiom 388/1711, BLEU=76.334, %=0.000
INFO:root:Idiom 413/1711, BLEU=76.414, %=0.500
INFO:root:Idiom 443/1711, BLEU=76.474, %=1.000
INFO:root:Idiom 456/1711, BLEU=76.648, %=1.000
INFO:root:Idiom 466/1711, BLEU=76.720, %=0.400
INFO:root:Idiom 468/1711, BLEU=76.967, %=0.429
INFO:root:Idiom 489/1711, BLEU=76.925, %=1.000
INFO:root:Idiom 509/1711, BLEU=76.836, %=1.000
INFO:root:Idiom 519/1711, BLEU=76.453, %=0.889
INFO:root:Idiom 531/1711, BLEU=76.485, %=0.000
INFO:root:Idiom 558/1711, BLEU=76.566, %=0.000
INFO:root:Idiom 574/1711, BLEU=73.364, %=1.000
INFO:root:Idiom 587/1711, BLEU=75.542, %=0.000
INFO:root:Idiom 635/1711, BLEU=75.510, %=0.000
INFO:root:Idiom 643/1711, BLEU=75.477, %=0.000
INFO:root:Idiom 676/1711, BLEU=75.391, %=1.000
INFO:root:Idiom 698/1711, BLEU=75.426, %=0.000
INFO:root:Idiom 704/1711, BLEU=75.704, %=0.273
INFO:root:Sample 19 / 71
INFO:root:Sample 39 / 71
INFO:root:Sample 59 / 71
INFO:root:Idiom 708/1711, BLEU=80.139, %=0.000
INFO:root:Idiom 725/1711, BLEU=80.099, %=0.000
INFO:root:Sample 19 / 30
INFO:root:Idiom 736/1711, BLEU=79.844, %=0.967
INFO:root:Idiom 801/1711, BLEU=79.869, %=0.500
INFO:root:Idiom 839/1711, BLEU=79.863, %=0.000
INFO:root:Idiom 863/1711, BLEU=79.843, %=1.000
INFO:root:Idiom 869/1711, BLEU=79.922, %=0.000
INFO:root:Idiom 889/1711, BLEU=79.943, %=1.000
INFO:root:Idiom 895/1711, BLEU=79.999, %=0.562
INFO:root:Idiom 908/1711, BLEU=79.975, %=0.000
INFO:root:Idiom 920/1711, BLEU=80.032, %=0.500
INFO:root:Idiom 973/1711, BLEU=80.062, %=0.000
INFO:root:Sample 19 / 146
INFO:root:Sample 39 / 146
INFO:root:Sample 59 / 146
INFO:root:Sample 79 / 146
INFO:root:Sample 99 / 146
INFO:root:Sample 119 / 146
INFO:root:Sample 139 / 146
INFO:root:Idiom 1112/1711, BLEU=78.683, %=0.479
INFO:root:Idiom 1126/1711, BLEU=78.633, %=1.000
INFO:root:Idiom 1145/1711, BLEU=77.370, %=1.000
INFO:root:Idiom 1162/1711, BLEU=77.548, %=0.000
INFO:root:Idiom 1216/1711, BLEU=77.506, %=0.000
INFO:root:Idiom 1217/1711, BLEU=77.513, %=0.000
INFO:root:Idiom 1248/1711, BLEU=77.492, %=1.000
INFO:root:Idiom 1267/1711, BLEU=77.541, %=1.000
INFO:root:Idiom 1282/1711, BLEU=77.563, %=0.500
INFO:root:Idiom 1286/1711, BLEU=77.654, %=0.200
INFO:root:Idiom 1290/1711, BLEU=77.665, %=0.750
INFO:root:Idiom 1295/1711, BLEU=77.681, %=0.000
INFO:root:Idiom 1323/1711, BLEU=77.662, %=1.000
INFO:root:Sample 19 / 75
INFO:root:Sample 39 / 75
INFO:root:Sample 59 / 75
INFO:root:Idiom 1343/1711, BLEU=79.183, %=0.067
INFO:root:Idiom 1410/1711, BLEU=78.205, %=1.000
INFO:root:Idiom 1412/1711, BLEU=78.222, %=0.000
INFO:root:Idiom 1423/1711, BLEU=78.143, %=1.000
INFO:root:Idiom 1435/1711, BLEU=78.378, %=0.000
INFO:root:Idiom 1451/1711, BLEU=78.358, %=1.000
INFO:root:Idiom 1463/1711, BLEU=78.397, %=0.000
INFO:root:Idiom 1473/1711, BLEU=78.369, %=1.000
INFO:root:Idiom 1501/1711, BLEU=78.349, %=0.000
INFO:root:Idiom 1514/1711, BLEU=78.317, %=0.000
INFO:root:Idiom 1566/1711, BLEU=78.324, %=0.000
INFO:root:Idiom 1572/1711, BLEU=78.309, %=0.000
INFO:root:Idiom 1574/1711, BLEU=78.158, %=0.000
INFO:root:Idiom 1610/1711, BLEU=77.933, %=0.333
INFO:root:Idiom 1647/1711, BLEU=77.898, %=1.000
INFO:root:Idiom 1650/1711, BLEU=77.906, %=0.000
INFO:root:Sample 19 / 21
INFO:root:Idiom 1703/1711, BLEU=77.827, %=0.619
INFO:root:Idiom 1711/1711, BLEU=77.829, %=0.429
INFO:root:Idiom 0/1698, BLEU=74.277, %=0.500
INFO:root:Sample 19 / 96
INFO:root:Sample 39 / 96
INFO:root:Sample 59 / 96
INFO:root:Sample 79 / 96
INFO:root:Idiom 6/1698, BLEU=83.210, %=0.250
INFO:root:Idiom 12/1698, BLEU=83.194, %=0.000
INFO:root:Idiom 26/1698, BLEU=83.015, %=0.333
INFO:root:Idiom 34/1698, BLEU=83.059, %=0.500
INFO:root:Idiom 54/1698, BLEU=82.837, %=0.667
INFO:root:Idiom 80/1698, BLEU=82.575, %=1.000
INFO:root:Idiom 123/1698, BLEU=82.324, %=1.000
INFO:root:Idiom 170/1698, BLEU=81.169, %=0.500
INFO:root:Sample 19 / 118
INFO:root:Sample 39 / 118
INFO:root:Sample 59 / 118
INFO:root:Sample 79 / 118
INFO:root:Sample 99 / 118
INFO:root:Idiom 191/1698, BLEU=80.512, %=0.797
INFO:root:Idiom 194/1698, BLEU=80.438, %=0.500
INFO:root:Idiom 196/1698, BLEU=78.202, %=0.500
INFO:root:Idiom 205/1698, BLEU=78.291, %=0.000
INFO:root:Idiom 222/1698, BLEU=78.270, %=0.333
INFO:root:Idiom 227/1698, BLEU=78.305, %=0.000
INFO:root:Idiom 259/1698, BLEU=78.307, %=0.385
INFO:root:Sample 19 / 52
INFO:root:Sample 39 / 52
INFO:root:Idiom 262/1698, BLEU=78.816, %=0.365
INFO:root:Idiom 268/1698, BLEU=78.868, %=0.333
INFO:root:Idiom 291/1698, BLEU=78.787, %=1.000
INFO:root:Idiom 324/1698, BLEU=78.752, %=1.000
INFO:root:Idiom 343/1698, BLEU=78.990, %=0.182
INFO:root:Idiom 344/1698, BLEU=79.002, %=0.400
INFO:root:Idiom 356/1698, BLEU=79.011, %=0.500
INFO:root:Sample 19 / 20
INFO:root:Idiom 358/1698, BLEU=78.881, %=0.450
INFO:root:Idiom 360/1698, BLEU=78.856, %=0.800
INFO:root:Idiom 415/1698, BLEU=78.981, %=0.250
INFO:root:Idiom 441/1698, BLEU=78.947, %=0.500
INFO:root:Sample 19 / 35
INFO:root:Idiom 474/1698, BLEU=79.412, %=0.057
INFO:root:Idiom 505/1698, BLEU=79.412, %=1.000
INFO:root:Idiom 535/1698, BLEU=79.398, %=1.000
INFO:root:Idiom 540/1698, BLEU=79.255, %=1.000
INFO:root:Idiom 572/1698, BLEU=79.292, %=0.000
INFO:root:Idiom 624/1698, BLEU=79.519, %=0.000
INFO:root:Idiom 672/1698, BLEU=79.533, %=1.000
INFO:root:Idiom 681/1698, BLEU=79.542, %=0.154
INFO:root:Idiom 693/1698, BLEU=79.511, %=1.000
INFO:root:Idiom 718/1698, BLEU=79.502, %=0.000
INFO:root:Idiom 729/1698, BLEU=79.380, %=1.000
INFO:root:Idiom 734/1698, BLEU=79.351, %=0.000
INFO:root:Sample 19 / 170
INFO:root:Sample 39 / 170
INFO:root:Sample 59 / 170
INFO:root:Sample 79 / 170
INFO:root:Sample 99 / 170
INFO:root:Sample 119 / 170
INFO:root:Sample 139 / 170
INFO:root:Sample 159 / 170
INFO:root:Idiom 739/1698, BLEU=78.768, %=0.065
INFO:root:Sample 19 / 103
INFO:root:Sample 39 / 103
INFO:root:Sample 59 / 103
INFO:root:Sample 79 / 103
INFO:root:Sample 99 / 103
INFO:root:Idiom 751/1698, BLEU=78.571, %=0.175
INFO:root:Idiom 781/1698, BLEU=78.582, %=0.000
INFO:root:Idiom 825/1698, BLEU=78.593, %=0.500
INFO:root:Idiom 841/1698, BLEU=78.653, %=0.143
INFO:root:Idiom 873/1698, BLEU=78.645, %=1.000
INFO:root:Idiom 917/1698, BLEU=78.633, %=0.400
INFO:root:Idiom 922/1698, BLEU=78.648, %=0.000
INFO:root:Idiom 981/1698, BLEU=78.684, %=0.800
INFO:root:Idiom 1004/1698, BLEU=78.682, %=1.000
INFO:root:Sample 19 / 63
INFO:root:Sample 39 / 63
INFO:root:Sample 59 / 63
INFO:root:Idiom 1011/1698, BLEU=78.378, %=0.619
INFO:root:Idiom 1016/1698, BLEU=78.400, %=1.000
INFO:root:Idiom 1022/1698, BLEU=78.358, %=0.750
INFO:root:Idiom 1039/1698, BLEU=78.345, %=0.000
INFO:root:Idiom 1046/1698, BLEU=78.288, %=1.000
INFO:root:Idiom 1054/1698, BLEU=78.302, %=0.000
INFO:root:Idiom 1056/1698, BLEU=78.319, %=0.500
INFO:root:Idiom 1059/1698, BLEU=78.297, %=1.000
INFO:root:Idiom 1064/1698, BLEU=78.320, %=0.000
INFO:root:Idiom 1114/1698, BLEU=78.306, %=1.000
INFO:root:Idiom 1164/1698, BLEU=78.317, %=0.000
INFO:root:Idiom 1178/1698, BLEU=78.367, %=0.000
INFO:root:Idiom 1179/1698, BLEU=78.365, %=0.000
INFO:root:Idiom 1187/1698, BLEU=78.258, %=1.000
INFO:root:Idiom 1209/1698, BLEU=78.257, %=0.000
INFO:root:Idiom 1289/1698, BLEU=78.232, %=0.500
INFO:root:Idiom 1321/1698, BLEU=78.235, %=0.000
INFO:root:Idiom 1335/1698, BLEU=78.246, %=1.000
INFO:root:Idiom 1366/1698, BLEU=78.197, %=1.000
INFO:root:Idiom 1376/1698, BLEU=78.209, %=0.667
INFO:root:Idiom 1378/1698, BLEU=78.208, %=0.500
INFO:root:Idiom 1488/1698, BLEU=78.209, %=1.000
INFO:root:Idiom 1489/1698, BLEU=78.251, %=0.111
INFO:root:Idiom 1504/1698, BLEU=78.203, %=0.636
INFO:root:Idiom 1515/1698, BLEU=78.223, %=0.000
INFO:root:Idiom 1538/1698, BLEU=78.255, %=0.000
INFO:root:Idiom 1583/1698, BLEU=78.248, %=0.000
INFO:root:Idiom 1605/1698, BLEU=78.282, %=0.000
INFO:root:Idiom 1620/1698, BLEU=78.259, %=0.429
INFO:root:Idiom 1630/1698, BLEU=78.364, %=0.111
INFO:root:Idiom 1654/1698, BLEU=78.355, %=0.500
INFO:root:Idiom 1698/1698, BLEU=78.372, %=0.000
INFO:root:BLEU = 79.352, % idioms = 0.4000012412334182
{'act of god': 1.0, 'at your fingertips': 0.9230769230769231, 'bear in mind': 0.13684210526315788, 'blaze a trail': 1.0, 'bring someone to book': 1.0, 'by a long shot': 0.0, 'by dint of': 0.17948717948717952, 'call it a day': 0.6, 'carry the day': 1.0, 'claim to fame': 0.0, 'clean house': 1.0, 'cold feet': 0.0, 'come to a head': 0.8666666666666667, 'come to mind': 0.09734513274336287, 'cut both ways': 0.5, 'cut corners': 0.4444444444444444, 'do a runner': 0.4285714285714286, 'do me a favour': 0.0, "don't hold your breath": 0.0, 'down the hatch': 1.0, 'face to face': 0.19999999999999996, 'feel the pinch': 0.2727272727272727, 'fight tooth and nail': 0.0, 'fly off the handle': 0.0, 'full tilt': 0.2857142857142857, 'gather dust': 0.0, 'get a grip': 0.33333333333333337, 'get to grips with': 0.0898876404494382, 'go bananas': 0.0, 'go halves': 0.5, 'go places': 0.11111111111111116, 'go the distance': 0.5, 'hammer and tongs': 1.0, 'hard as nails': 1.0, 'hit the sack': 1.0, 'hold your horses': 0.4, 'in light of': 0.75, 'in the driving seat': 0.0, 'in the pipeline': 0.6, 'in your sights': 0.0, 'keep a low profile': 0.31034482758620685, 'keep someone in the dark': 1.0, 'keep the peace': 1.0, 'kick ass': 0.25, 'laughing stock': 0.07407407407407407, 'live wire': 0.0, 'lose face': 0.0, 'make a pitch': 0.0, 'muddy the waters': 0.0, 'off the beaten track': 0.0, 'off the shelf': 0.0, 'on the hop': 0.6, 'on the mend': 0.4285714285714286, 'on the same page': 1.0, 'on the take': 0.0, 'on the trot': 0.5, 'out of sight, out of mind': 1.0, 'out of sorts': 0.0, 'out of the picture': 0.6666666666666667, 'pass the buck': 0.5, 'pick up the pieces': 1.0, 'piss and vinegar': 0.0, 'play hookey': 0.0, 'press the flesh': 0.0, 'put someone in mind of': 0.6, 'read between the lines': 1.0, 'ring off the hook': 0.0, 'save face': 0.0, "save someone's skin": 1.0, 'small print': 0.15625, 'take a leak': 0.0, 'take root': 0.4545454545454546, 'take stock': 0.03508771929824561, 'take the plunge': 0.6666666666666667, 'to the hilt': 0.3846153846153846, 'tongue in cheek': 1.0, 'turn tail': 0.5, 'turn up trumps': 0.0, 'up sticks': 0.0, 'warts and all': 0.0, 'within living memory': 0.0, 'around the clock': 0.0, 'basket case': 0.0, 'beat about the bush': 0.5, 'beg the question': 0.5, 'behind the scenes': 0.18867924528301883, 'bits and bobs': 1.0, 'break new ground': 0.75, 'call the shots': 0.0, 'carrot and stick': 0.0, 'cock a snook': 0.33333333333333337, 'come to grips with': 0.23404255319148937, 'come to terms with': 0.039215686274509776, 'come up trumps': 0.0, 'curry favour': 1.0, 'down in the mouth': 1.0, 'err on the side of': 0.6666666666666667, 'food for thought': 0.33333333333333337, 'get a move on': 0.09615384615384615, 'get a rise out of': 0.0, "get on someone's wick": 1.0, "get up someone's nose": 1.0, 'go to seed': 0.0, 'grasp the nettle': 0.0, "grease someone's palm": 1.0, 'hands down': 0.1428571428571429, 'have a ball': 0.0, 'have it both ways': 0.25, 'head over heels': 0.19999999999999996, 'hit the road': 0.0, 'in no uncertain terms': 0.09999999999999998, 'in tandem': 0.27118644067796616, 'in the final analysis': 0.4193548387096774, 'in the hole': 0.0, 'in the sticks': 0.0, 'jockey for position': 1.0, 'jump to conclusions': 1.0, 'kick the habit': 0.0, 'lame duck': 0.0, 'leave no stone unturned': 1.0, 'look on the bright side': 0.6666666666666667, 'make a move': 0.3548387096774194, 'make the cut': 0.2857142857142857, 'neck of the woods': 0.0, 'no laughing matter': 0.6363636363636364, 'not give a fig': 0.0, 'on board': 0.0, 'on edge': 0.0, "on someone's mind": 0.21212121212121215, 'out of kilter': 1.0, 'out of your mind': 0.0, 'out on a limb': 0.07692307692307687, 'over the moon': 0.6666666666666667, 'pass muster': 0.11111111111111116, 'pay the piper': 0.33333333333333337, 'point the finger': 0.4666666666666667, 'quick as a flash': 1.0, 'ring a bell': 0.33333333333333337, 'rise to the occasion': 0.0, 'rough edges': 0.0, 'rub shoulders': 0.5, 'run out of steam': 0.625, 'set your sights on': 0.33333333333333337, 'slip of the tongue': 1.0, 'spring to mind': 0.4285714285714286, 'stake a claim': 0.0, 'stick in your craw': 0.0, 'swings and roundabouts': 1.0, 'take a back seat': 0.0, 'take a dim view of': 0.09090909090909094, 'take a shine to': 0.19999999999999996, 'take liberties': 0.5, 'take the liberty': 0.6666666666666667, "there's the rub": 0.33333333333333337, 'to a nicety': 0.0, 'to the tune of': 0.45833333333333337, 'turn the screw': 0.0, 'under the microscope': 0.33333333333333337, 'up to speed': 0.19999999999999996, 'up to the hilt': 0.5, 'when push comes to shove': 0.0, 'work to rule': 0.0, 'against the grain': 0.0, 'argue the toss': 0.16666666666666663, 'as luck would have it': 0.6666666666666667, 'at loggerheads': 0.11111111111111116, 'at the end of the day': 1.0, 'beyond the pale': 0.0, 'bite the dust': 1.0, 'body blow': 0.0, 'brownie point': 1.0, 'by hook or by crook': 0.33333333333333337, "catch someone's eye": 0.6808510638297872, 'champ at the bit': 0.19999999999999996, 'cheek by jowl': 0.5, 'come a cropper': 0.0, 'cry wolf': 0.0, 'crystal clear': 0.19999999999999996, 'cut a dash': 0.5, 'cut and thrust': 0.5, 'cut from the same cloth': 1.0, 'draw the short straw': 0.0, 'easy as pie': 0.0, 'fair game': 0.5, 'fit the bill': 1.0, "follow in someone's footsteps": 1.0, 'for keeps': 0.4, 'for the hell of it': 0.4285714285714286, 'full whack': 1.0, "get someone's back up": 1.0, 'get to the bottom of': 0.8888888888888888, 'give it a whirl': 0.0, 'go great guns': 0.0, 'go through the motions': 1.0, 'good offices': 0.0, 'have the hots for': 0.0, 'hear things': 0.0, 'hold the purse strings': 1.0, 'in a rut': 0.0, 'in cahoots': 0.2727272727272727, 'in full swing': 0.0, 'in the buff': 0.0, 'in the flesh': 0.9666666666666667, 'keep your fingers crossed': 0.5, 'laugh like a drain': 0.0, 'lie through your teeth': 1.0, 'like clockwork': 0.0, 'lose heart': 1.0, 'make a go of': 0.5625, 'make hay': 0.0, 'make the grade': 0.5, 'no great shakes': 0.0, 'out of the question': 0.4794520547945206, 'over your head': 1.0, 'perish the thought': 1.0, 'play ball': 0.0, 'put a damper on': 0.0, 'put a foot wrong': 0.0, 'rain cats and dogs': 1.0, 'ride herd on': 1.0, 'rock the boat': 0.5, 'rough and tumble': 0.19999999999999996, 'round the clock': 0.75, 'rule of thumb': 0.0, 'seal of approval': 1.0, 'set eyes on': 0.06666666666666665, 'speak your mind': 1.0, 'spill the beans': 0.0, 'square the circle': 1.0, "steal someone's thunder": 0.0, 'streets ahead': 1.0, 'sweet nothings': 0.0, 'take a dive': 1.0, 'take the gilt off the gingerbread': 0.0, 'talk shop': 0.0, 'thumb your nose at': 0.0, 'tip the scales': 0.0, 'tit for tat': 0.0, 'turn a blind eye': 0.33333333333333337, 'up for grabs': 1.0, 'up shit creek': 0.0, 'with a view to': 0.6190476190476191, 'without fail': 0.4285714285714286, "a hair's breadth": 0.5, 'across the board': 0.25, 'ahead of the game': 0.0, 'all things being equal': 0.33333333333333337, "anyone's guess": 0.5, 'at cross purposes': 0.6666666666666667, 'be my guest': 1.0, 'bite the bullet': 1.0, 'bring up the rear': 0.5, 'by heart': 0.7966101694915254, 'by no stretch of the imagination': 0.5, 'by the book': 0.5, "call someone's bluff": 0.0, 'change hands': 0.33333333333333337, 'chase your tail': 0.0, 'come full circle': 0.3846153846153846, 'come of age': 0.3653846153846154, 'come to grief': 0.33333333333333337, 'cross my heart': 1.0, 'dead meat': 1.0, 'do the right thing': 0.18181818181818177, 'do the trick': 0.4, 'down in the dumps': 0.5, 'down the drain': 0.44999999999999996, 'down the road': 0.8, 'fall by the wayside': 0.25, 'fit as a fiddle': 0.5, 'free rein': 0.05714285714285716, 'get off the ground': 1.0, 'give someone grief': 1.0, 'give someone the slip': 1.0, 'go the whole hog': 0.0, 'have an eye for': 0.0, 'hold court': 1.0, 'hold your tongue': 0.15384615384615385, "how's tricks?": 1.0, 'in stitches': 0.0, 'in the dock': 1.0, 'in the fast lane': 0.0, 'in the long run': 0.06470588235294117, 'in the short run': 0.1747572815533981, 'jump the track': 0.0, 'kiss ass': 0.5, 'lay a finger on': 0.1428571428571429, 'live a lie': 1.0, 'make short work of': 0.4, 'make waves': 0.0, 'no strings attached': 0.8, 'nutty as a fruitcake': 1.0, 'off the hook': 0.6190476190476191, 'off the wall': 1.0, 'on a roll': 0.75, 'on the cards': 0.0, 'on the fly': 1.0, 'on the lam': 0.0, 'on the make': 0.5, 'on the nod': 1.0, 'on the ropes': 0.0, 'out of the woods': 1.0, 'play for keeps': 0.0, 'pleased as punch': 0.0, 'poacher turned gamekeeper': 0.0, 'power behind the throne': 1.0, 'pump iron': 0.0, 'round the bend': 0.5, 'scratch the surface': 0.0, 'seize the day': 1.0, 'sick to death': 1.0, 'sitting duck': 0.6666666666666667, 'six feet under': 0.5, 'take someone for a ride': 1.0, 'take someone to task': 0.11111111111111116, 'take the piss': 0.6363636363636364, 'talk the talk': 0.0, 'the plot thickens': 0.0, 'to the bone': 0.0, 'tread the boards': 0.0, 'turn the tables': 0.4285714285714286, 'under fire': 0.11111111111111116, 'up the spout': 0.5, 'win the day': 0.0}
