INFO:root:{'hidden_layers': [], 'attention_layers': [1, 2, 3, 4, 5, 6], 'hidden_labels': [1], 'attention_labels': [0, 1], 'start': 0, 'stop': 1726, 'step': 1, 'baseline': False, 'filename': 'attention.pickle', 'folds': [0, 1, 2, 3], 'gather_attention': False}
INFO:root:Seed: 1
INFO:root:Sample 49 / 1726
INFO:root:Sample 99 / 1726
INFO:root:Sample 149 / 1726
INFO:root:Sample 199 / 1726
INFO:root:Sample 249 / 1726
INFO:root:Sample 299 / 1726
INFO:root:Sample 349 / 1726
INFO:root:Sample 399 / 1726
INFO:root:Sample 449 / 1726
INFO:root:Sample 499 / 1726
INFO:root:Sample 549 / 1726
INFO:root:Sample 599 / 1726
INFO:root:Sample 649 / 1726
INFO:root:Sample 699 / 1726
INFO:root:Sample 749 / 1726
INFO:root:Sample 799 / 1726
INFO:root:Sample 849 / 1726
INFO:root:Sample 899 / 1726
INFO:root:Sample 949 / 1726
INFO:root:Sample 999 / 1726
INFO:root:Sample 1049 / 1726
INFO:root:Sample 1099 / 1726
INFO:root:Sample 1149 / 1726
INFO:root:Sample 1199 / 1726
INFO:root:Sample 1249 / 1726
INFO:root:Sample 1299 / 1726
INFO:root:Sample 1349 / 1726
INFO:root:Sample 1399 / 1726
INFO:root:Sample 1449 / 1726
INFO:root:Sample 1499 / 1726
INFO:root:Sample 1549 / 1726
INFO:root:Sample 1599 / 1726
INFO:root:Sample 1649 / 1726
INFO:root:Sample 1699 / 1726
INFO:root:Idiom 7/1710, BLEU=100.000, %=0.000
INFO:root:Idiom 65/1710, BLEU=89.452, %=0.154
INFO:root:Sample 19 / 95
INFO:root:Sample 39 / 95
INFO:root:Sample 59 / 95
INFO:root:Sample 79 / 95
INFO:root:Idiom 82/1710, BLEU=86.282, %=0.084
INFO:root:Idiom 129/1710, BLEU=85.664, %=1.000
INFO:root:Idiom 168/1710, BLEU=85.186, %=0.500
INFO:root:Idiom 188/1710, BLEU=85.308, %=0.000
INFO:root:Sample 19 / 39
INFO:root:Idiom 190/1710, BLEU=86.099, %=0.000
INFO:root:Sample 19 / 25
INFO:root:Idiom 202/1710, BLEU=85.203, %=0.560
INFO:root:Idiom 212/1710, BLEU=85.211, %=0.000
INFO:root:Idiom 237/1710, BLEU=85.123, %=0.000
INFO:root:Idiom 239/1710, BLEU=85.016, %=0.000
INFO:root:Idiom 254/1710, BLEU=85.154, %=0.000
INFO:root:Sample 19 / 60
INFO:root:Sample 39 / 60
INFO:root:Sample 59 / 60
INFO:root:Idiom 266/1710, BLEU=85.381, %=0.050
INFO:root:Sample 19 / 113
INFO:root:Sample 39 / 113
INFO:root:Sample 59 / 113
INFO:root:Sample 79 / 113
INFO:root:Sample 99 / 113
INFO:root:Idiom 270/1710, BLEU=85.691, %=0.230
INFO:root:Idiom 307/1710, BLEU=85.852, %=0.200
INFO:root:Idiom 308/1710, BLEU=85.657, %=0.222
INFO:root:Idiom 338/1710, BLEU=85.624, %=0.214
INFO:root:Sample 19 / 22
INFO:root:Idiom 339/1710, BLEU=85.682, %=0.091
INFO:root:Idiom 349/1710, BLEU=85.672, %=0.000
INFO:root:Idiom 359/1710, BLEU=85.611, %=1.000
INFO:root:Sample 19 / 70
INFO:root:Sample 39 / 70
INFO:root:Sample 59 / 70
INFO:root:Idiom 411/1710, BLEU=85.702, %=0.043
INFO:root:Idiom 428/1710, BLEU=85.766, %=0.000
INFO:root:Idiom 432/1710, BLEU=85.815, %=0.000
INFO:root:Idiom 452/1710, BLEU=85.822, %=0.000
INFO:root:Idiom 488/1710, BLEU=85.907, %=0.143
INFO:root:Idiom 492/1710, BLEU=85.866, %=0.000
INFO:root:Idiom 493/1710, BLEU=85.790, %=0.133
INFO:root:Sample 19 / 89
INFO:root:Sample 39 / 89
INFO:root:Sample 59 / 89
INFO:root:Sample 79 / 89
INFO:root:Idiom 518/1710, BLEU=85.721, %=0.135
INFO:root:Idiom 546/1710, BLEU=85.098, %=0.000
INFO:root:Idiom 559/1710, BLEU=85.102, %=0.500
INFO:root:Idiom 565/1710, BLEU=85.037, %=0.222
INFO:root:Idiom 570/1710, BLEU=85.051, %=0.500
INFO:root:Idiom 604/1710, BLEU=85.026, %=1.000
INFO:root:Idiom 611/1710, BLEU=85.026, %=1.000
INFO:root:Idiom 668/1710, BLEU=85.059, %=0.000
INFO:root:Idiom 679/1710, BLEU=85.080, %=0.000
INFO:root:Idiom 711/1710, BLEU=85.049, %=0.000
INFO:root:Idiom 732/1710, BLEU=85.013, %=0.000
INFO:root:Idiom 745/1710, BLEU=84.929, %=0.200
INFO:root:Idiom 763/1710, BLEU=84.808, %=0.000
INFO:root:Sample 19 / 29
INFO:root:Idiom 786/1710, BLEU=85.075, %=0.103
INFO:root:Idiom 791/1710, BLEU=85.101, %=0.600
INFO:root:Idiom 794/1710, BLEU=85.061, %=0.500
INFO:root:Idiom 810/1710, BLEU=85.117, %=0.000
INFO:root:Sample 19 / 27
INFO:root:Idiom 840/1710, BLEU=85.184, %=0.111
INFO:root:Idiom 878/1710, BLEU=85.199, %=0.000
INFO:root:Idiom 888/1710, BLEU=85.223, %=0.000
INFO:root:Idiom 903/1710, BLEU=85.227, %=0.000
INFO:root:Idiom 952/1710, BLEU=85.108, %=1.000
INFO:root:Idiom 1009/1710, BLEU=85.004, %=0.500
INFO:root:Idiom 1014/1710, BLEU=85.012, %=1.000
INFO:root:Idiom 1049/1710, BLEU=84.988, %=0.200
INFO:root:Sample 19 / 28
INFO:root:Idiom 1057/1710, BLEU=85.103, %=0.107
INFO:root:Idiom 1066/1710, BLEU=85.118, %=0.000
INFO:root:Idiom 1074/1710, BLEU=85.112, %=0.000
INFO:root:Idiom 1075/1710, BLEU=85.118, %=0.000
INFO:root:Idiom 1106/1710, BLEU=85.124, %=0.000
INFO:root:Idiom 1107/1710, BLEU=85.181, %=0.111
INFO:root:Idiom 1111/1710, BLEU=85.139, %=0.333
INFO:root:Idiom 1137/1710, BLEU=85.144, %=0.000
INFO:root:Idiom 1149/1710, BLEU=85.134, %=1.000
INFO:root:Idiom 1155/1710, BLEU=85.149, %=0.000
INFO:root:Idiom 1169/1710, BLEU=85.168, %=0.000
INFO:root:Idiom 1191/1710, BLEU=85.145, %=0.000
INFO:root:Idiom 1222/1710, BLEU=85.165, %=0.600
INFO:root:Idiom 1258/1710, BLEU=85.154, %=0.000
INFO:root:Idiom 1275/1710, BLEU=85.177, %=0.000
INFO:root:Idiom 1313/1710, BLEU=85.303, %=0.000
INFO:root:Idiom 1315/1710, BLEU=85.320, %=0.000
INFO:root:Sample 19 / 64
INFO:root:Sample 39 / 64
INFO:root:Sample 59 / 64
INFO:root:Idiom 1394/1710, BLEU=85.680, %=0.016
INFO:root:Idiom 1477/1710, BLEU=85.676, %=0.000
INFO:root:Idiom 1487/1710, BLEU=85.702, %=0.273
INFO:root:Sample 19 / 114
INFO:root:Sample 39 / 114
INFO:root:Sample 59 / 114
INFO:root:Sample 79 / 114
INFO:root:Sample 99 / 114
INFO:root:Idiom 1493/1710, BLEU=86.135, %=0.061
INFO:root:Idiom 1505/1710, BLEU=86.178, %=0.000
INFO:root:Idiom 1584/1710, BLEU=86.190, %=0.154
INFO:root:Idiom 1590/1710, BLEU=86.201, %=0.000
INFO:root:Idiom 1616/1710, BLEU=86.202, %=0.167
INFO:root:Idiom 1623/1710, BLEU=86.186, %=1.000
INFO:root:Idiom 1651/1710, BLEU=86.194, %=0.000
INFO:root:Idiom 1675/1710, BLEU=86.149, %=1.000
INFO:root:Idiom 1710/1710, BLEU=86.161, %=0.000
INFO:root:Idiom 39/1714, BLEU=88.865, %=0.000
INFO:root:Idiom 76/1714, BLEU=69.272, %=0.500
INFO:root:Idiom 84/1714, BLEU=29.292, %=0.250
INFO:root:Idiom 95/1714, BLEU=39.708, %=0.000
INFO:root:Sample 19 / 106
INFO:root:Sample 39 / 106
INFO:root:Sample 59 / 106
INFO:root:Sample 79 / 106
INFO:root:Sample 99 / 106
INFO:root:Idiom 102/1714, BLEU=86.387, %=0.047
INFO:root:Idiom 127/1714, BLEU=86.449, %=0.000
INFO:root:Idiom 158/1714, BLEU=86.345, %=0.500
INFO:root:Sample 19 / 26
INFO:root:Idiom 206/1714, BLEU=86.886, %=0.000
INFO:root:Idiom 209/1714, BLEU=86.986, %=0.000
INFO:root:Idiom 250/1714, BLEU=86.808, %=0.333
INFO:root:Sample 19 / 47
INFO:root:Sample 39 / 47
INFO:root:Idiom 269/1714, BLEU=86.559, %=0.043
INFO:root:Sample 19 / 153
INFO:root:Sample 39 / 153
INFO:root:Sample 59 / 153
INFO:root:Sample 79 / 153
INFO:root:Sample 99 / 153
INFO:root:Sample 119 / 153
INFO:root:Sample 139 / 153
INFO:root:Idiom 271/1714, BLEU=87.527, %=0.007
INFO:root:Idiom 276/1714, BLEU=87.541, %=0.000
INFO:root:Idiom 301/1714, BLEU=87.501, %=1.000
INFO:root:Idiom 357/1714, BLEU=87.468, %=1.000
INFO:root:Idiom 398/1714, BLEU=87.256, %=1.000
INFO:root:Idiom 459/1714, BLEU=87.238, %=0.083
INFO:root:Sample 19 / 52
INFO:root:Sample 39 / 52
INFO:root:Idiom 496/1714, BLEU=87.657, %=0.000
INFO:root:Idiom 497/1714, BLEU=87.671, %=0.000
INFO:root:Idiom 508/1714, BLEU=87.634, %=1.000
INFO:root:Idiom 521/1714, BLEU=87.526, %=1.000
INFO:root:Idiom 576/1714, BLEU=87.448, %=0.333
INFO:root:Idiom 591/1714, BLEU=87.246, %=0.000
INFO:root:Idiom 592/1714, BLEU=87.242, %=0.000
INFO:root:Idiom 607/1714, BLEU=87.370, %=0.000
INFO:root:Idiom 614/1714, BLEU=87.349, %=0.000
INFO:root:Sample 19 / 20
INFO:root:Idiom 626/1714, BLEU=87.204, %=0.050
INFO:root:Idiom 640/1714, BLEU=87.200, %=0.200
INFO:root:Idiom 667/1714, BLEU=87.214, %=0.000
INFO:root:Sample 19 / 20
INFO:root:Idiom 714/1714, BLEU=86.970, %=0.350
INFO:root:Sample 19 / 59
INFO:root:Sample 39 / 59
INFO:root:Idiom 719/1714, BLEU=87.059, %=0.169
INFO:root:Sample 19 / 31
INFO:root:Idiom 735/1714, BLEU=87.326, %=0.129
INFO:root:Idiom 737/1714, BLEU=87.336, %=0.000
INFO:root:Idiom 753/1714, BLEU=87.343, %=0.000
INFO:root:Idiom 773/1714, BLEU=87.284, %=1.000
INFO:root:Idiom 783/1714, BLEU=87.097, %=1.000
INFO:root:Idiom 813/1714, BLEU=87.120, %=0.000
INFO:root:Idiom 835/1714, BLEU=87.302, %=0.500
INFO:root:Idiom 847/1714, BLEU=87.310, %=0.000
INFO:root:Idiom 885/1714, BLEU=87.208, %=0.667
INFO:root:Sample 19 / 31
INFO:root:Idiom 900/1714, BLEU=87.214, %=0.129
INFO:root:Idiom 919/1714, BLEU=87.168, %=0.000
INFO:root:Idiom 960/1714, BLEU=87.178, %=0.500
INFO:root:Idiom 975/1714, BLEU=87.257, %=0.000
INFO:root:Idiom 989/1714, BLEU=87.304, %=0.000
INFO:root:Idiom 1026/1714, BLEU=87.309, %=0.000
INFO:root:Idiom 1028/1714, BLEU=87.301, %=0.500
INFO:root:Sample 19 / 66
INFO:root:Sample 39 / 66
INFO:root:Sample 59 / 66
INFO:root:Idiom 1031/1714, BLEU=87.276, %=0.121
INFO:root:Idiom 1101/1714, BLEU=87.229, %=0.000
INFO:root:Sample 19 / 20
INFO:root:Idiom 1118/1714, BLEU=87.179, %=0.000
INFO:root:Idiom 1119/1714, BLEU=86.962, %=0.308
INFO:root:Idiom 1124/1714, BLEU=86.968, %=0.333
INFO:root:Idiom 1136/1714, BLEU=86.884, %=0.222
INFO:root:Idiom 1139/1714, BLEU=86.762, %=0.833
INFO:root:Idiom 1180/1714, BLEU=86.891, %=0.200
INFO:root:Idiom 1244/1714, BLEU=86.890, %=0.500
INFO:root:Idiom 1274/1714, BLEU=86.919, %=0.000
INFO:root:Idiom 1279/1714, BLEU=86.919, %=0.000
INFO:root:Idiom 1288/1714, BLEU=86.868, %=0.500
INFO:root:Idiom 1291/1714, BLEU=86.862, %=0.000
INFO:root:Idiom 1302/1714, BLEU=86.816, %=0.500
INFO:root:Idiom 1345/1714, BLEU=86.776, %=0.000
INFO:root:Idiom 1387/1714, BLEU=86.681, %=1.000
INFO:root:Sample 19 / 42
INFO:root:Sample 39 / 42
INFO:root:Idiom 1422/1714, BLEU=86.513, %=0.143
INFO:root:Idiom 1425/1714, BLEU=86.517, %=0.000
INFO:root:Idiom 1440/1714, BLEU=86.526, %=0.000
INFO:root:Idiom 1468/1714, BLEU=86.508, %=1.000
INFO:root:Idiom 1469/1714, BLEU=86.496, %=0.000
INFO:root:Idiom 1472/1714, BLEU=86.625, %=0.000
INFO:root:Idiom 1479/1714, BLEU=86.605, %=0.400
INFO:root:Idiom 1485/1714, BLEU=86.518, %=0.750
INFO:root:Idiom 1502/1714, BLEU=86.189, %=0.667
INFO:root:Idiom 1545/1714, BLEU=86.203, %=0.000
INFO:root:Idiom 1575/1714, BLEU=86.213, %=0.000
INFO:root:Sample 19 / 24
INFO:root:Idiom 1588/1714, BLEU=86.221, %=0.167
INFO:root:Idiom 1619/1714, BLEU=86.238, %=0.500
INFO:root:Idiom 1634/1714, BLEU=86.238, %=0.667
INFO:root:Idiom 1660/1714, BLEU=86.327, %=0.000
INFO:root:Idiom 1661/1714, BLEU=86.284, %=0.500
INFO:root:Idiom 1691/1714, BLEU=86.302, %=0.000
INFO:root:Idiom 1714/1714, BLEU=86.308, %=0.000
INFO:root:Idiom 10/1711, BLEU=85.924, %=0.500
INFO:root:Idiom 37/1711, BLEU=88.997, %=0.000
INFO:root:Idiom 43/1711, BLEU=87.320, %=0.667
INFO:root:Idiom 58/1711, BLEU=58.465, %=0.333
INFO:root:Idiom 64/1711, BLEU=59.803, %=0.000
INFO:root:Idiom 116/1711, BLEU=71.804, %=0.000
INFO:root:Idiom 124/1711, BLEU=72.656, %=1.000
INFO:root:Idiom 144/1711, BLEU=73.004, %=0.000
INFO:root:Idiom 172/1711, BLEU=73.708, %=0.000
INFO:root:Idiom 192/1711, BLEU=74.666, %=0.000
INFO:root:Sample 19 / 47
INFO:root:Sample 39 / 47
INFO:root:Idiom 219/1711, BLEU=79.332, %=0.468
INFO:root:Idiom 221/1711, BLEU=79.348, %=0.000
INFO:root:Idiom 228/1711, BLEU=80.060, %=0.500
INFO:root:Idiom 256/1711, BLEU=80.107, %=0.667
INFO:root:Idiom 297/1711, BLEU=80.323, %=0.000
INFO:root:Idiom 298/1711, BLEU=80.974, %=0.400
INFO:root:Idiom 302/1711, BLEU=81.106, %=0.500
INFO:root:Idiom 306/1711, BLEU=80.968, %=0.500
INFO:root:Idiom 309/1711, BLEU=81.011, %=0.000
INFO:root:Idiom 368/1711, BLEU=81.014, %=0.000
INFO:root:Idiom 388/1711, BLEU=80.918, %=0.000
INFO:root:Idiom 413/1711, BLEU=81.113, %=0.000
INFO:root:Idiom 443/1711, BLEU=81.092, %=1.000
INFO:root:Idiom 456/1711, BLEU=81.325, %=0.000
INFO:root:Idiom 466/1711, BLEU=81.938, %=0.100
INFO:root:Idiom 468/1711, BLEU=82.026, %=0.429
INFO:root:Idiom 489/1711, BLEU=81.911, %=0.500
INFO:root:Idiom 509/1711, BLEU=81.824, %=1.000
INFO:root:Idiom 519/1711, BLEU=81.822, %=0.333
INFO:root:Idiom 531/1711, BLEU=81.911, %=0.000
INFO:root:Idiom 558/1711, BLEU=81.973, %=0.000
INFO:root:Idiom 574/1711, BLEU=82.635, %=0.000
INFO:root:Idiom 587/1711, BLEU=83.720, %=0.000
INFO:root:Idiom 635/1711, BLEU=83.707, %=0.000
INFO:root:Idiom 643/1711, BLEU=83.663, %=0.000
INFO:root:Idiom 676/1711, BLEU=83.570, %=1.000
INFO:root:Idiom 698/1711, BLEU=83.479, %=1.000
INFO:root:Idiom 704/1711, BLEU=83.426, %=0.000
INFO:root:Sample 19 / 71
INFO:root:Sample 39 / 71
INFO:root:Sample 59 / 71
INFO:root:Idiom 708/1711, BLEU=85.879, %=0.014
INFO:root:Idiom 725/1711, BLEU=85.893, %=0.000
INFO:root:Sample 19 / 30
INFO:root:Idiom 736/1711, BLEU=85.978, %=0.300
INFO:root:Idiom 801/1711, BLEU=85.997, %=0.500
INFO:root:Idiom 839/1711, BLEU=86.061, %=0.000
INFO:root:Idiom 863/1711, BLEU=86.012, %=1.000
INFO:root:Idiom 869/1711, BLEU=86.067, %=0.000
INFO:root:Idiom 889/1711, BLEU=86.033, %=1.000
INFO:root:Idiom 895/1711, BLEU=86.184, %=0.188
INFO:root:Idiom 908/1711, BLEU=86.198, %=0.000
INFO:root:Idiom 920/1711, BLEU=86.272, %=0.500
INFO:root:Idiom 973/1711, BLEU=86.292, %=0.000
INFO:root:Sample 19 / 146
INFO:root:Sample 39 / 146
INFO:root:Sample 59 / 146
INFO:root:Sample 79 / 146
INFO:root:Sample 99 / 146
INFO:root:Sample 119 / 146
INFO:root:Sample 139 / 146
INFO:root:Idiom 1112/1711, BLEU=86.682, %=0.048
INFO:root:Idiom 1126/1711, BLEU=86.701, %=0.000
INFO:root:Idiom 1145/1711, BLEU=86.972, %=0.000
INFO:root:Idiom 1162/1711, BLEU=86.964, %=0.000
INFO:root:Idiom 1216/1711, BLEU=86.921, %=0.000
INFO:root:Idiom 1217/1711, BLEU=86.930, %=0.000
INFO:root:Idiom 1248/1711, BLEU=86.888, %=1.000
INFO:root:Idiom 1267/1711, BLEU=86.904, %=1.000
INFO:root:Idiom 1282/1711, BLEU=86.928, %=0.000
INFO:root:Idiom 1286/1711, BLEU=86.952, %=0.200
INFO:root:Idiom 1290/1711, BLEU=86.973, %=0.250
INFO:root:Idiom 1295/1711, BLEU=86.975, %=0.000
INFO:root:Idiom 1323/1711, BLEU=87.031, %=0.250
INFO:root:Sample 19 / 75
INFO:root:Sample 39 / 75
INFO:root:Sample 59 / 75
INFO:root:Idiom 1343/1711, BLEU=87.323, %=0.013
INFO:root:Idiom 1410/1711, BLEU=87.427, %=0.286
INFO:root:Idiom 1412/1711, BLEU=87.440, %=0.000
INFO:root:Idiom 1423/1711, BLEU=87.303, %=1.000
INFO:root:Idiom 1435/1711, BLEU=87.447, %=0.000
INFO:root:Idiom 1451/1711, BLEU=87.427, %=1.000
INFO:root:Idiom 1463/1711, BLEU=87.536, %=0.000
INFO:root:Idiom 1473/1711, BLEU=87.559, %=0.000
INFO:root:Idiom 1501/1711, BLEU=87.514, %=1.000
INFO:root:Idiom 1514/1711, BLEU=87.509, %=0.000
INFO:root:Idiom 1566/1711, BLEU=87.533, %=0.000
INFO:root:Idiom 1572/1711, BLEU=87.501, %=0.000
INFO:root:Idiom 1574/1711, BLEU=87.446, %=0.000
INFO:root:Idiom 1610/1711, BLEU=87.112, %=0.444
INFO:root:Idiom 1647/1711, BLEU=87.086, %=0.000
INFO:root:Idiom 1650/1711, BLEU=87.091, %=0.000
INFO:root:Sample 19 / 21
INFO:root:Idiom 1703/1711, BLEU=87.217, %=0.095
INFO:root:Idiom 1711/1711, BLEU=87.191, %=0.143
INFO:root:Idiom 0/1698, BLEU=91.533, %=0.000
INFO:root:Sample 19 / 96
INFO:root:Sample 39 / 96
INFO:root:Sample 59 / 96
INFO:root:Sample 79 / 96
INFO:root:Idiom 6/1698, BLEU=79.856, %=0.052
INFO:root:Idiom 12/1698, BLEU=79.955, %=0.500
INFO:root:Idiom 26/1698, BLEU=80.019, %=0.167
INFO:root:Idiom 34/1698, BLEU=80.247, %=0.000
INFO:root:Idiom 54/1698, BLEU=80.120, %=0.333
INFO:root:Idiom 80/1698, BLEU=80.163, %=0.250
INFO:root:Idiom 123/1698, BLEU=80.039, %=1.000
INFO:root:Idiom 170/1698, BLEU=79.443, %=0.000
INFO:root:Sample 19 / 118
INFO:root:Sample 39 / 118
INFO:root:Sample 59 / 118
INFO:root:Sample 79 / 118
INFO:root:Sample 99 / 118
INFO:root:Idiom 191/1698, BLEU=84.895, %=0.025
INFO:root:Idiom 194/1698, BLEU=84.930, %=0.000
INFO:root:Idiom 196/1698, BLEU=84.481, %=1.000
INFO:root:Idiom 205/1698, BLEU=84.513, %=0.000
INFO:root:Idiom 222/1698, BLEU=84.608, %=0.000
INFO:root:Idiom 227/1698, BLEU=84.633, %=0.000
INFO:root:Idiom 259/1698, BLEU=84.601, %=0.000
INFO:root:Sample 19 / 52
INFO:root:Sample 39 / 52
INFO:root:Idiom 262/1698, BLEU=85.167, %=0.135
INFO:root:Idiom 268/1698, BLEU=85.153, %=0.333
INFO:root:Idiom 291/1698, BLEU=85.181, %=0.000
INFO:root:Idiom 324/1698, BLEU=85.199, %=0.000
INFO:root:Idiom 343/1698, BLEU=85.450, %=0.000
INFO:root:Idiom 344/1698, BLEU=85.301, %=0.800
INFO:root:Idiom 356/1698, BLEU=85.342, %=0.000
INFO:root:Sample 19 / 20
INFO:root:Idiom 358/1698, BLEU=85.705, %=0.050
INFO:root:Idiom 360/1698, BLEU=85.687, %=0.000
INFO:root:Idiom 415/1698, BLEU=85.847, %=0.000
INFO:root:Idiom 441/1698, BLEU=85.802, %=0.500
INFO:root:Sample 19 / 35
INFO:root:Idiom 474/1698, BLEU=85.962, %=0.029
INFO:root:Idiom 505/1698, BLEU=85.979, %=0.000
INFO:root:Idiom 535/1698, BLEU=85.982, %=0.000
INFO:root:Idiom 540/1698, BLEU=85.966, %=0.333
INFO:root:Idiom 572/1698, BLEU=85.991, %=0.000
INFO:root:Idiom 624/1698, BLEU=85.855, %=0.000
INFO:root:Idiom 672/1698, BLEU=85.827, %=1.000
INFO:root:Idiom 681/1698, BLEU=85.894, %=0.154
INFO:root:Idiom 693/1698, BLEU=85.882, %=0.000
INFO:root:Idiom 718/1698, BLEU=85.890, %=0.000
INFO:root:Idiom 729/1698, BLEU=85.795, %=1.000
INFO:root:Idiom 734/1698, BLEU=85.800, %=0.000
INFO:root:Sample 19 / 170
INFO:root:Sample 39 / 170
INFO:root:Sample 59 / 170
INFO:root:Sample 79 / 170
INFO:root:Sample 99 / 170
INFO:root:Sample 119 / 170
INFO:root:Sample 139 / 170
INFO:root:Sample 159 / 170
INFO:root:Idiom 739/1698, BLEU=87.264, %=0.000
INFO:root:Sample 19 / 103
INFO:root:Sample 39 / 103
INFO:root:Sample 59 / 103
INFO:root:Sample 79 / 103
INFO:root:Sample 99 / 103
INFO:root:Idiom 751/1698, BLEU=87.752, %=0.019
INFO:root:Idiom 781/1698, BLEU=87.744, %=1.000
INFO:root:Idiom 825/1698, BLEU=87.750, %=0.000
INFO:root:Idiom 841/1698, BLEU=87.729, %=0.071
INFO:root:Idiom 873/1698, BLEU=87.735, %=0.000
INFO:root:Idiom 917/1698, BLEU=87.671, %=0.600
INFO:root:Idiom 922/1698, BLEU=87.653, %=0.000
INFO:root:Idiom 981/1698, BLEU=87.582, %=0.100
INFO:root:Idiom 1004/1698, BLEU=87.587, %=0.000
INFO:root:Sample 19 / 63
INFO:root:Sample 39 / 63
INFO:root:Sample 59 / 63
INFO:root:Idiom 1011/1698, BLEU=87.755, %=0.111
INFO:root:Idiom 1016/1698, BLEU=87.761, %=1.000
INFO:root:Idiom 1022/1698, BLEU=87.784, %=0.000
INFO:root:Idiom 1039/1698, BLEU=87.781, %=0.000
INFO:root:Idiom 1046/1698, BLEU=87.800, %=0.000
INFO:root:Idiom 1054/1698, BLEU=87.808, %=0.000
INFO:root:Idiom 1056/1698, BLEU=87.824, %=0.000
INFO:root:Idiom 1059/1698, BLEU=87.783, %=0.333
INFO:root:Idiom 1064/1698, BLEU=87.797, %=0.000
INFO:root:Idiom 1114/1698, BLEU=87.761, %=0.667
INFO:root:Idiom 1164/1698, BLEU=87.766, %=0.000
INFO:root:Idiom 1178/1698, BLEU=87.801, %=0.000
INFO:root:Idiom 1179/1698, BLEU=87.809, %=0.000
INFO:root:Idiom 1187/1698, BLEU=87.681, %=1.000
INFO:root:Idiom 1209/1698, BLEU=87.651, %=1.000
INFO:root:Idiom 1289/1698, BLEU=87.672, %=0.000
INFO:root:Idiom 1321/1698, BLEU=87.679, %=0.000
INFO:root:Idiom 1335/1698, BLEU=87.665, %=1.000
INFO:root:Idiom 1366/1698, BLEU=87.660, %=0.000
INFO:root:Idiom 1376/1698, BLEU=87.686, %=0.000
INFO:root:Idiom 1378/1698, BLEU=87.675, %=0.000
INFO:root:Idiom 1488/1698, BLEU=87.691, %=0.000
INFO:root:Idiom 1489/1698, BLEU=87.509, %=0.389
INFO:root:Idiom 1504/1698, BLEU=87.575, %=0.000
INFO:root:Idiom 1515/1698, BLEU=87.577, %=0.000
INFO:root:Idiom 1538/1698, BLEU=87.596, %=0.000
INFO:root:Idiom 1583/1698, BLEU=87.548, %=0.000
INFO:root:Idiom 1605/1698, BLEU=87.575, %=0.000
INFO:root:Idiom 1620/1698, BLEU=87.493, %=0.286
INFO:root:Idiom 1630/1698, BLEU=87.430, %=0.444
INFO:root:Idiom 1654/1698, BLEU=87.271, %=1.000
INFO:root:Idiom 1698/1698, BLEU=87.281, %=0.000
INFO:root:BLEU = 86.735, % idioms = 0.23589258005335964
{'act of god': 0.0, 'at your fingertips': 0.15384615384615385, 'bear in mind': 0.08421052631578951, 'blaze a trail': 1.0, 'bring someone to book': 0.5, 'by a long shot': 0.0, 'by dint of': 0.0, 'call it a day': 0.56, 'carry the day': 0.0, 'claim to fame': 0.0, 'clean house': 0.0, 'cold feet': 0.0, 'come to a head': 0.050000000000000044, 'come to mind': 0.23008849557522126, 'cut both ways': 0.19999999999999996, 'cut corners': 0.2222222222222222, 'do a runner': 0.2142857142857143, 'do me a favour': 0.09090909090909094, "don't hold your breath": 0.0, 'down the hatch': 1.0, 'face to face': 0.042857142857142816, 'feel the pinch': 0.0, 'fight tooth and nail': 0.0, 'fly off the handle': 0.0, 'full tilt': 0.1428571428571429, 'gather dust': 0.0, 'get a grip': 0.1333333333333333, 'get to grips with': 0.1348314606741573, 'go bananas': 0.0, 'go halves': 0.5, 'go places': 0.2222222222222222, 'go the distance': 0.5, 'hammer and tongs': 1.0, 'hard as nails': 1.0, 'hit the sack': 0.0, 'hold your horses': 0.0, 'in light of': 0.0, 'in the driving seat': 0.0, 'in the pipeline': 0.19999999999999996, 'in your sights': 0.0, 'keep a low profile': 0.10344827586206895, 'keep someone in the dark': 0.6, 'keep the peace': 0.5, 'kick ass': 0.0, 'laughing stock': 0.11111111111111116, 'live wire': 0.0, 'lose face': 0.0, 'make a pitch': 0.0, 'muddy the waters': 1.0, 'off the beaten track': 0.5, 'off the shelf': 1.0, 'on the hop': 0.19999999999999996, 'on the mend': 0.1071428571428571, 'on the same page': 0.0, 'on the take': 0.0, 'on the trot': 0.0, 'out of sight, out of mind': 0.0, 'out of sorts': 0.11111111111111116, 'out of the picture': 0.33333333333333337, 'pass the buck': 0.0, 'pick up the pieces': 1.0, 'piss and vinegar': 0.0, 'play hookey': 0.0, 'press the flesh': 0.0, 'put someone in mind of': 0.6, 'read between the lines': 0.0, 'ring off the hook': 0.0, 'save face': 0.0, "save someone's skin": 0.0, 'small print': 0.015625, 'take a leak': 0.0, 'take root': 0.2727272727272727, 'take stock': 0.06140350877192979, 'take the plunge': 0.0, 'to the hilt': 0.15384615384615385, 'tongue in cheek': 0.0, 'turn tail': 0.16666666666666663, 'turn up trumps': 1.0, 'up sticks': 0.0, 'warts and all': 1.0, 'within living memory': 0.0, 'around the clock': 0.0, 'basket case': 0.5, 'beat about the bush': 0.25, 'beg the question': 0.0, 'behind the scenes': 0.047169811320754707, 'bits and bobs': 0.0, 'break new ground': 0.5, 'call the shots': 0.0, 'carrot and stick': 0.0, 'cock a snook': 0.33333333333333337, 'come to grips with': 0.04255319148936165, 'come to terms with': 0.006535947712418277, 'come up trumps': 0.0, 'curry favour': 1.0, 'down in the mouth': 1.0, 'err on the side of': 1.0, 'food for thought': 0.08333333333333337, 'get a move on': 0.0, 'get a rise out of': 0.0, "get on someone's wick": 1.0, "get up someone's nose": 1.0, 'go to seed': 0.33333333333333337, 'grasp the nettle': 0.0, "grease someone's palm": 0.0, 'hands down': 0.0, 'have a ball': 0.0, 'have it both ways': 0.050000000000000044, 'head over heels': 0.19999999999999996, 'hit the road': 0.0, 'in no uncertain terms': 0.35, 'in tandem': 0.1694915254237288, 'in the final analysis': 0.12903225806451613, 'in the hole': 0.0, 'in the sticks': 0.0, 'jockey for position': 1.0, 'jump to conclusions': 1.0, 'kick the habit': 0.0, 'lame duck': 0.5, 'leave no stone unturned': 0.0, 'look on the bright side': 0.6666666666666667, 'make a move': 0.12903225806451613, 'make the cut': 0.0, 'neck of the woods': 0.5, 'no laughing matter': 0.0, 'not give a fig': 0.0, 'on board': 0.0, 'on edge': 0.5, "on someone's mind": 0.12121212121212122, 'out of kilter': 0.0, 'out of your mind': 0.0, 'out on a limb': 0.3076923076923077, 'over the moon': 0.33333333333333337, 'pass muster': 0.2222222222222222, 'pay the piper': 0.8333333333333334, 'point the finger': 0.19999999999999996, 'quick as a flash': 0.5, 'ring a bell': 0.0, 'rise to the occasion': 0.0, 'rough edges': 0.5, 'rub shoulders': 0.0, 'run out of steam': 0.5, 'set your sights on': 0.0, 'slip of the tongue': 1.0, 'spring to mind': 0.1428571428571429, 'stake a claim': 0.0, 'stick in your craw': 0.0, 'swings and roundabouts': 1.0, 'take a back seat': 0.0, 'take a dim view of': 0.0, 'take a shine to': 0.4, 'take liberties': 0.75, 'take the liberty': 0.6666666666666667, "there's the rub": 0.0, 'to a nicety': 0.0, 'to the tune of': 0.16666666666666663, 'turn the screw': 0.5, 'under the microscope': 0.6666666666666667, 'up to speed': 0.0, 'up to the hilt': 0.5, 'when push comes to shove': 0.0, 'work to rule': 0.0, 'against the grain': 0.5, 'argue the toss': 0.0, 'as luck would have it': 0.6666666666666667, 'at loggerheads': 0.33333333333333337, 'at the end of the day': 0.0, 'beyond the pale': 0.0, 'bite the dust': 1.0, 'body blow': 0.0, 'brownie point': 0.0, 'by hook or by crook': 0.0, "catch someone's eye": 0.46808510638297873, 'champ at the bit': 0.0, 'cheek by jowl': 0.5, 'come a cropper': 0.6666666666666667, 'cry wolf': 0.0, 'crystal clear': 0.4, 'cut a dash': 0.5, 'cut and thrust': 0.5, 'cut from the same cloth': 0.0, 'draw the short straw': 0.0, 'easy as pie': 0.0, 'fair game': 0.0, 'fit the bill': 1.0, "follow in someone's footsteps": 0.0, 'for keeps': 0.09999999999999998, 'for the hell of it': 0.4285714285714286, 'full whack': 0.5, "get someone's back up": 1.0, 'get to the bottom of': 0.33333333333333337, 'give it a whirl': 0.0, 'go great guns': 0.0, 'go through the motions': 0.0, 'good offices': 0.0, 'have the hots for': 0.0, 'hear things': 0.0, 'hold the purse strings': 1.0, 'in a rut': 1.0, 'in cahoots': 0.0, 'in full swing': 0.014084507042253502, 'in the buff': 0.0, 'in the flesh': 0.30000000000000004, 'keep your fingers crossed': 0.5, 'laugh like a drain': 0.0, 'lie through your teeth': 1.0, 'like clockwork': 0.0, 'lose heart': 1.0, 'make a go of': 0.1875, 'make hay': 0.0, 'make the grade': 0.5, 'no great shakes': 0.0, 'out of the question': 0.047945205479452024, 'over your head': 0.0, 'perish the thought': 0.0, 'play ball': 0.0, 'put a damper on': 0.0, 'put a foot wrong': 0.0, 'rain cats and dogs': 1.0, 'ride herd on': 1.0, 'rock the boat': 0.0, 'rough and tumble': 0.19999999999999996, 'round the clock': 0.25, 'rule of thumb': 0.0, 'seal of approval': 0.25, 'set eyes on': 0.013333333333333308, 'speak your mind': 0.2857142857142857, 'spill the beans': 0.0, 'square the circle': 1.0, "steal someone's thunder": 0.0, 'streets ahead': 1.0, 'sweet nothings': 0.0, 'take a dive': 0.0, 'take the gilt off the gingerbread': 1.0, 'talk shop': 0.0, 'thumb your nose at': 0.0, 'tip the scales': 0.0, 'tit for tat': 0.0, 'turn a blind eye': 0.4444444444444444, 'up for grabs': 0.0, 'up shit creek': 0.0, 'with a view to': 0.09523809523809523, 'without fail': 0.1428571428571429, "a hair's breadth": 0.0, 'across the board': 0.05208333333333337, 'ahead of the game': 0.5, 'all things being equal': 0.16666666666666663, "anyone's guess": 0.0, 'at cross purposes': 0.33333333333333337, 'be my guest': 0.25, 'bite the bullet': 1.0, 'bring up the rear': 0.0, 'by heart': 0.025423728813559365, 'by no stretch of the imagination': 0.0, 'by the book': 1.0, "call someone's bluff": 0.0, 'change hands': 0.0, 'chase your tail': 0.0, 'come full circle': 0.0, 'come of age': 0.13461538461538458, 'come to grief': 0.33333333333333337, 'cross my heart': 0.0, 'dead meat': 0.0, 'do the right thing': 0.0, 'do the trick': 0.8, 'down in the dumps': 0.0, 'down the drain': 0.050000000000000044, 'down the road': 0.0, 'fall by the wayside': 0.0, 'fit as a fiddle': 0.5, 'free rein': 0.02857142857142858, 'get off the ground': 0.0, 'give someone grief': 0.0, 'give someone the slip': 0.33333333333333337, 'go the whole hog': 0.0, 'have an eye for': 0.0, 'hold court': 1.0, 'hold your tongue': 0.15384615384615385, "how's tricks?": 0.0, 'in stitches': 0.0, 'in the dock': 1.0, 'in the fast lane': 0.0, 'in the long run': 0.0, 'in the short run': 0.01941747572815533, 'jump the track': 1.0, 'kiss ass': 0.0, 'lay a finger on': 0.0714285714285714, 'live a lie': 0.0, 'make short work of': 0.6, 'make waves': 0.0, 'no strings attached': 0.09999999999999998, 'nutty as a fruitcake': 0.0, 'off the hook': 0.11111111111111116, 'off the wall': 1.0, 'on a roll': 0.0, 'on the cards': 0.0, 'on the fly': 0.0, 'on the lam': 0.0, 'on the make': 0.0, 'on the nod': 0.33333333333333337, 'on the ropes': 0.0, 'out of the woods': 0.6666666666666667, 'play for keeps': 0.0, 'pleased as punch': 0.0, 'poacher turned gamekeeper': 0.0, 'power behind the throne': 1.0, 'pump iron': 1.0, 'round the bend': 0.0, 'scratch the surface': 0.0, 'seize the day': 1.0, 'sick to death': 0.0, 'sitting duck': 0.0, 'six feet under': 0.0, 'take someone for a ride': 0.0, 'take someone to task': 0.38888888888888884, 'take the piss': 0.0, 'talk the talk': 0.0, 'the plot thickens': 0.0, 'to the bone': 0.0, 'tread the boards': 0.0, 'turn the tables': 0.2857142857142857, 'under fire': 0.4444444444444444, 'up the spout': 1.0, 'win the day': 0.0}
