INFO:root:{'hidden_layers': [], 'attention_layers': [1, 2, 3, 4, 5, 6], 'hidden_labels': [1], 'attention_labels': [0, 1], 'start': 0, 'stop': 1726, 'step': 1, 'baseline': True, 'filename': 'attention.pickle', 'folds': [0, 1, 2, 3], 'gather_attention': False}
INFO:root:Seed: 1
INFO:root:Sample 49 / 1726
INFO:root:Sample 99 / 1726
INFO:root:Sample 149 / 1726
INFO:root:Sample 199 / 1726
INFO:root:Sample 249 / 1726
INFO:root:Sample 299 / 1726
INFO:root:Sample 349 / 1726
INFO:root:Sample 399 / 1726
INFO:root:Sample 449 / 1726
INFO:root:Sample 499 / 1726
INFO:root:Sample 549 / 1726
INFO:root:Sample 599 / 1726
INFO:root:Sample 649 / 1726
INFO:root:Sample 699 / 1726
INFO:root:Sample 749 / 1726
INFO:root:Sample 799 / 1726
INFO:root:Sample 849 / 1726
INFO:root:Sample 899 / 1726
INFO:root:Sample 949 / 1726
INFO:root:Sample 999 / 1726
INFO:root:Sample 1049 / 1726
INFO:root:Sample 1099 / 1726
INFO:root:Sample 1149 / 1726
INFO:root:Sample 1199 / 1726
INFO:root:Sample 1249 / 1726
INFO:root:Sample 1299 / 1726
INFO:root:Sample 1349 / 1726
INFO:root:Sample 1399 / 1726
INFO:root:Sample 1449 / 1726
INFO:root:Sample 1499 / 1726
INFO:root:Sample 1549 / 1726
INFO:root:Sample 1599 / 1726
INFO:root:Sample 1649 / 1726
INFO:root:Sample 1699 / 1726
INFO:root:Idiom 7/1710, BLEU=82.514, %=0.000
INFO:root:Idiom 65/1710, BLEU=86.489, %=0.231
INFO:root:Sample 19 / 95
INFO:root:Sample 39 / 95
INFO:root:Sample 59 / 95
INFO:root:Sample 79 / 95
INFO:root:Idiom 82/1710, BLEU=85.173, %=0.095
INFO:root:Idiom 129/1710, BLEU=85.026, %=0.500
INFO:root:Idiom 168/1710, BLEU=84.694, %=0.000
INFO:root:Idiom 188/1710, BLEU=84.718, %=0.000
INFO:root:Sample 19 / 39
INFO:root:Idiom 190/1710, BLEU=86.400, %=0.026
INFO:root:Sample 19 / 25
INFO:root:Idiom 202/1710, BLEU=86.345, %=0.080
INFO:root:Idiom 212/1710, BLEU=86.347, %=0.000
INFO:root:Idiom 237/1710, BLEU=86.253, %=0.000
INFO:root:Idiom 239/1710, BLEU=86.288, %=0.000
INFO:root:Idiom 254/1710, BLEU=86.311, %=0.000
INFO:root:Sample 19 / 60
INFO:root:Sample 39 / 60
INFO:root:Sample 59 / 60
INFO:root:Idiom 266/1710, BLEU=86.644, %=0.200
INFO:root:Sample 19 / 113
INFO:root:Sample 39 / 113
INFO:root:Sample 59 / 113
INFO:root:Sample 79 / 113
INFO:root:Sample 99 / 113
INFO:root:Idiom 270/1710, BLEU=87.573, %=0.071
INFO:root:Idiom 307/1710, BLEU=87.623, %=0.300
INFO:root:Idiom 308/1710, BLEU=87.161, %=0.333
INFO:root:Idiom 338/1710, BLEU=87.180, %=0.143
INFO:root:Sample 19 / 22
INFO:root:Idiom 339/1710, BLEU=87.295, %=0.000
INFO:root:Idiom 349/1710, BLEU=87.313, %=0.000
INFO:root:Idiom 359/1710, BLEU=87.296, %=0.000
INFO:root:Sample 19 / 70
INFO:root:Sample 39 / 70
INFO:root:Sample 59 / 70
INFO:root:Idiom 411/1710, BLEU=86.938, %=0.014
INFO:root:Idiom 428/1710, BLEU=87.054, %=0.182
INFO:root:Idiom 432/1710, BLEU=87.099, %=0.000
INFO:root:Idiom 452/1710, BLEU=87.106, %=0.000
INFO:root:Idiom 488/1710, BLEU=87.168, %=0.000
INFO:root:Idiom 492/1710, BLEU=87.174, %=0.000
INFO:root:Idiom 493/1710, BLEU=87.211, %=0.000
INFO:root:Sample 19 / 89
INFO:root:Sample 39 / 89
INFO:root:Sample 59 / 89
INFO:root:Sample 79 / 89
INFO:root:Idiom 518/1710, BLEU=86.972, %=0.011
INFO:root:Idiom 546/1710, BLEU=87.050, %=0.000
INFO:root:Idiom 559/1710, BLEU=86.964, %=0.500
INFO:root:Idiom 565/1710, BLEU=86.900, %=0.222
INFO:root:Idiom 570/1710, BLEU=86.928, %=0.000
INFO:root:Idiom 604/1710, BLEU=86.918, %=1.000
INFO:root:Idiom 611/1710, BLEU=86.905, %=1.000
INFO:root:Idiom 668/1710, BLEU=86.934, %=0.000
INFO:root:Idiom 679/1710, BLEU=86.936, %=0.000
INFO:root:Idiom 711/1710, BLEU=86.287, %=0.250
INFO:root:Idiom 732/1710, BLEU=86.308, %=0.000
INFO:root:Idiom 745/1710, BLEU=86.172, %=0.400
INFO:root:Idiom 763/1710, BLEU=85.989, %=0.000
INFO:root:Sample 19 / 29
INFO:root:Idiom 786/1710, BLEU=86.308, %=0.000
INFO:root:Idiom 791/1710, BLEU=86.304, %=0.400
INFO:root:Idiom 794/1710, BLEU=86.318, %=1.000
INFO:root:Idiom 810/1710, BLEU=86.264, %=0.250
INFO:root:Sample 19 / 27
INFO:root:Idiom 840/1710, BLEU=86.262, %=0.185
INFO:root:Idiom 878/1710, BLEU=86.276, %=0.000
INFO:root:Idiom 888/1710, BLEU=86.298, %=0.000
INFO:root:Idiom 903/1710, BLEU=86.316, %=0.000
INFO:root:Idiom 952/1710, BLEU=86.327, %=0.000
INFO:root:Idiom 1009/1710, BLEU=86.270, %=0.000
INFO:root:Idiom 1014/1710, BLEU=86.299, %=0.000
INFO:root:Idiom 1049/1710, BLEU=86.257, %=0.200
INFO:root:Sample 19 / 28
INFO:root:Idiom 1057/1710, BLEU=86.195, %=0.107
INFO:root:Idiom 1066/1710, BLEU=86.190, %=1.000
INFO:root:Idiom 1074/1710, BLEU=86.191, %=0.250
INFO:root:Idiom 1075/1710, BLEU=86.177, %=0.500
INFO:root:Idiom 1106/1710, BLEU=86.183, %=0.000
INFO:root:Idiom 1107/1710, BLEU=86.171, %=0.167
INFO:root:Idiom 1111/1710, BLEU=86.188, %=0.333
INFO:root:Idiom 1137/1710, BLEU=86.165, %=0.000
INFO:root:Idiom 1149/1710, BLEU=86.170, %=0.000
INFO:root:Idiom 1155/1710, BLEU=86.155, %=1.000
INFO:root:Idiom 1169/1710, BLEU=86.173, %=0.000
INFO:root:Idiom 1191/1710, BLEU=86.166, %=0.000
INFO:root:Idiom 1222/1710, BLEU=86.126, %=0.600
INFO:root:Idiom 1258/1710, BLEU=86.147, %=0.000
INFO:root:Idiom 1275/1710, BLEU=86.169, %=0.000
INFO:root:Idiom 1313/1710, BLEU=86.287, %=0.000
INFO:root:Idiom 1315/1710, BLEU=86.276, %=1.000
INFO:root:Sample 19 / 64
INFO:root:Sample 39 / 64
INFO:root:Sample 59 / 64
INFO:root:Idiom 1394/1710, BLEU=86.766, %=0.016
INFO:root:Idiom 1477/1710, BLEU=86.787, %=0.000
INFO:root:Idiom 1487/1710, BLEU=86.783, %=0.273
INFO:root:Sample 19 / 114
INFO:root:Sample 39 / 114
INFO:root:Sample 59 / 114
INFO:root:Sample 79 / 114
INFO:root:Sample 99 / 114
INFO:root:Idiom 1493/1710, BLEU=87.363, %=0.009
INFO:root:Idiom 1505/1710, BLEU=87.351, %=0.667
INFO:root:Idiom 1584/1710, BLEU=87.445, %=0.154
INFO:root:Idiom 1590/1710, BLEU=87.454, %=0.000
INFO:root:Idiom 1616/1710, BLEU=87.461, %=0.167
INFO:root:Idiom 1623/1710, BLEU=87.443, %=1.000
INFO:root:Idiom 1651/1710, BLEU=87.451, %=0.000
INFO:root:Idiom 1675/1710, BLEU=87.449, %=1.000
INFO:root:Idiom 1710/1710, BLEU=87.460, %=0.000
INFO:root:Idiom 39/1714, BLEU=59.340, %=0.500
INFO:root:Idiom 76/1714, BLEU=74.145, %=0.000
INFO:root:Idiom 84/1714, BLEU=90.093, %=0.000
INFO:root:Idiom 95/1714, BLEU=91.608, %=0.000
INFO:root:Sample 19 / 106
INFO:root:Sample 39 / 106
INFO:root:Sample 59 / 106
INFO:root:Sample 79 / 106
INFO:root:Sample 99 / 106
INFO:root:Idiom 102/1714, BLEU=92.857, %=0.038
INFO:root:Idiom 127/1714, BLEU=92.889, %=0.000
INFO:root:Idiom 158/1714, BLEU=92.718, %=0.500
INFO:root:Sample 19 / 26
INFO:root:Idiom 206/1714, BLEU=92.084, %=0.000
INFO:root:Idiom 209/1714, BLEU=91.866, %=0.000
INFO:root:Idiom 250/1714, BLEU=91.765, %=0.333
INFO:root:Sample 19 / 47
INFO:root:Sample 39 / 47
INFO:root:Idiom 269/1714, BLEU=89.704, %=0.043
INFO:root:Sample 19 / 153
INFO:root:Sample 39 / 153
INFO:root:Sample 59 / 153
INFO:root:Sample 79 / 153
INFO:root:Sample 99 / 153
INFO:root:Sample 119 / 153
INFO:root:Sample 139 / 153
INFO:root:Idiom 271/1714, BLEU=88.930, %=0.007
INFO:root:Idiom 276/1714, BLEU=88.943, %=0.000
INFO:root:Idiom 301/1714, BLEU=88.952, %=0.000
INFO:root:Idiom 357/1714, BLEU=88.956, %=1.000
INFO:root:Idiom 398/1714, BLEU=88.879, %=0.667
INFO:root:Idiom 459/1714, BLEU=88.748, %=0.000
INFO:root:Sample 19 / 52
INFO:root:Sample 39 / 52
INFO:root:Idiom 496/1714, BLEU=89.007, %=0.000
INFO:root:Idiom 497/1714, BLEU=89.020, %=0.000
INFO:root:Idiom 508/1714, BLEU=89.011, %=1.000
INFO:root:Idiom 521/1714, BLEU=88.866, %=1.000
INFO:root:Idiom 576/1714, BLEU=88.780, %=0.333
INFO:root:Idiom 591/1714, BLEU=88.441, %=0.000
INFO:root:Idiom 592/1714, BLEU=88.436, %=0.000
INFO:root:Idiom 607/1714, BLEU=88.468, %=0.000
INFO:root:Idiom 614/1714, BLEU=88.391, %=0.000
INFO:root:Sample 19 / 20
INFO:root:Idiom 626/1714, BLEU=88.225, %=0.000
INFO:root:Idiom 640/1714, BLEU=88.245, %=0.200
INFO:root:Idiom 667/1714, BLEU=88.258, %=0.000
INFO:root:Sample 19 / 20
INFO:root:Idiom 714/1714, BLEU=88.271, %=0.100
INFO:root:Sample 19 / 59
INFO:root:Sample 39 / 59
INFO:root:Idiom 719/1714, BLEU=88.160, %=0.119
INFO:root:Sample 19 / 31
INFO:root:Idiom 735/1714, BLEU=88.412, %=0.065
INFO:root:Idiom 737/1714, BLEU=88.422, %=0.000
INFO:root:Idiom 753/1714, BLEU=88.427, %=0.000
INFO:root:Idiom 773/1714, BLEU=88.372, %=0.000
INFO:root:Idiom 783/1714, BLEU=88.367, %=0.000
INFO:root:Idiom 813/1714, BLEU=88.380, %=0.000
INFO:root:Idiom 835/1714, BLEU=88.552, %=0.000
INFO:root:Idiom 847/1714, BLEU=88.573, %=0.000
INFO:root:Idiom 885/1714, BLEU=88.445, %=0.667
INFO:root:Sample 19 / 31
INFO:root:Idiom 900/1714, BLEU=88.436, %=0.065
INFO:root:Idiom 919/1714, BLEU=87.762, %=0.143
INFO:root:Idiom 960/1714, BLEU=87.789, %=0.000
INFO:root:Idiom 975/1714, BLEU=87.767, %=0.273
INFO:root:Idiom 989/1714, BLEU=87.824, %=0.000
INFO:root:Idiom 1026/1714, BLEU=87.903, %=0.000
INFO:root:Idiom 1028/1714, BLEU=87.877, %=0.500
INFO:root:Sample 19 / 66
INFO:root:Sample 39 / 66
INFO:root:Sample 59 / 66
INFO:root:Idiom 1031/1714, BLEU=87.963, %=0.136
INFO:root:Idiom 1101/1714, BLEU=87.947, %=1.000
INFO:root:Sample 19 / 20
INFO:root:Idiom 1118/1714, BLEU=88.016, %=0.000
INFO:root:Idiom 1119/1714, BLEU=87.936, %=0.154
INFO:root:Idiom 1124/1714, BLEU=87.903, %=0.667
INFO:root:Idiom 1136/1714, BLEU=87.890, %=0.000
INFO:root:Idiom 1139/1714, BLEU=87.783, %=0.167
INFO:root:Idiom 1180/1714, BLEU=87.917, %=0.067
INFO:root:Idiom 1244/1714, BLEU=87.914, %=0.500
INFO:root:Idiom 1274/1714, BLEU=87.887, %=0.333
INFO:root:Idiom 1279/1714, BLEU=87.893, %=0.000
INFO:root:Idiom 1288/1714, BLEU=87.851, %=0.000
INFO:root:Idiom 1291/1714, BLEU=87.852, %=0.000
INFO:root:Idiom 1302/1714, BLEU=87.849, %=0.250
INFO:root:Idiom 1345/1714, BLEU=87.856, %=0.000
INFO:root:Idiom 1387/1714, BLEU=87.802, %=1.000
INFO:root:Sample 19 / 42
INFO:root:Sample 39 / 42
INFO:root:Idiom 1422/1714, BLEU=87.671, %=0.119
INFO:root:Idiom 1425/1714, BLEU=87.689, %=0.000
INFO:root:Idiom 1440/1714, BLEU=87.689, %=0.000
INFO:root:Idiom 1468/1714, BLEU=87.668, %=1.000
INFO:root:Idiom 1469/1714, BLEU=87.655, %=0.000
INFO:root:Idiom 1472/1714, BLEU=87.709, %=0.091
INFO:root:Idiom 1479/1714, BLEU=87.697, %=0.000
INFO:root:Idiom 1485/1714, BLEU=87.624, %=0.500
INFO:root:Idiom 1502/1714, BLEU=87.272, %=0.667
INFO:root:Idiom 1545/1714, BLEU=87.284, %=0.000
INFO:root:Idiom 1575/1714, BLEU=87.294, %=0.000
INFO:root:Sample 19 / 24
INFO:root:Idiom 1588/1714, BLEU=87.408, %=0.042
INFO:root:Idiom 1619/1714, BLEU=87.423, %=0.500
INFO:root:Idiom 1634/1714, BLEU=87.409, %=0.333
INFO:root:Idiom 1660/1714, BLEU=87.472, %=0.000
INFO:root:Idiom 1661/1714, BLEU=87.453, %=0.250
INFO:root:Idiom 1691/1714, BLEU=87.457, %=1.000
INFO:root:Idiom 1714/1714, BLEU=87.463, %=0.000
INFO:root:Idiom 10/1711, BLEU=93.683, %=0.000
INFO:root:Idiom 37/1711, BLEU=95.173, %=0.000
INFO:root:Idiom 43/1711, BLEU=93.846, %=0.000
INFO:root:Idiom 58/1711, BLEU=66.150, %=0.333
INFO:root:Idiom 64/1711, BLEU=67.259, %=0.000
INFO:root:Idiom 116/1711, BLEU=77.580, %=0.062
INFO:root:Idiom 124/1711, BLEU=78.467, %=0.000
INFO:root:Idiom 144/1711, BLEU=78.606, %=0.000
INFO:root:Idiom 172/1711, BLEU=78.860, %=1.000
INFO:root:Idiom 192/1711, BLEU=79.477, %=0.333
INFO:root:Sample 19 / 47
INFO:root:Sample 39 / 47
INFO:root:Idiom 219/1711, BLEU=83.039, %=0.319
INFO:root:Idiom 221/1711, BLEU=82.869, %=0.000
INFO:root:Idiom 228/1711, BLEU=83.601, %=0.000
INFO:root:Idiom 256/1711, BLEU=83.816, %=0.000
INFO:root:Idiom 297/1711, BLEU=83.991, %=0.000
INFO:root:Idiom 298/1711, BLEU=84.349, %=0.200
INFO:root:Idiom 302/1711, BLEU=83.808, %=0.000
INFO:root:Idiom 306/1711, BLEU=83.701, %=0.250
INFO:root:Idiom 309/1711, BLEU=83.776, %=0.000
INFO:root:Idiom 368/1711, BLEU=83.752, %=0.000
INFO:root:Idiom 388/1711, BLEU=83.338, %=0.000
INFO:root:Idiom 413/1711, BLEU=83.508, %=0.000
INFO:root:Idiom 443/1711, BLEU=83.538, %=1.000
INFO:root:Idiom 456/1711, BLEU=83.715, %=0.000
INFO:root:Idiom 466/1711, BLEU=84.161, %=0.000
INFO:root:Idiom 468/1711, BLEU=84.352, %=0.143
INFO:root:Idiom 489/1711, BLEU=84.203, %=0.500
INFO:root:Idiom 509/1711, BLEU=84.112, %=1.000
INFO:root:Idiom 519/1711, BLEU=83.631, %=0.556
INFO:root:Idiom 531/1711, BLEU=83.712, %=0.000
INFO:root:Idiom 558/1711, BLEU=83.768, %=0.000
INFO:root:Idiom 574/1711, BLEU=80.134, %=1.000
INFO:root:Idiom 587/1711, BLEU=81.807, %=0.000
INFO:root:Idiom 635/1711, BLEU=81.681, %=0.333
INFO:root:Idiom 643/1711, BLEU=81.641, %=0.000
INFO:root:Idiom 676/1711, BLEU=81.629, %=0.000
INFO:root:Idiom 698/1711, BLEU=81.658, %=0.000
INFO:root:Idiom 704/1711, BLEU=82.189, %=0.000
INFO:root:Sample 19 / 71
INFO:root:Sample 39 / 71
INFO:root:Sample 59 / 71
INFO:root:Idiom 708/1711, BLEU=85.204, %=0.014
INFO:root:Idiom 725/1711, BLEU=85.191, %=1.000
INFO:root:Sample 19 / 30
INFO:root:Idiom 736/1711, BLEU=85.953, %=0.033
INFO:root:Idiom 801/1711, BLEU=85.994, %=0.000
INFO:root:Idiom 839/1711, BLEU=85.863, %=1.000
INFO:root:Idiom 863/1711, BLEU=85.844, %=1.000
INFO:root:Idiom 869/1711, BLEU=85.899, %=0.000
INFO:root:Idiom 889/1711, BLEU=85.866, %=1.000
INFO:root:Idiom 895/1711, BLEU=85.998, %=0.188
INFO:root:Idiom 908/1711, BLEU=86.012, %=0.000
INFO:root:Idiom 920/1711, BLEU=86.115, %=0.000
INFO:root:Idiom 973/1711, BLEU=86.108, %=0.000
INFO:root:Sample 19 / 146
INFO:root:Sample 39 / 146
INFO:root:Sample 59 / 146
INFO:root:Sample 79 / 146
INFO:root:Sample 99 / 146
INFO:root:Sample 119 / 146
INFO:root:Sample 139 / 146
INFO:root:Idiom 1112/1711, BLEU=86.889, %=0.034
INFO:root:Idiom 1126/1711, BLEU=86.877, %=0.000
INFO:root:Idiom 1145/1711, BLEU=85.311, %=0.500
INFO:root:Idiom 1162/1711, BLEU=85.416, %=0.000
INFO:root:Idiom 1216/1711, BLEU=85.426, %=0.000
INFO:root:Idiom 1217/1711, BLEU=85.404, %=1.000
INFO:root:Idiom 1248/1711, BLEU=85.366, %=1.000
INFO:root:Idiom 1267/1711, BLEU=85.314, %=1.000
INFO:root:Idiom 1282/1711, BLEU=85.341, %=0.000
INFO:root:Idiom 1286/1711, BLEU=85.379, %=0.000
INFO:root:Idiom 1290/1711, BLEU=85.396, %=0.500
INFO:root:Idiom 1295/1711, BLEU=85.419, %=0.000
INFO:root:Idiom 1323/1711, BLEU=85.460, %=0.250
INFO:root:Sample 19 / 75
INFO:root:Sample 39 / 75
INFO:root:Sample 59 / 75
INFO:root:Idiom 1343/1711, BLEU=86.341, %=0.027
INFO:root:Idiom 1410/1711, BLEU=85.225, %=0.286
INFO:root:Idiom 1412/1711, BLEU=85.240, %=0.000
INFO:root:Idiom 1423/1711, BLEU=85.168, %=0.000
INFO:root:Idiom 1435/1711, BLEU=84.357, %=1.000
INFO:root:Idiom 1451/1711, BLEU=84.352, %=1.000
INFO:root:Idiom 1463/1711, BLEU=84.374, %=0.000
INFO:root:Idiom 1473/1711, BLEU=84.335, %=1.000
INFO:root:Idiom 1501/1711, BLEU=84.316, %=1.000
INFO:root:Idiom 1514/1711, BLEU=84.319, %=0.000
INFO:root:Idiom 1566/1711, BLEU=84.330, %=0.000
INFO:root:Idiom 1572/1711, BLEU=84.330, %=0.000
INFO:root:Idiom 1574/1711, BLEU=84.209, %=0.000
INFO:root:Idiom 1610/1711, BLEU=84.186, %=0.556
INFO:root:Idiom 1647/1711, BLEU=84.142, %=1.000
INFO:root:Idiom 1650/1711, BLEU=84.148, %=0.000
INFO:root:Sample 19 / 21
INFO:root:Idiom 1703/1711, BLEU=84.414, %=0.190
INFO:root:Idiom 1711/1711, BLEU=84.441, %=0.000
INFO:root:Idiom 0/1698, BLEU=50.568, %=0.500
INFO:root:Sample 19 / 96
INFO:root:Sample 39 / 96
INFO:root:Sample 59 / 96
INFO:root:Sample 79 / 96
INFO:root:Idiom 6/1698, BLEU=84.486, %=0.052
INFO:root:Idiom 12/1698, BLEU=84.554, %=0.000
INFO:root:Idiom 26/1698, BLEU=84.970, %=0.167
INFO:root:Idiom 34/1698, BLEU=85.220, %=0.000
INFO:root:Idiom 54/1698, BLEU=85.396, %=0.167
INFO:root:Idiom 80/1698, BLEU=85.389, %=0.250
INFO:root:Idiom 123/1698, BLEU=85.185, %=1.000
INFO:root:Idiom 170/1698, BLEU=84.658, %=0.500
INFO:root:Sample 19 / 118
INFO:root:Sample 39 / 118
INFO:root:Sample 59 / 118
INFO:root:Sample 79 / 118
INFO:root:Sample 99 / 118
INFO:root:Idiom 191/1698, BLEU=87.902, %=0.051
INFO:root:Idiom 194/1698, BLEU=87.957, %=0.000
INFO:root:Idiom 196/1698, BLEU=87.951, %=0.000
INFO:root:Idiom 205/1698, BLEU=88.001, %=0.000
INFO:root:Idiom 222/1698, BLEU=87.991, %=0.333
INFO:root:Idiom 227/1698, BLEU=88.011, %=0.000
INFO:root:Idiom 259/1698, BLEU=87.965, %=0.077
INFO:root:Sample 19 / 52
INFO:root:Sample 39 / 52
INFO:root:Idiom 262/1698, BLEU=88.166, %=0.154
INFO:root:Idiom 268/1698, BLEU=88.145, %=0.333
INFO:root:Idiom 291/1698, BLEU=88.167, %=0.000
INFO:root:Idiom 324/1698, BLEU=88.181, %=0.000
INFO:root:Idiom 343/1698, BLEU=88.290, %=0.000
INFO:root:Idiom 344/1698, BLEU=88.252, %=0.400
INFO:root:Idiom 356/1698, BLEU=88.281, %=0.000
INFO:root:Sample 19 / 20
INFO:root:Idiom 358/1698, BLEU=88.279, %=0.200
INFO:root:Idiom 360/1698, BLEU=88.319, %=0.000
INFO:root:Idiom 415/1698, BLEU=88.377, %=0.250
INFO:root:Idiom 441/1698, BLEU=88.421, %=0.000
INFO:root:Sample 19 / 35
INFO:root:Idiom 474/1698, BLEU=88.300, %=0.086
INFO:root:Idiom 505/1698, BLEU=88.278, %=0.000
INFO:root:Idiom 535/1698, BLEU=88.244, %=0.000
INFO:root:Idiom 540/1698, BLEU=88.152, %=0.667
INFO:root:Idiom 572/1698, BLEU=88.174, %=0.000
INFO:root:Idiom 624/1698, BLEU=88.281, %=0.000
INFO:root:Idiom 672/1698, BLEU=88.282, %=0.000
INFO:root:Idiom 681/1698, BLEU=88.256, %=0.000
INFO:root:Idiom 693/1698, BLEU=88.243, %=0.000
INFO:root:Idiom 718/1698, BLEU=88.250, %=0.000
INFO:root:Idiom 729/1698, BLEU=88.218, %=0.500
INFO:root:Idiom 734/1698, BLEU=88.158, %=0.000
INFO:root:Sample 19 / 170
INFO:root:Sample 39 / 170
INFO:root:Sample 59 / 170
INFO:root:Sample 79 / 170
INFO:root:Sample 99 / 170
INFO:root:Sample 119 / 170
INFO:root:Sample 139 / 170
INFO:root:Sample 159 / 170
INFO:root:Idiom 739/1698, BLEU=88.717, %=0.006
INFO:root:Sample 19 / 103
INFO:root:Sample 39 / 103
INFO:root:Sample 59 / 103
INFO:root:Sample 79 / 103
INFO:root:Sample 99 / 103
INFO:root:Idiom 751/1698, BLEU=87.745, %=0.039
INFO:root:Idiom 781/1698, BLEU=87.752, %=0.000
INFO:root:Idiom 825/1698, BLEU=87.773, %=0.000
INFO:root:Idiom 841/1698, BLEU=87.734, %=0.357
INFO:root:Idiom 873/1698, BLEU=87.713, %=1.000
INFO:root:Idiom 917/1698, BLEU=87.713, %=0.200
INFO:root:Idiom 922/1698, BLEU=87.711, %=0.000
INFO:root:Idiom 981/1698, BLEU=87.748, %=0.100
INFO:root:Idiom 1004/1698, BLEU=87.753, %=0.000
INFO:root:Sample 19 / 63
INFO:root:Sample 39 / 63
INFO:root:Sample 59 / 63
INFO:root:Idiom 1011/1698, BLEU=87.519, %=0.270
INFO:root:Idiom 1016/1698, BLEU=87.540, %=0.000
INFO:root:Idiom 1022/1698, BLEU=87.553, %=0.000
INFO:root:Idiom 1039/1698, BLEU=87.550, %=0.000
INFO:root:Idiom 1046/1698, BLEU=87.559, %=0.000
INFO:root:Idiom 1054/1698, BLEU=87.568, %=0.000
INFO:root:Idiom 1056/1698, BLEU=87.567, %=0.500
INFO:root:Idiom 1059/1698, BLEU=87.470, %=1.000
INFO:root:Idiom 1064/1698, BLEU=87.484, %=0.000
INFO:root:Idiom 1114/1698, BLEU=87.477, %=0.333
INFO:root:Idiom 1164/1698, BLEU=87.483, %=0.000
INFO:root:Idiom 1178/1698, BLEU=87.518, %=0.000
INFO:root:Idiom 1179/1698, BLEU=87.526, %=0.000
INFO:root:Idiom 1187/1698, BLEU=87.399, %=1.000
INFO:root:Idiom 1209/1698, BLEU=87.390, %=0.000
INFO:root:Idiom 1289/1698, BLEU=87.411, %=0.000
INFO:root:Idiom 1321/1698, BLEU=87.386, %=1.000
INFO:root:Idiom 1335/1698, BLEU=87.405, %=0.000
INFO:root:Idiom 1366/1698, BLEU=87.349, %=0.500
INFO:root:Idiom 1376/1698, BLEU=87.376, %=0.000
INFO:root:Idiom 1378/1698, BLEU=87.382, %=0.000
INFO:root:Idiom 1488/1698, BLEU=87.412, %=0.000
INFO:root:Idiom 1489/1698, BLEU=87.265, %=0.111
INFO:root:Idiom 1504/1698, BLEU=87.249, %=0.182
INFO:root:Idiom 1515/1698, BLEU=87.261, %=0.000
INFO:root:Idiom 1538/1698, BLEU=87.280, %=0.000
INFO:root:Idiom 1583/1698, BLEU=87.275, %=0.000
INFO:root:Idiom 1605/1698, BLEU=87.272, %=0.500
INFO:root:Idiom 1620/1698, BLEU=87.166, %=0.714
INFO:root:Idiom 1630/1698, BLEU=87.152, %=0.222
INFO:root:Idiom 1654/1698, BLEU=87.108, %=0.500
INFO:root:Idiom 1698/1698, BLEU=87.118, %=0.000
INFO:root:BLEU = 86.620, % idioms = 0.20983880181225784
{'act of god': 0.0, 'at your fingertips': 0.23076923076923073, 'bear in mind': 0.09473684210526312, 'blaze a trail': 0.5, 'bring someone to book': 0.0, 'by a long shot': 0.0, 'by dint of': 0.02564102564102566, 'call it a day': 0.07999999999999996, 'carry the day': 0.0, 'claim to fame': 0.0, 'clean house': 0.0, 'cold feet': 0.0, 'come to a head': 0.19999999999999996, 'come to mind': 0.07079646017699115, 'cut both ways': 0.30000000000000004, 'cut corners': 0.33333333333333337, 'do a runner': 0.1428571428571429, 'do me a favour': 0.0, "don't hold your breath": 0.0, 'down the hatch': 0.0, 'face to face': 0.014285714285714235, 'feel the pinch': 0.18181818181818177, 'fight tooth and nail': 0.0, 'fly off the handle': 0.0, 'full tilt': 0.0, 'gather dust': 0.0, 'get a grip': 0.0, 'get to grips with': 0.011235955056179803, 'go bananas': 0.0, 'go halves': 0.5, 'go places': 0.2222222222222222, 'go the distance': 0.0, 'hammer and tongs': 1.0, 'hard as nails': 1.0, 'hit the sack': 0.0, 'hold your horses': 0.0, 'in light of': 0.25, 'in the driving seat': 0.0, 'in the pipeline': 0.4, 'in your sights': 0.0, 'keep a low profile': 0.0, 'keep someone in the dark': 0.4, 'keep the peace': 1.0, 'kick ass': 0.25, 'laughing stock': 0.18518518518518523, 'live wire': 0.0, 'lose face': 0.0, 'make a pitch': 0.0, 'muddy the waters': 0.0, 'off the beaten track': 0.0, 'off the shelf': 0.0, 'on the hop': 0.19999999999999996, 'on the mend': 0.1071428571428571, 'on the same page': 1.0, 'on the take': 0.25, 'on the trot': 0.5, 'out of sight, out of mind': 0.0, 'out of sorts': 0.16666666666666663, 'out of the picture': 0.33333333333333337, 'pass the buck': 0.0, 'pick up the pieces': 0.0, 'piss and vinegar': 1.0, 'play hookey': 0.0, 'press the flesh': 0.0, 'put someone in mind of': 0.6, 'read between the lines': 0.0, 'ring off the hook': 0.0, 'save face': 0.0, "save someone's skin": 1.0, 'small print': 0.015625, 'take a leak': 0.0, 'take root': 0.2727272727272727, 'take stock': 0.00877192982456143, 'take the plunge': 0.6666666666666667, 'to the hilt': 0.15384615384615385, 'tongue in cheek': 0.0, 'turn tail': 0.16666666666666663, 'turn up trumps': 1.0, 'up sticks': 0.0, 'warts and all': 1.0, 'within living memory': 0.0, 'around the clock': 0.5, 'basket case': 0.0, 'beat about the bush': 0.0, 'beg the question': 0.0, 'behind the scenes': 0.037735849056603765, 'bits and bobs': 0.0, 'break new ground': 0.5, 'call the shots': 0.0, 'carrot and stick': 0.0, 'cock a snook': 0.33333333333333337, 'come to grips with': 0.04255319148936165, 'come to terms with': 0.006535947712418277, 'come up trumps': 0.0, 'curry favour': 0.0, 'down in the mouth': 1.0, 'err on the side of': 0.6666666666666667, 'food for thought': 0.0, 'get a move on': 0.0, 'get a rise out of': 0.0, "get on someone's wick": 1.0, "get up someone's nose": 1.0, 'go to seed': 0.33333333333333337, 'grasp the nettle': 0.0, "grease someone's palm": 0.0, 'hands down': 0.0, 'have a ball': 0.0, 'have it both ways': 0.0, 'head over heels': 0.19999999999999996, 'hit the road': 0.0, 'in no uncertain terms': 0.09999999999999998, 'in tandem': 0.11864406779661019, 'in the final analysis': 0.06451612903225812, 'in the hole': 0.0, 'in the sticks': 0.0, 'jockey for position': 0.0, 'jump to conclusions': 0.0, 'kick the habit': 0.0, 'lame duck': 0.0, 'leave no stone unturned': 0.0, 'look on the bright side': 0.6666666666666667, 'make a move': 0.06451612903225812, 'make the cut': 0.1428571428571429, 'neck of the woods': 0.0, 'no laughing matter': 0.2727272727272727, 'not give a fig': 0.0, 'on board': 0.0, 'on edge': 0.5, "on someone's mind": 0.13636363636363635, 'out of kilter': 1.0, 'out of your mind': 0.0, 'out on a limb': 0.15384615384615385, 'over the moon': 0.6666666666666667, 'pass muster': 0.0, 'pay the piper': 0.16666666666666663, 'point the finger': 0.06666666666666665, 'quick as a flash': 0.5, 'ring a bell': 0.33333333333333337, 'rise to the occasion': 0.0, 'rough edges': 0.0, 'rub shoulders': 0.0, 'run out of steam': 0.25, 'set your sights on': 0.0, 'slip of the tongue': 1.0, 'spring to mind': 0.11904761904761907, 'stake a claim': 0.0, 'stick in your craw': 0.0, 'swings and roundabouts': 1.0, 'take a back seat': 0.0, 'take a dim view of': 0.09090909090909094, 'take a shine to': 0.0, 'take liberties': 0.5, 'take the liberty': 0.6666666666666667, "there's the rub": 0.0, 'to a nicety': 0.0, 'to the tune of': 0.04166666666666663, 'turn the screw': 0.5, 'under the microscope': 0.33333333333333337, 'up to speed': 0.0, 'up to the hilt': 0.25, 'when push comes to shove': 1.0, 'work to rule': 0.0, 'against the grain': 0.0, 'argue the toss': 0.0, 'as luck would have it': 0.0, 'at loggerheads': 0.33333333333333337, 'at the end of the day': 0.0, 'beyond the pale': 0.0625, 'bite the dust': 0.0, 'body blow': 0.0, 'brownie point': 1.0, 'by hook or by crook': 0.33333333333333337, "catch someone's eye": 0.3191489361702128, 'champ at the bit': 0.0, 'cheek by jowl': 0.0, 'come a cropper': 0.0, 'cry wolf': 0.0, 'crystal clear': 0.19999999999999996, 'cut a dash': 0.0, 'cut and thrust': 0.25, 'cut from the same cloth': 0.0, 'draw the short straw': 0.0, 'easy as pie': 0.0, 'fair game': 0.0, 'fit the bill': 1.0, "follow in someone's footsteps": 0.0, 'for keeps': 0.0, 'for the hell of it': 0.1428571428571429, 'full whack': 0.5, "get someone's back up": 1.0, 'get to the bottom of': 0.5555555555555556, 'give it a whirl': 0.0, 'go great guns': 0.0, 'go through the motions': 1.0, 'good offices': 0.0, 'have the hots for': 0.33333333333333337, 'hear things': 0.0, 'hold the purse strings': 0.0, 'in a rut': 0.0, 'in cahoots': 0.0, 'in full swing': 0.014084507042253502, 'in the buff': 1.0, 'in the flesh': 0.033333333333333326, 'keep your fingers crossed': 0.0, 'laugh like a drain': 1.0, 'lie through your teeth': 1.0, 'like clockwork': 0.0, 'lose heart': 1.0, 'make a go of': 0.1875, 'make hay': 0.0, 'make the grade': 0.0, 'no great shakes': 0.0, 'out of the question': 0.03424657534246578, 'over your head': 0.0, 'perish the thought': 0.5, 'play ball': 0.0, 'put a damper on': 0.0, 'put a foot wrong': 1.0, 'rain cats and dogs': 1.0, 'ride herd on': 1.0, 'rock the boat': 0.0, 'rough and tumble': 0.0, 'round the clock': 0.5, 'rule of thumb': 0.0, 'seal of approval': 0.25, 'set eyes on': 0.026666666666666616, 'speak your mind': 0.2857142857142857, 'spill the beans': 0.0, 'square the circle': 0.0, "steal someone's thunder": 1.0, 'streets ahead': 1.0, 'sweet nothings': 0.0, 'take a dive': 1.0, 'take the gilt off the gingerbread': 1.0, 'talk shop': 0.0, 'thumb your nose at': 0.0, 'tip the scales': 0.0, 'tit for tat': 0.0, 'turn a blind eye': 0.5555555555555556, 'up for grabs': 1.0, 'up shit creek': 0.0, 'with a view to': 0.19047619047619047, 'without fail': 0.0, "a hair's breadth": 0.5, 'across the board': 0.05208333333333337, 'ahead of the game': 0.0, 'all things being equal': 0.16666666666666663, "anyone's guess": 0.0, 'at cross purposes': 0.16666666666666663, 'be my guest': 0.25, 'bite the bullet': 1.0, 'bring up the rear': 0.5, 'by heart': 0.05084745762711862, 'by no stretch of the imagination': 0.0, 'by the book': 0.0, "call someone's bluff": 0.0, 'change hands': 0.33333333333333337, 'chase your tail': 0.0, 'come full circle': 0.07692307692307687, 'come of age': 0.15384615384615385, 'come to grief': 0.33333333333333337, 'cross my heart': 0.0, 'dead meat': 0.0, 'do the right thing': 0.0, 'do the trick': 0.4, 'down in the dumps': 0.0, 'down the drain': 0.19999999999999996, 'down the road': 0.0, 'fall by the wayside': 0.25, 'fit as a fiddle': 0.0, 'free rein': 0.08571428571428574, 'get off the ground': 0.0, 'give someone grief': 0.0, 'give someone the slip': 0.6666666666666667, 'go the whole hog': 0.0, 'have an eye for': 0.0, 'hold court': 0.0, 'hold your tongue': 0.0, "how's tricks?": 0.0, 'in stitches': 0.0, 'in the dock': 0.5, 'in the fast lane': 0.0, 'in the long run': 0.00588235294117645, 'in the short run': 0.03883495145631066, 'jump the track': 0.0, 'kiss ass': 0.0, 'lay a finger on': 0.3571428571428571, 'live a lie': 1.0, 'make short work of': 0.19999999999999996, 'make waves': 0.0, 'no strings attached': 0.09999999999999998, 'nutty as a fruitcake': 0.0, 'off the hook': 0.2698412698412699, 'off the wall': 0.0, 'on a roll': 0.0, 'on the cards': 0.0, 'on the fly': 0.0, 'on the lam': 0.0, 'on the make': 0.5, 'on the nod': 1.0, 'on the ropes': 0.0, 'out of the woods': 0.33333333333333337, 'play for keeps': 0.0, 'pleased as punch': 0.0, 'poacher turned gamekeeper': 0.0, 'power behind the throne': 1.0, 'pump iron': 0.0, 'round the bend': 0.0, 'scratch the surface': 1.0, 'seize the day': 0.0, 'sick to death': 0.5, 'sitting duck': 0.0, 'six feet under': 0.0, 'take someone for a ride': 0.0, 'take someone to task': 0.11111111111111116, 'take the piss': 0.18181818181818177, 'talk the talk': 0.0, 'the plot thickens': 0.0, 'to the bone': 0.0, 'tread the boards': 0.5, 'turn the tables': 0.7142857142857143, 'under fire': 0.2222222222222222, 'up the spout': 0.5, 'win the day': 0.0}
