INFO:root:{'hidden_layers': [1, 2, 3, 4], 'attention_layers': [], 'hidden_labels': [1], 'attention_labels': [0, 1], 'start': 0, 'stop': 1726, 'step': 1, 'baseline': False, 'filename': 'attention.pickle', 'folds': [0, 1, 2, 3], 'gather_attention': False}
INFO:root:Seed: 1
INFO:root:Sample 49 / 1726
INFO:root:Sample 99 / 1726
INFO:root:Sample 149 / 1726
INFO:root:Sample 199 / 1726
INFO:root:Sample 249 / 1726
INFO:root:Sample 299 / 1726
INFO:root:Sample 349 / 1726
INFO:root:Sample 399 / 1726
INFO:root:Sample 449 / 1726
INFO:root:Sample 499 / 1726
INFO:root:Sample 549 / 1726
INFO:root:Sample 599 / 1726
INFO:root:Sample 649 / 1726
INFO:root:Sample 699 / 1726
INFO:root:Sample 749 / 1726
INFO:root:Sample 799 / 1726
INFO:root:Sample 849 / 1726
INFO:root:Sample 899 / 1726
INFO:root:Sample 949 / 1726
INFO:root:Sample 999 / 1726
INFO:root:Sample 1049 / 1726
INFO:root:Sample 1099 / 1726
INFO:root:Sample 1149 / 1726
INFO:root:Sample 1199 / 1726
INFO:root:Sample 1249 / 1726
INFO:root:Sample 1299 / 1726
INFO:root:Sample 1349 / 1726
INFO:root:Sample 1399 / 1726
INFO:root:Sample 1449 / 1726
INFO:root:Sample 1499 / 1726
INFO:root:Sample 1549 / 1726
INFO:root:Sample 1599 / 1726
INFO:root:Sample 1649 / 1726
INFO:root:Sample 1699 / 1726
INFO:root:Idiom 7/1710, BLEU=79.904, %=1.000
INFO:root:Idiom 65/1710, BLEU=71.130, %=0.923
INFO:root:Sample 19 / 95
INFO:root:Sample 39 / 95
INFO:root:Sample 59 / 95
INFO:root:Sample 79 / 95
INFO:root:Idiom 82/1710, BLEU=85.499, %=0.158
INFO:root:Idiom 129/1710, BLEU=84.971, %=1.000
INFO:root:Idiom 168/1710, BLEU=84.905, %=0.500
INFO:root:Idiom 188/1710, BLEU=84.901, %=0.000
INFO:root:Sample 19 / 39
INFO:root:Idiom 190/1710, BLEU=84.588, %=0.282
INFO:root:Sample 19 / 25
INFO:root:Idiom 202/1710, BLEU=84.129, %=0.520
INFO:root:Idiom 212/1710, BLEU=84.128, %=1.000
INFO:root:Idiom 237/1710, BLEU=84.190, %=0.000
INFO:root:Idiom 239/1710, BLEU=84.146, %=1.000
INFO:root:Idiom 254/1710, BLEU=84.291, %=0.000
INFO:root:Sample 19 / 60
INFO:root:Sample 39 / 60
INFO:root:Sample 59 / 60
INFO:root:Idiom 266/1710, BLEU=83.688, %=0.533
INFO:root:Sample 19 / 113
INFO:root:Sample 39 / 113
INFO:root:Sample 59 / 113
INFO:root:Sample 79 / 113
INFO:root:Sample 99 / 113
INFO:root:Idiom 270/1710, BLEU=84.340, %=0.071
INFO:root:Idiom 307/1710, BLEU=84.386, %=0.700
INFO:root:Idiom 308/1710, BLEU=84.302, %=0.222
INFO:root:Idiom 338/1710, BLEU=84.199, %=0.500
INFO:root:Sample 19 / 22
INFO:root:Idiom 339/1710, BLEU=84.358, %=0.091
INFO:root:Idiom 349/1710, BLEU=84.326, %=1.000
INFO:root:Idiom 359/1710, BLEU=84.273, %=0.000
INFO:root:Sample 19 / 70
INFO:root:Sample 39 / 70
INFO:root:Sample 59 / 70
INFO:root:Idiom 411/1710, BLEU=84.613, %=0.157
INFO:root:Idiom 428/1710, BLEU=84.654, %=0.455
INFO:root:Idiom 432/1710, BLEU=84.632, %=0.500
INFO:root:Idiom 452/1710, BLEU=84.640, %=0.000
INFO:root:Idiom 488/1710, BLEU=84.678, %=0.000
INFO:root:Idiom 492/1710, BLEU=84.672, %=0.000
INFO:root:Idiom 493/1710, BLEU=84.505, %=0.333
INFO:root:Sample 19 / 89
INFO:root:Sample 39 / 89
INFO:root:Sample 59 / 89
INFO:root:Sample 79 / 89
INFO:root:Idiom 518/1710, BLEU=84.440, %=0.292
INFO:root:Idiom 546/1710, BLEU=83.642, %=0.071
INFO:root:Idiom 559/1710, BLEU=83.627, %=0.000
INFO:root:Idiom 565/1710, BLEU=83.667, %=0.333
INFO:root:Idiom 570/1710, BLEU=83.684, %=0.500
INFO:root:Idiom 604/1710, BLEU=83.681, %=0.000
INFO:root:Idiom 611/1710, BLEU=83.675, %=1.000
INFO:root:Idiom 668/1710, BLEU=83.676, %=0.500
INFO:root:Idiom 679/1710, BLEU=83.638, %=0.400
INFO:root:Idiom 711/1710, BLEU=83.806, %=0.750
INFO:root:Idiom 732/1710, BLEU=83.830, %=0.000
INFO:root:Idiom 745/1710, BLEU=83.698, %=0.800
INFO:root:Idiom 763/1710, BLEU=83.725, %=0.000
INFO:root:Sample 19 / 29
INFO:root:Idiom 786/1710, BLEU=83.558, %=0.724
INFO:root:Idiom 791/1710, BLEU=83.563, %=0.800
INFO:root:Idiom 794/1710, BLEU=83.615, %=0.000
INFO:root:Idiom 810/1710, BLEU=83.622, %=0.500
INFO:root:Sample 19 / 27
INFO:root:Idiom 840/1710, BLEU=83.787, %=0.037
INFO:root:Idiom 878/1710, BLEU=83.804, %=0.000
INFO:root:Idiom 888/1710, BLEU=83.817, %=0.000
INFO:root:Idiom 903/1710, BLEU=83.914, %=0.000
INFO:root:Idiom 952/1710, BLEU=83.803, %=1.000
INFO:root:Idiom 1009/1710, BLEU=83.829, %=0.000
INFO:root:Idiom 1014/1710, BLEU=83.843, %=0.000
INFO:root:Idiom 1049/1710, BLEU=83.829, %=0.000
INFO:root:Sample 19 / 28
INFO:root:Idiom 1057/1710, BLEU=83.591, %=0.429
INFO:root:Idiom 1066/1710, BLEU=83.588, %=1.000
INFO:root:Idiom 1074/1710, BLEU=83.522, %=1.000
INFO:root:Idiom 1075/1710, BLEU=83.540, %=0.000
INFO:root:Idiom 1106/1710, BLEU=83.538, %=1.000
INFO:root:Idiom 1107/1710, BLEU=83.487, %=0.056
INFO:root:Idiom 1111/1710, BLEU=83.532, %=0.333
INFO:root:Idiom 1137/1710, BLEU=83.487, %=0.500
INFO:root:Idiom 1149/1710, BLEU=83.494, %=0.000
INFO:root:Idiom 1155/1710, BLEU=83.485, %=0.000
INFO:root:Idiom 1169/1710, BLEU=83.495, %=0.000
INFO:root:Idiom 1191/1710, BLEU=83.473, %=1.000
INFO:root:Idiom 1222/1710, BLEU=83.555, %=0.000
INFO:root:Idiom 1258/1710, BLEU=83.499, %=1.000
INFO:root:Idiom 1275/1710, BLEU=83.524, %=0.000
INFO:root:Idiom 1313/1710, BLEU=83.706, %=0.000
INFO:root:Idiom 1315/1710, BLEU=83.706, %=1.000
INFO:root:Sample 19 / 64
INFO:root:Sample 39 / 64
INFO:root:Sample 59 / 64
INFO:root:Idiom 1394/1710, BLEU=84.339, %=0.109
INFO:root:Idiom 1477/1710, BLEU=84.325, %=0.000
INFO:root:Idiom 1487/1710, BLEU=84.338, %=0.545
INFO:root:Sample 19 / 114
INFO:root:Sample 39 / 114
INFO:root:Sample 59 / 114
INFO:root:Sample 79 / 114
INFO:root:Sample 99 / 114
INFO:root:Idiom 1493/1710, BLEU=85.044, %=0.044
INFO:root:Idiom 1505/1710, BLEU=85.057, %=0.667
INFO:root:Idiom 1584/1710, BLEU=84.983, %=0.462
INFO:root:Idiom 1590/1710, BLEU=84.995, %=0.000
INFO:root:Idiom 1616/1710, BLEU=85.008, %=0.000
INFO:root:Idiom 1623/1710, BLEU=84.991, %=0.000
INFO:root:Idiom 1651/1710, BLEU=85.000, %=0.000
INFO:root:Idiom 1675/1710, BLEU=85.007, %=0.000
INFO:root:Idiom 1710/1710, BLEU=85.019, %=0.000
INFO:root:Idiom 39/1714, BLEU=80.050, %=0.000
INFO:root:Idiom 76/1714, BLEU=89.904, %=0.000
INFO:root:Idiom 84/1714, BLEU=91.152, %=0.250
INFO:root:Idiom 95/1714, BLEU=90.364, %=0.000
INFO:root:Sample 19 / 106
INFO:root:Sample 39 / 106
INFO:root:Sample 59 / 106
INFO:root:Sample 79 / 106
INFO:root:Sample 99 / 106
INFO:root:Idiom 102/1714, BLEU=91.537, %=0.019
INFO:root:Idiom 127/1714, BLEU=91.504, %=0.000
INFO:root:Idiom 158/1714, BLEU=91.825, %=0.000
INFO:root:Sample 19 / 26
INFO:root:Idiom 206/1714, BLEU=87.819, %=0.000
INFO:root:Idiom 209/1714, BLEU=87.653, %=0.000
INFO:root:Idiom 250/1714, BLEU=87.559, %=0.000
INFO:root:Sample 19 / 47
INFO:root:Sample 39 / 47
INFO:root:Idiom 269/1714, BLEU=86.479, %=0.149
INFO:root:Sample 19 / 153
INFO:root:Sample 39 / 153
INFO:root:Sample 59 / 153
INFO:root:Sample 79 / 153
INFO:root:Sample 99 / 153
INFO:root:Sample 119 / 153
INFO:root:Sample 139 / 153
INFO:root:Idiom 271/1714, BLEU=84.616, %=0.007
INFO:root:Idiom 276/1714, BLEU=84.600, %=0.000
INFO:root:Idiom 301/1714, BLEU=84.566, %=1.000
INFO:root:Idiom 357/1714, BLEU=84.584, %=1.000
INFO:root:Idiom 398/1714, BLEU=84.515, %=0.667
INFO:root:Idiom 459/1714, BLEU=84.600, %=0.250
INFO:root:Sample 19 / 52
INFO:root:Sample 39 / 52
INFO:root:Idiom 496/1714, BLEU=84.346, %=0.173
INFO:root:Idiom 497/1714, BLEU=84.364, %=0.000
INFO:root:Idiom 508/1714, BLEU=84.360, %=0.000
INFO:root:Idiom 521/1714, BLEU=84.229, %=1.000
INFO:root:Idiom 576/1714, BLEU=84.295, %=0.000
INFO:root:Idiom 591/1714, BLEU=84.089, %=0.250
INFO:root:Idiom 592/1714, BLEU=84.063, %=1.000
INFO:root:Idiom 607/1714, BLEU=84.034, %=0.000
INFO:root:Idiom 614/1714, BLEU=84.149, %=0.000
INFO:root:Sample 19 / 20
INFO:root:Idiom 626/1714, BLEU=84.093, %=0.100
INFO:root:Idiom 640/1714, BLEU=84.045, %=0.000
INFO:root:Idiom 667/1714, BLEU=84.027, %=1.000
INFO:root:Sample 19 / 20
INFO:root:Idiom 714/1714, BLEU=83.909, %=0.100
INFO:root:Sample 19 / 59
INFO:root:Sample 39 / 59
INFO:root:Idiom 719/1714, BLEU=84.171, %=0.339
INFO:root:Sample 19 / 31
INFO:root:Idiom 735/1714, BLEU=84.400, %=0.548
INFO:root:Idiom 737/1714, BLEU=84.366, %=1.000
INFO:root:Idiom 753/1714, BLEU=84.360, %=1.000
INFO:root:Idiom 773/1714, BLEU=84.318, %=1.000
INFO:root:Idiom 783/1714, BLEU=84.365, %=0.000
INFO:root:Idiom 813/1714, BLEU=84.437, %=0.000
INFO:root:Idiom 835/1714, BLEU=84.664, %=0.500
INFO:root:Idiom 847/1714, BLEU=84.658, %=0.000
INFO:root:Idiom 885/1714, BLEU=84.635, %=0.333
INFO:root:Sample 19 / 31
INFO:root:Idiom 900/1714, BLEU=84.707, %=0.419
INFO:root:Idiom 919/1714, BLEU=84.685, %=0.143
INFO:root:Idiom 960/1714, BLEU=84.718, %=0.000
INFO:root:Idiom 975/1714, BLEU=84.660, %=0.455
INFO:root:Idiom 989/1714, BLEU=84.628, %=0.167
INFO:root:Idiom 1026/1714, BLEU=84.757, %=0.000
INFO:root:Idiom 1028/1714, BLEU=84.778, %=0.000
INFO:root:Sample 19 / 66
INFO:root:Sample 39 / 66
INFO:root:Sample 59 / 66
INFO:root:Idiom 1031/1714, BLEU=84.864, %=0.212
INFO:root:Idiom 1101/1714, BLEU=84.868, %=0.000
INFO:root:Sample 19 / 20
INFO:root:Idiom 1118/1714, BLEU=85.030, %=0.000
INFO:root:Idiom 1119/1714, BLEU=84.958, %=0.077
INFO:root:Idiom 1124/1714, BLEU=84.944, %=0.333
INFO:root:Idiom 1136/1714, BLEU=84.919, %=0.444
INFO:root:Idiom 1139/1714, BLEU=84.829, %=0.833
INFO:root:Idiom 1180/1714, BLEU=85.087, %=0.333
INFO:root:Idiom 1244/1714, BLEU=85.082, %=1.000
INFO:root:Idiom 1274/1714, BLEU=85.094, %=0.167
INFO:root:Idiom 1279/1714, BLEU=85.086, %=0.000
INFO:root:Idiom 1288/1714, BLEU=84.984, %=1.000
INFO:root:Idiom 1291/1714, BLEU=84.971, %=0.000
INFO:root:Idiom 1302/1714, BLEU=84.986, %=0.250
INFO:root:Idiom 1345/1714, BLEU=84.968, %=0.333
INFO:root:Idiom 1387/1714, BLEU=84.990, %=0.000
INFO:root:Sample 19 / 42
INFO:root:Sample 39 / 42
INFO:root:Idiom 1422/1714, BLEU=84.693, %=0.310
INFO:root:Idiom 1425/1714, BLEU=84.677, %=0.000
INFO:root:Idiom 1440/1714, BLEU=84.688, %=0.000
INFO:root:Idiom 1468/1714, BLEU=84.670, %=1.000
INFO:root:Idiom 1469/1714, BLEU=84.664, %=0.000
INFO:root:Idiom 1472/1714, BLEU=84.666, %=0.091
INFO:root:Idiom 1479/1714, BLEU=84.684, %=0.000
INFO:root:Idiom 1485/1714, BLEU=84.654, %=0.500
INFO:root:Idiom 1502/1714, BLEU=84.665, %=0.333
INFO:root:Idiom 1545/1714, BLEU=84.649, %=0.667
INFO:root:Idiom 1575/1714, BLEU=84.660, %=0.000
INFO:root:Sample 19 / 24
INFO:root:Idiom 1588/1714, BLEU=84.629, %=0.333
INFO:root:Idiom 1619/1714, BLEU=84.639, %=0.500
INFO:root:Idiom 1634/1714, BLEU=84.668, %=0.000
INFO:root:Idiom 1660/1714, BLEU=84.752, %=0.100
INFO:root:Idiom 1661/1714, BLEU=84.712, %=0.000
INFO:root:Idiom 1691/1714, BLEU=84.726, %=0.000
INFO:root:Idiom 1714/1714, BLEU=84.732, %=0.000
INFO:root:Idiom 10/1711, BLEU=88.791, %=0.167
INFO:root:Idiom 37/1711, BLEU=87.014, %=0.167
INFO:root:Idiom 43/1711, BLEU=78.422, %=0.667
INFO:root:Idiom 58/1711, BLEU=84.319, %=0.111
INFO:root:Idiom 64/1711, BLEU=84.800, %=0.000
INFO:root:Idiom 116/1711, BLEU=87.531, %=0.000
INFO:root:Idiom 124/1711, BLEU=87.738, %=1.000
INFO:root:Idiom 144/1711, BLEU=87.813, %=0.000
INFO:root:Idiom 172/1711, BLEU=88.087, %=1.000
INFO:root:Idiom 192/1711, BLEU=87.987, %=0.333
INFO:root:Sample 19 / 47
INFO:root:Sample 39 / 47
INFO:root:Idiom 219/1711, BLEU=83.646, %=0.894
INFO:root:Idiom 221/1711, BLEU=83.206, %=0.200
INFO:root:Idiom 228/1711, BLEU=83.799, %=0.000
INFO:root:Idiom 256/1711, BLEU=83.281, %=0.000
INFO:root:Idiom 297/1711, BLEU=83.374, %=0.000
INFO:root:Idiom 298/1711, BLEU=84.515, %=0.100
INFO:root:Idiom 302/1711, BLEU=84.710, %=0.000
INFO:root:Idiom 306/1711, BLEU=84.380, %=0.500
INFO:root:Idiom 309/1711, BLEU=84.450, %=0.000
INFO:root:Idiom 368/1711, BLEU=84.441, %=0.000
INFO:root:Idiom 388/1711, BLEU=84.372, %=0.000
INFO:root:Idiom 413/1711, BLEU=84.459, %=0.000
INFO:root:Idiom 443/1711, BLEU=84.310, %=1.000
INFO:root:Idiom 456/1711, BLEU=84.015, %=1.000
INFO:root:Idiom 466/1711, BLEU=83.677, %=0.400
INFO:root:Idiom 468/1711, BLEU=83.440, %=0.571
INFO:root:Idiom 489/1711, BLEU=83.428, %=1.000
INFO:root:Idiom 509/1711, BLEU=83.319, %=1.000
INFO:root:Idiom 519/1711, BLEU=82.110, %=0.778
INFO:root:Idiom 531/1711, BLEU=82.097, %=0.000
INFO:root:Idiom 558/1711, BLEU=82.157, %=0.000
INFO:root:Idiom 574/1711, BLEU=83.138, %=0.000
INFO:root:Idiom 587/1711, BLEU=84.787, %=0.000
INFO:root:Idiom 635/1711, BLEU=84.595, %=0.000
INFO:root:Idiom 643/1711, BLEU=84.565, %=0.000
INFO:root:Idiom 676/1711, BLEU=84.375, %=0.500
INFO:root:Idiom 698/1711, BLEU=84.477, %=1.000
INFO:root:Idiom 704/1711, BLEU=84.109, %=0.545
INFO:root:Sample 19 / 71
INFO:root:Sample 39 / 71
INFO:root:Sample 59 / 71
INFO:root:Idiom 708/1711, BLEU=86.810, %=0.056
INFO:root:Idiom 725/1711, BLEU=86.764, %=0.000
INFO:root:Sample 19 / 30
INFO:root:Idiom 736/1711, BLEU=86.446, %=0.700
INFO:root:Idiom 801/1711, BLEU=86.406, %=0.500
INFO:root:Idiom 839/1711, BLEU=86.387, %=1.000
INFO:root:Idiom 863/1711, BLEU=86.430, %=1.000
INFO:root:Idiom 869/1711, BLEU=86.483, %=0.000
INFO:root:Idiom 889/1711, BLEU=86.475, %=1.000
INFO:root:Idiom 895/1711, BLEU=86.241, %=0.438
INFO:root:Idiom 908/1711, BLEU=86.168, %=0.000
INFO:root:Idiom 920/1711, BLEU=86.242, %=0.500
INFO:root:Idiom 973/1711, BLEU=86.218, %=0.000
INFO:root:Sample 19 / 146
INFO:root:Sample 39 / 146
INFO:root:Sample 59 / 146
INFO:root:Sample 79 / 146
INFO:root:Sample 99 / 146
INFO:root:Sample 119 / 146
INFO:root:Sample 139 / 146
INFO:root:Idiom 1112/1711, BLEU=84.192, %=0.548
INFO:root:Idiom 1126/1711, BLEU=84.214, %=0.000
INFO:root:Idiom 1145/1711, BLEU=84.492, %=0.000
INFO:root:Idiom 1162/1711, BLEU=84.649, %=0.000
INFO:root:Idiom 1216/1711, BLEU=84.584, %=0.000
INFO:root:Idiom 1217/1711, BLEU=84.541, %=1.000
INFO:root:Idiom 1248/1711, BLEU=84.565, %=0.000
INFO:root:Idiom 1267/1711, BLEU=84.591, %=1.000
INFO:root:Idiom 1282/1711, BLEU=84.618, %=0.000
INFO:root:Idiom 1286/1711, BLEU=84.686, %=0.000
INFO:root:Idiom 1290/1711, BLEU=84.633, %=0.750
INFO:root:Idiom 1295/1711, BLEU=84.616, %=0.000
INFO:root:Idiom 1323/1711, BLEU=84.601, %=0.750
INFO:root:Sample 19 / 75
INFO:root:Sample 39 / 75
INFO:root:Sample 59 / 75
INFO:root:Idiom 1343/1711, BLEU=84.851, %=0.173
INFO:root:Idiom 1410/1711, BLEU=85.044, %=0.857
INFO:root:Idiom 1412/1711, BLEU=85.059, %=0.000
INFO:root:Idiom 1423/1711, BLEU=85.078, %=0.000
INFO:root:Idiom 1435/1711, BLEU=84.878, %=0.000
INFO:root:Idiom 1451/1711, BLEU=84.860, %=1.000
INFO:root:Idiom 1463/1711, BLEU=84.830, %=0.167
INFO:root:Idiom 1473/1711, BLEU=84.804, %=1.000
INFO:root:Idiom 1501/1711, BLEU=84.775, %=0.000
INFO:root:Idiom 1514/1711, BLEU=84.759, %=0.500
INFO:root:Idiom 1566/1711, BLEU=84.694, %=1.000
INFO:root:Idiom 1572/1711, BLEU=84.673, %=0.500
INFO:root:Idiom 1574/1711, BLEU=84.504, %=0.000
INFO:root:Idiom 1610/1711, BLEU=84.255, %=0.556
INFO:root:Idiom 1647/1711, BLEU=84.279, %=0.000
INFO:root:Idiom 1650/1711, BLEU=84.284, %=0.000
INFO:root:Sample 19 / 21
INFO:root:Idiom 1703/1711, BLEU=84.166, %=0.476
INFO:root:Idiom 1711/1711, BLEU=84.098, %=0.571
INFO:root:Idiom 0/1698, BLEU=91.533, %=0.000
INFO:root:Sample 19 / 96
INFO:root:Sample 39 / 96
INFO:root:Sample 59 / 96
INFO:root:Sample 79 / 96
INFO:root:Idiom 6/1698, BLEU=83.136, %=0.229
INFO:root:Idiom 12/1698, BLEU=83.426, %=0.500
INFO:root:Idiom 26/1698, BLEU=83.061, %=0.500
INFO:root:Idiom 34/1698, BLEU=82.859, %=1.000
INFO:root:Idiom 54/1698, BLEU=82.822, %=0.833
INFO:root:Idiom 80/1698, BLEU=82.840, %=0.250
INFO:root:Idiom 123/1698, BLEU=82.727, %=1.000
INFO:root:Idiom 170/1698, BLEU=82.884, %=0.500
INFO:root:Sample 19 / 118
INFO:root:Sample 39 / 118
INFO:root:Sample 59 / 118
INFO:root:Sample 79 / 118
INFO:root:Sample 99 / 118
INFO:root:Idiom 191/1698, BLEU=84.497, %=0.568
INFO:root:Idiom 194/1698, BLEU=84.568, %=0.000
INFO:root:Idiom 196/1698, BLEU=84.472, %=0.500
INFO:root:Idiom 205/1698, BLEU=84.538, %=0.000
INFO:root:Idiom 222/1698, BLEU=84.569, %=0.333
INFO:root:Idiom 227/1698, BLEU=84.595, %=0.000
INFO:root:Idiom 259/1698, BLEU=84.361, %=0.923
INFO:root:Sample 19 / 52
INFO:root:Sample 39 / 52
INFO:root:Idiom 262/1698, BLEU=84.940, %=0.365
INFO:root:Idiom 268/1698, BLEU=84.859, %=0.667
INFO:root:Idiom 291/1698, BLEU=84.788, %=1.000
INFO:root:Idiom 324/1698, BLEU=84.807, %=0.000
INFO:root:Idiom 343/1698, BLEU=84.985, %=0.091
INFO:root:Idiom 344/1698, BLEU=84.940, %=0.600
INFO:root:Idiom 356/1698, BLEU=84.984, %=0.500
INFO:root:Sample 19 / 20
INFO:root:Idiom 358/1698, BLEU=85.034, %=0.550
INFO:root:Idiom 360/1698, BLEU=85.122, %=0.600
INFO:root:Idiom 415/1698, BLEU=85.191, %=0.750
INFO:root:Idiom 441/1698, BLEU=85.190, %=0.500
INFO:root:Sample 19 / 35
INFO:root:Idiom 474/1698, BLEU=85.223, %=0.029
INFO:root:Idiom 505/1698, BLEU=85.268, %=0.000
INFO:root:Idiom 535/1698, BLEU=85.260, %=1.000
INFO:root:Idiom 540/1698, BLEU=85.167, %=1.000
INFO:root:Idiom 572/1698, BLEU=85.149, %=0.000
INFO:root:Idiom 624/1698, BLEU=85.354, %=0.000
INFO:root:Idiom 672/1698, BLEU=85.274, %=1.000
INFO:root:Idiom 681/1698, BLEU=85.242, %=0.308
INFO:root:Idiom 693/1698, BLEU=85.224, %=1.000
INFO:root:Idiom 718/1698, BLEU=85.196, %=1.000
INFO:root:Idiom 729/1698, BLEU=85.108, %=1.000
INFO:root:Idiom 734/1698, BLEU=85.075, %=0.000
INFO:root:Sample 19 / 170
INFO:root:Sample 39 / 170
INFO:root:Sample 59 / 170
INFO:root:Sample 79 / 170
INFO:root:Sample 99 / 170
INFO:root:Sample 119 / 170
INFO:root:Sample 139 / 170
INFO:root:Sample 159 / 170
INFO:root:Idiom 739/1698, BLEU=85.275, %=0.065
INFO:root:Sample 19 / 103
INFO:root:Sample 39 / 103
INFO:root:Sample 59 / 103
INFO:root:Sample 79 / 103
INFO:root:Sample 99 / 103
INFO:root:Idiom 751/1698, BLEU=85.083, %=0.184
INFO:root:Idiom 781/1698, BLEU=85.091, %=0.000
INFO:root:Idiom 825/1698, BLEU=85.093, %=0.500
INFO:root:Idiom 841/1698, BLEU=84.895, %=0.571
INFO:root:Idiom 873/1698, BLEU=84.884, %=1.000
INFO:root:Idiom 917/1698, BLEU=84.835, %=0.200
INFO:root:Idiom 922/1698, BLEU=84.822, %=0.000
INFO:root:Idiom 981/1698, BLEU=84.808, %=0.500
INFO:root:Idiom 1004/1698, BLEU=84.804, %=0.000
INFO:root:Sample 19 / 63
INFO:root:Sample 39 / 63
INFO:root:Sample 59 / 63
INFO:root:Idiom 1011/1698, BLEU=84.602, %=0.413
INFO:root:Idiom 1016/1698, BLEU=84.578, %=1.000
INFO:root:Idiom 1022/1698, BLEU=84.593, %=0.000
INFO:root:Idiom 1039/1698, BLEU=84.553, %=1.000
INFO:root:Idiom 1046/1698, BLEU=84.514, %=0.333
INFO:root:Idiom 1054/1698, BLEU=84.524, %=0.000
INFO:root:Idiom 1056/1698, BLEU=84.529, %=0.500
INFO:root:Idiom 1059/1698, BLEU=84.581, %=0.667
INFO:root:Idiom 1064/1698, BLEU=84.568, %=0.000
INFO:root:Idiom 1114/1698, BLEU=84.559, %=1.000
INFO:root:Idiom 1164/1698, BLEU=84.566, %=0.000
INFO:root:Idiom 1178/1698, BLEU=84.600, %=0.000
INFO:root:Idiom 1179/1698, BLEU=84.026, %=1.000
INFO:root:Idiom 1187/1698, BLEU=83.904, %=1.000
INFO:root:Idiom 1209/1698, BLEU=83.897, %=0.000
INFO:root:Idiom 1289/1698, BLEU=83.924, %=0.000
INFO:root:Idiom 1321/1698, BLEU=83.912, %=0.000
INFO:root:Idiom 1335/1698, BLEU=83.914, %=1.000
INFO:root:Idiom 1366/1698, BLEU=83.916, %=0.500
INFO:root:Idiom 1376/1698, BLEU=83.940, %=0.333
INFO:root:Idiom 1378/1698, BLEU=83.961, %=0.500
INFO:root:Idiom 1488/1698, BLEU=83.959, %=1.000
INFO:root:Idiom 1489/1698, BLEU=83.861, %=0.278
INFO:root:Idiom 1504/1698, BLEU=83.847, %=0.364
INFO:root:Idiom 1515/1698, BLEU=83.862, %=0.000
INFO:root:Idiom 1538/1698, BLEU=83.886, %=0.000
INFO:root:Idiom 1583/1698, BLEU=83.851, %=0.500
INFO:root:Idiom 1605/1698, BLEU=83.874, %=0.000
INFO:root:Idiom 1620/1698, BLEU=83.820, %=0.429
INFO:root:Idiom 1630/1698, BLEU=83.843, %=0.333
INFO:root:Idiom 1654/1698, BLEU=83.830, %=0.000
INFO:root:Idiom 1698/1698, BLEU=83.819, %=1.000
INFO:root:BLEU = 84.417, % idioms = 0.35099970177178336
{'act of god': 1.0, 'at your fingertips': 0.9230769230769231, 'bear in mind': 0.1578947368421053, 'blaze a trail': 1.0, 'bring someone to book': 0.5, 'by a long shot': 0.0, 'by dint of': 0.28205128205128205, 'call it a day': 0.52, 'carry the day': 1.0, 'claim to fame': 0.0, 'clean house': 1.0, 'cold feet': 0.0, 'come to a head': 0.5333333333333333, 'come to mind': 0.07079646017699115, 'cut both ways': 0.7, 'cut corners': 0.2222222222222222, 'do a runner': 0.5, 'do me a favour': 0.09090909090909094, "don't hold your breath": 1.0, 'down the hatch': 0.0, 'face to face': 0.15714285714285714, 'feel the pinch': 0.4545454545454546, 'fight tooth and nail': 0.5, 'fly off the handle': 0.0, 'full tilt': 0.0, 'gather dust': 0.0, 'get a grip': 0.33333333333333337, 'get to grips with': 0.2921348314606742, 'go bananas': 0.0714285714285714, 'go halves': 0.0, 'go places': 0.33333333333333337, 'go the distance': 0.5, 'hammer and tongs': 0.0, 'hard as nails': 1.0, 'hit the sack': 0.5, 'hold your horses': 0.4, 'in light of': 0.75, 'in the driving seat': 0.0, 'in the pipeline': 0.8, 'in your sights': 0.0, 'keep a low profile': 0.7241379310344828, 'keep someone in the dark': 0.8, 'keep the peace': 0.0, 'kick ass': 0.5, 'laughing stock': 0.03703703703703709, 'live wire': 0.0, 'lose face': 0.0, 'make a pitch': 0.0, 'muddy the waters': 1.0, 'off the beaten track': 0.0, 'off the shelf': 0.0, 'on the hop': 0.0, 'on the mend': 0.4285714285714286, 'on the same page': 1.0, 'on the take': 1.0, 'on the trot': 0.0, 'out of sight, out of mind': 1.0, 'out of sorts': 0.05555555555555558, 'out of the picture': 0.33333333333333337, 'pass the buck': 0.5, 'pick up the pieces': 0.0, 'piss and vinegar': 0.0, 'play hookey': 0.0, 'press the flesh': 1.0, 'put someone in mind of': 0.0, 'read between the lines': 1.0, 'ring off the hook': 0.0, 'save face': 0.0, "save someone's skin": 1.0, 'small print': 0.109375, 'take a leak': 0.0, 'take root': 0.5454545454545454, 'take stock': 0.04385964912280704, 'take the plunge': 0.6666666666666667, 'to the hilt': 0.46153846153846156, 'tongue in cheek': 0.0, 'turn tail': 0.0, 'turn up trumps': 0.0, 'up sticks': 0.0, 'warts and all': 0.0, 'within living memory': 0.0, 'around the clock': 0.0, 'basket case': 0.0, 'beat about the bush': 0.25, 'beg the question': 0.0, 'behind the scenes': 0.018867924528301883, 'bits and bobs': 0.0, 'break new ground': 0.0, 'call the shots': 0.0, 'carrot and stick': 0.0, 'cock a snook': 0.0, 'come to grips with': 0.14893617021276595, 'come to terms with': 0.006535947712418277, 'come up trumps': 0.0, 'curry favour': 1.0, 'down in the mouth': 1.0, 'err on the side of': 0.6666666666666667, 'food for thought': 0.25, 'get a move on': 0.17307692307692313, 'get a rise out of': 0.0, "get on someone's wick": 0.0, "get up someone's nose": 1.0, 'go to seed': 0.0, 'grasp the nettle': 0.25, "grease someone's palm": 1.0, 'hands down': 0.0, 'have a ball': 0.0, 'have it both ways': 0.09999999999999998, 'head over heels': 0.0, 'hit the road': 1.0, 'in no uncertain terms': 0.09999999999999998, 'in tandem': 0.3389830508474576, 'in the final analysis': 0.5483870967741935, 'in the hole': 1.0, 'in the sticks': 1.0, 'jockey for position': 1.0, 'jump to conclusions': 0.0, 'kick the habit': 0.0, 'lame duck': 0.5, 'leave no stone unturned': 0.0, 'look on the bright side': 0.33333333333333337, 'make a move': 0.4193548387096774, 'make the cut': 0.1428571428571429, 'neck of the woods': 0.0, 'no laughing matter': 0.4545454545454546, 'not give a fig': 0.16666666666666663, 'on board': 0.0, 'on edge': 0.0, "on someone's mind": 0.21212121212121215, 'out of kilter': 0.0, 'out of your mind': 0.0, 'out on a limb': 0.07692307692307687, 'over the moon': 0.33333333333333337, 'pass muster': 0.4444444444444444, 'pay the piper': 0.8333333333333334, 'point the finger': 0.33333333333333337, 'quick as a flash': 1.0, 'ring a bell': 0.16666666666666663, 'rise to the occasion': 0.0, 'rough edges': 1.0, 'rub shoulders': 0.0, 'run out of steam': 0.25, 'set your sights on': 0.33333333333333337, 'slip of the tongue': 0.0, 'spring to mind': 0.30952380952380953, 'stake a claim': 0.0, 'stick in your craw': 0.0, 'swings and roundabouts': 1.0, 'take a back seat': 0.0, 'take a dim view of': 0.09090909090909094, 'take a shine to': 0.0, 'take liberties': 0.5, 'take the liberty': 0.33333333333333337, "there's the rub": 0.6666666666666667, 'to a nicety': 0.0, 'to the tune of': 0.33333333333333337, 'turn the screw': 0.5, 'under the microscope': 0.0, 'up to speed': 0.09999999999999998, 'up to the hilt': 0.0, 'when push comes to shove': 0.0, 'work to rule': 0.0, 'against the grain': 0.16666666666666663, 'argue the toss': 0.16666666666666663, 'as luck would have it': 0.6666666666666667, 'at loggerheads': 0.11111111111111116, 'at the end of the day': 0.0, 'beyond the pale': 0.0, 'bite the dust': 1.0, 'body blow': 0.0, 'brownie point': 1.0, 'by hook or by crook': 0.33333333333333337, "catch someone's eye": 0.8936170212765957, 'champ at the bit': 0.19999999999999996, 'cheek by jowl': 0.0, 'come a cropper': 0.0, 'cry wolf': 0.0, 'crystal clear': 0.09999999999999998, 'cut a dash': 0.0, 'cut and thrust': 0.5, 'cut from the same cloth': 0.0, 'draw the short straw': 0.0, 'easy as pie': 0.0, 'fair game': 0.0, 'fit the bill': 1.0, "follow in someone's footsteps": 1.0, 'for keeps': 0.4, 'for the hell of it': 0.5714285714285714, 'full whack': 1.0, "get someone's back up": 1.0, 'get to the bottom of': 0.7777777777777778, 'give it a whirl': 0.0, 'go great guns': 0.0, 'go through the motions': 0.0, 'good offices': 0.0, 'have the hots for': 0.0, 'hear things': 0.0, 'hold the purse strings': 0.5, 'in a rut': 1.0, 'in cahoots': 0.5454545454545454, 'in full swing': 0.05633802816901412, 'in the buff': 0.0, 'in the flesh': 0.7, 'keep your fingers crossed': 0.5, 'laugh like a drain': 1.0, 'lie through your teeth': 1.0, 'like clockwork': 0.0, 'lose heart': 1.0, 'make a go of': 0.4375, 'make hay': 0.0, 'make the grade': 0.5, 'no great shakes': 0.0, 'out of the question': 0.547945205479452, 'over your head': 0.0, 'perish the thought': 0.0, 'play ball': 0.0, 'put a damper on': 0.0, 'put a foot wrong': 1.0, 'rain cats and dogs': 0.0, 'ride herd on': 1.0, 'rock the boat': 0.0, 'rough and tumble': 0.0, 'round the clock': 0.75, 'rule of thumb': 0.0, 'seal of approval': 0.75, 'set eyes on': 0.17333333333333334, 'speak your mind': 0.8571428571428572, 'spill the beans': 0.0, 'square the circle': 0.0, "steal someone's thunder": 0.0, 'streets ahead': 1.0, 'sweet nothings': 0.16666666666666663, 'take a dive': 1.0, 'take the gilt off the gingerbread': 0.0, 'talk shop': 0.5, 'thumb your nose at': 1.0, 'tip the scales': 0.5, 'tit for tat': 0.0, 'turn a blind eye': 0.5555555555555556, 'up for grabs': 0.0, 'up shit creek': 0.0, 'with a view to': 0.47619047619047616, 'without fail': 0.5714285714285714, "a hair's breadth": 0.0, 'across the board': 0.22916666666666663, 'ahead of the game': 0.5, 'all things being equal': 0.5, "anyone's guess": 1.0, 'at cross purposes': 0.8333333333333334, 'be my guest': 0.25, 'bite the bullet': 1.0, 'bring up the rear': 0.5, 'by heart': 0.5677966101694916, 'by no stretch of the imagination': 0.0, 'by the book': 0.5, "call someone's bluff": 0.0, 'change hands': 0.33333333333333337, 'chase your tail': 0.0, 'come full circle': 0.9230769230769231, 'come of age': 0.3653846153846154, 'come to grief': 0.6666666666666667, 'cross my heart': 1.0, 'dead meat': 0.0, 'do the right thing': 0.09090909090909094, 'do the trick': 0.6, 'down in the dumps': 0.5, 'down the drain': 0.55, 'down the road': 0.6, 'fall by the wayside': 0.75, 'fit as a fiddle': 0.5, 'free rein': 0.02857142857142858, 'get off the ground': 0.0, 'give someone grief': 1.0, 'give someone the slip': 1.0, 'go the whole hog': 0.0, 'have an eye for': 0.0, 'hold court': 1.0, 'hold your tongue': 0.3076923076923077, "how's tricks?": 1.0, 'in stitches': 1.0, 'in the dock': 1.0, 'in the fast lane': 0.0, 'in the long run': 0.06470588235294117, 'in the short run': 0.18446601941747576, 'jump the track': 0.0, 'kiss ass': 0.5, 'lay a finger on': 0.5714285714285714, 'live a lie': 1.0, 'make short work of': 0.19999999999999996, 'make waves': 0.0, 'no strings attached': 0.5, 'nutty as a fruitcake': 0.0, 'off the hook': 0.4126984126984127, 'off the wall': 1.0, 'on a roll': 0.0, 'on the cards': 1.0, 'on the fly': 0.33333333333333337, 'on the lam': 0.0, 'on the make': 0.5, 'on the nod': 0.6666666666666667, 'on the ropes': 0.0, 'out of the woods': 1.0, 'play for keeps': 0.0, 'pleased as punch': 0.0, 'poacher turned gamekeeper': 1.0, 'power behind the throne': 1.0, 'pump iron': 0.0, 'round the bend': 0.0, 'scratch the surface': 0.0, 'seize the day': 1.0, 'sick to death': 0.5, 'sitting duck': 0.33333333333333337, 'six feet under': 0.5, 'take someone for a ride': 1.0, 'take someone to task': 0.2777777777777778, 'take the piss': 0.36363636363636365, 'talk the talk': 0.0, 'the plot thickens': 0.0, 'to the bone': 0.5, 'tread the boards': 0.0, 'turn the tables': 0.4285714285714286, 'under fire': 0.33333333333333337, 'up the spout': 0.0, 'win the day': 1.0}
